[04.08.24 12:25:51] ALL [ElfDagger] mm
[04.08.24 12:47:08] ALL [ElfMago] 2222222222222222222222222
[04.08.24 17:31:06] ALL [ElfMago] 212121
[04.08.24 17:50:59] ALL [OozzY] 11111
[04.08.24 17:51:02] ALL [OozzY] opa
[04.08.24 17:51:02] ALL [ADMTKD] kkk
[04.08.24 17:51:04] ALL [ADMTKD] fala dele
[04.08.24 17:51:21] ALL [OozzY] bora para os testes
[04.08.24 17:55:16] ALL [ADMTKD] vc precisa entrar discord
[04.08.24 17:55:20] ALL [ADMTKD] mais rapido
[04.08.24 17:56:06] ALL [ADMTKD] pq vc esta andando?
[04.08.24 19:50:53] ALL [BigK] 2
[04.08.24 22:50:13] ALL [DarkElfMago]   m
[04.08.24 23:01:40] ALL [karma] 2
[04.08.24 23:04:46] ALL [OzzY] b
[04.08.24 23:04:57] ALL [ADMTKD] e o ss?
[04.08.24 23:05:15] ALL [OzzY] nao  peguei ainda
[04.08.24 23:05:31] ALL [ADMTKD] tem que vir farmar aqui nesse level
[04.08.24 23:06:06] ALL [ADMTKD] pega ai
[04.08.24 23:06:38] ALL [ADMTKD] pega a gara
[04.08.24 23:07:27] ALL [ADMTKD] deixa farmando em short rang
[04.08.24 23:07:34] ALL [ADMTKD] aqui nao precisa nem sair da sala rsrs
[04.08.24 23:07:48] ALL [ADMTKD] short range ele nao vai pra longe
[04.08.24 23:14:06] SHOUT [Elfdagger] alguem ai?
[04.08.24 23:44:21] ALL [Elfdagger] bora matar o boss ali
[04.08.24 23:44:29] ALL [OzzY] bora
[04.08.24 23:44:38] ALLIANCE [Elfdagger] pt
[04.08.24 23:44:42] ALL [Elfdagger] pt
[04.08.24 23:45:07] ALL [Elfdagger] aff 
[04.08.24 23:45:10] ALL [Elfdagger] da cancel saporra
[04.08.24 23:47:07] ALL [DarkElfMago] pt
[04.08.24 23:51:04] ALL [Elfdagger] deu muita xp nao
[04.08.24 23:51:13] ALL [OzzY] deu nao 
[04.08.24 23:51:29] ALL [OzzY] vou comrpa uma arma melhor 
[04.08.24 23:52:14] PARTY [OzzY] sem conta q me debuffo quase tudo 
[04.08.24 23:52:15] PARTY [OzzY] kk
