[05.08.24 01:54:00] ALL [evanger] 100b312
[05.08.24 16:15:24] SHOUT [ElfDagger] alguem on?
[05.08.24 16:40:23] ALL [Chupador] entra discord
[05.08.24 16:40:27] ALL [Chupador] que estou la
[05.08.24 16:47:53] SHOUT [XxZinaxX] OLA
[05.08.24 16:48:44] ALL [XxZinaxX] DEU BOM
[05.08.24 16:48:52] ALL [Chupador] liga ele aqui
[05.08.24 16:48:55] ALL [Chupador] top
[05.08.24 16:48:56] ALL [XxZinaxX] LIGUEI
[05.08.24 16:49:01] ALL [XxZinaxX] LA DE NTRO NUM VAI MESMO NAO
[05.08.24 16:49:06] ALL [Chupador] nao
[05.08.24 16:49:17] ALL [XxZinaxX] como arrumo o chat?
[05.08.24 16:49:23] ALL [Chupador] e na dos orc  vc tem que sair fora da cidade
[05.08.24 16:49:27] ALL [Chupador] se nao nao pega tabm
[05.08.24 16:49:46] ALL [XxZinaxX] como arrumo o chat
[05.08.24 16:49:54] ALL [XxZinaxX] pra aparecer o dano em cima
[05.08.24 16:49:58] ALL [XxZinaxX] pq ta tudo junto
[05.08.24 16:49:59] ALL [Chupador] vai no martelinho
[05.08.24 16:50:12] ALL [Chupador] e onde diz
[05.08.24 16:50:13] ALL [XxZinaxX] e a gora
[05.08.24 16:50:21] ALL [Chupador] System vc desmarca tudo
[05.08.24 16:51:06] ALL [XxZinaxX] agora nao aparece o dano em cima 
[05.08.24 16:51:14] ALL [XxZinaxX] so aparece o chat de conversa
[05.08.24 16:51:25] ALL [Chupador] entra discord muito mais rapido
[05.08.24 16:51:38] ALL [XxZinaxX] vou baixar aqui
[05.08.24 16:52:07] ALL [XxZinaxX] é quNTOS X?
[05.08.24 16:53:01] ALL [Chupador] 1x
[05.08.24 16:53:29] ALL [Chupador] aperta alt + t
[05.08.24 16:53:34] ALL [XxZinaxX] NO CASO É SERVDIDOR CRAFT?
[05.08.24 16:53:38] ALL [Chupador] e distribui os pontos em wit
[05.08.24 16:53:52] ALL [Chupador] esse é so teste para vcs me ajudar
[05.08.24 16:54:07] ALL [Chupador] sim sera 1x Crafter PvE/farm
[05.08.24 16:54:41] ALL [XxZinaxX] ENTENDI DEMAIS
[05.08.24 16:54:57] ALL [XxZinaxX] EU SO HORRIVEL EM CRAFT MAS VAMOS VER SE DA BOM
[05.08.24 16:55:30] ALL [XxZinaxX] ONDE COMPRO SS NO GRAD?
[05.08.24 16:55:40] ALL [Chupador] nas cidades
[05.08.24 16:56:00] ALL [XxZinaxX] SO TEM GRAD D PRA CIMA NO MERCHANT
[05.08.24 16:56:20] ALL [Chupador] pega qui
[05.08.24 16:56:37] ALL [Chupador] nao no npc
[05.08.24 16:56:50] ALL [Chupador] aquilo ali eu fiz as precas ontem para ajudar vcs
[05.08.24 16:56:50] ALL [XxZinaxX] NO MAGYC SHOP?
[05.08.24 16:57:06] ALL [Chupador] na verdade tudo que existe eu que adicionei rsrs vem LIMPO
[05.08.24 16:57:11] ALL [Chupador] grocery
[05.08.24 16:57:25] ALL [XxZinaxX] DEMOROU
[05.08.24 16:57:30] ALL [Chupador] abre o alt+v que vai ligar automatico o ss
[05.08.24 16:57:33] ALL [Chupador] nao sei pq 
[05.08.24 16:57:38] ALL [Chupador] mas nao esta indo automatico
[05.08.24 16:58:00] ALL [Chupador] abre o eventory
[05.08.24 16:58:06] ALL [Chupador] alt+v
[05.08.24 16:58:16] ALL [XxZinaxX] ABRI
[05.08.24 16:58:23] ALL [Chupador] nao ligou ss automatico
[05.08.24 16:58:29] ALL [XxZinaxX] LIGOU
[05.08.24 16:58:33] ALL [Chupador] ha ta
[05.08.24 16:58:35] ALL [Chupador] eu nao vi
[05.08.24 16:58:46] ALL [XxZinaxX] TA INDO
[05.08.24 16:59:01] ALL [XxZinaxX] SO NAO ESTA GASTANDO TA 10 AINDA
[05.08.24 16:59:13] ALL [Chupador] ta podendo se buffar no alt+b
[05.08.24 16:59:28] ALL [Chupador] mas tem que estar em modo de pax
[05.08.24 16:59:32] ALL [Chupador] paz
[05.08.24 16:59:47] ALL [XxZinaxX] VOU TENTAR AQUI
[05.08.24 16:59:53] ALL [XxZinaxX] QUAL OPÇAO?
[05.08.24 17:00:02] ALL [Chupador] buffer
[05.08.24 17:00:13] ALL [XxZinaxX] SS
[05.08.24 17:00:24] ALL [XxZinaxX] MAS PROFILE 1 ,2 ,3 ,4
[05.08.24 17:00:39] ALL [Chupador] buffa fighter lvl 3 depois mago depois all song depois all dances
[05.08.24 17:01:11] ALL [XxZinaxX] DEU?
[05.08.24 17:01:19] ALL [Chupador] nao sei 
[05.08.24 17:01:21] ALL [Chupador] me diz vc
[05.08.24 17:01:24] ALL [XxZinaxX] MANDA PT
[05.08.24 17:01:40] ALL [Chupador] deu
[05.08.24 17:01:53] ALL [XxZinaxX] ESSES BUFFS TUDO MESMO?
[05.08.24 17:01:58] ALL [Chupador] mas vc buffou primeiro mago depois fight
[05.08.24 17:02:01] ALL [Chupador] e o contrario
[05.08.24 17:02:27] ALL [Chupador] fighter lvl 3 mago lvl 3 all song all dences
[05.08.24 17:02:47] ALL [Chupador] agora sim
[05.08.24 17:02:49] ALL [XxZinaxX] AGORA FOII
[05.08.24 17:02:54] ALL [Chupador] esta pronto para testar
[05.08.24 17:02:57] ALL [XxZinaxX] TODA FEZ FAZER ISSO ?
[05.08.24 17:03:07] ALL [Chupador] como assim?
[05.08.24 17:03:24] ALL [XxZinaxX] FIGHT LVL3 MAGO LVL3 ALL SONG E ALL DANCE?
[05.08.24 17:03:35] ALL [Chupador] vc nao entende de buff?
[05.08.24 17:03:54] ALL [XxZinaxX] CADA SERVIDOR É UM TIPO DE BUFF
[05.08.24 17:04:01] ALL [XxZinaxX] TEM UNS QUE NAO CABE ISSO TUDO 
[05.08.24 17:04:12] ALL [Chupador] sim mas vc tem que saber como se buffar de mago hahaahha
[05.08.24 17:04:12] ALL [XxZinaxX] TEM OUTROS QUE É 4 FILEIRA DE BUFF
[05.08.24 17:04:20] ALL [XxZinaxX] ISSO EU SEI 
[05.08.24 17:04:49] ALL [XxZinaxX] HATS FOCUS PRA MAGO É BOM PRA QUE?
[05.08.24 17:04:50] ALL [Chupador] se vc buffar primeiro de mago e depois de fighter vc vai sobcrever buffs de mago por fighter
[05.08.24 17:04:59] ALL [Chupador] como vc e mago deve comecar com fighter
[05.08.24 17:05:02] ALL [Chupador] e outra
[05.08.24 17:05:02] ALL [XxZinaxX] ENTENDI
[05.08.24 17:05:06] ALL [Chupador] isso é pra vc ser rapido
[05.08.24 17:05:12] ALL [XxZinaxX] ATAAAA
[05.08.24 17:05:19] ALL [XxZinaxX] NAO SABIA NAO UAI KKK
[05.08.24 17:05:22] ALL [Chupador] pq se quiser fazer seu macro com todos os buff tabm pode
[05.08.24 17:05:38] ALL [XxZinaxX] VOU BUFFAR ASSIM IGUAL TU FALOU MESMO
[05.08.24 17:05:56] ALL [Chupador] é provavelmente nao ira precisar de mais 
[05.08.24 17:06:11] ALL [Chupador] mas faz um macrozinho coloca todos e fica full buffado rsrs
[05.08.24 17:06:22] ALL [XxZinaxX] VOU FAZER AQUI UMA MACRO
[05.08.24 17:06:37] ALL [XxZinaxX] IGUAL AQUI É CRAF QUAL CLASS FAÇO PRIMEIRO?
[05.08.24 17:08:22] ALL [XxZinaxX] FAÇO SPOILER PRIMEIRO OU OQUE
[05.08.24 17:08:24] ALL [XxZinaxX] WL/
[05.08.24 17:08:39] ALL [XxZinaxX] MAGO MESMO?
[05.08.24 17:08:41] ALL [Chupador] nao pera la
[05.08.24 17:09:01] ALL [Chupador] vc entende que este é um server teste ne|?
[05.08.24 17:09:07] ALL [XxZinaxX] SIM SIM
[05.08.24 17:09:14] ALL [Chupador] entao pode criar qualquer coisa
[05.08.24 17:09:14] ALL [XxZinaxX] AI QUERO APRENDER FAZER OS BAGUI
[05.08.24 17:09:24] ALL [XxZinaxX] PQ NAO PASSEI DO GRAD B NO ULTIMO KK
[05.08.24 17:09:28] ALL [Chupador] vc pode ir no npc e por lvl 99 se vc kiser
[05.08.24 17:09:58] ALL [XxZinaxX] MAS SE EU COLOCAR 99 NAO VOU SABER UPAR QUANTO FICAR ON
[05.08.24 17:10:13] ALL [XxZinaxX] IGUAL TO LVL7
[05.08.24 17:10:13] ALL [Chupador] isso é
[05.08.24 17:10:22] ALL [XxZinaxX] SAIO DAQUI QUE LVL?
[05.08.24 17:10:39] ALL [Chupador] mas aqui vc vai anotar tudo que voce esta achando dificil ou incomodo
[05.08.24 17:10:50] ALL [Chupador] por exemplo assim pra vc entender
[05.08.24 17:10:50] ALL [XxZinaxX] SIM SIM
[05.08.24 17:11:07] ALL [Chupador] vc poderia anotar que ao iniciar nao da de ligar o autofarm nas areas safes hahaha
[05.08.24 17:11:20] ALL [Chupador] so nao precisa anotar pq ja sei e nao consigo arrumar
[05.08.24 17:11:26] ALL [Chupador] mas vc entendeu?
[05.08.24 17:11:48] ALL [Chupador] tudo aquilo que vc achar incomodo. ruim ou ate desnecessario vc anota
[05.08.24 17:11:55] ALL [XxZinaxX] VOU ANOTAR ISSO
[05.08.24 17:11:59] ALL [Chupador] e tudo aquilo que vc acha que seria legal vc anota tabm
[05.08.24 17:12:01] ALL [Chupador] tipo
[05.08.24 17:12:02] ALL [XxZinaxX] E TIPO ESSE DROP DE PEÇAS DE ROUPAS
[05.08.24 17:12:13] ALL [XxZinaxX] ACHO MEIO DESNESSESARIO CARI MUITAS PEÇAS
[05.08.24 17:12:19] ALL [Chupador] ah eu Zina acho legal ja comecar com 1kk de adena
[05.08.24 17:12:31] ALL [Chupador] e ai nos vai debater e ver se o que vc sugere tem logica
[05.08.24 17:13:26] SHOUT [Chupador]  realmente mas quando o servidor for retail. 1x isso vai ser importante pra fazer adena rsrsrs
[05.08.24 17:14:09] ALL [XxZinaxX] voltei 
[05.08.24 17:14:28] ALL [XxZinaxX] tipo como o servidor é 1x
[05.08.24 17:14:58] ALL [XxZinaxX] seria muito top o cara começar com um pouco de mana potion, mp potion e ss no grad
[05.08.24 17:14:59] ALL [Chupador] exatamente 
[05.08.24 17:15:27] ALL [XxZinaxX] adena vai variar do valor das roupas ss etc
[05.08.24 17:15:31] ALL [Chupador] quero ouvir tudo e qualquer coisa que vcs tem pra falar
[05.08.24 17:15:50] ALL [XxZinaxX] se for muito caro seria legal o cara ter um pouco de adena tambem
[05.08.24 17:16:03] ALL [XxZinaxX] mas so de arruma ss no grad mp potion hp potion ja tava lindo
[05.08.24 17:16:15] ALL [Chupador] vamo por todas as opinioes na mesa e debater
[05.08.24 17:16:39] ALL [XxZinaxX] tipo craft 
[05.08.24 17:16:45] ALL [XxZinaxX] eu sou um que nao sei nada
[05.08.24 17:17:23] ALL [XxZinaxX] seria top colocar craft e pra quem nao conseguer craftar comprar no npc por um item epecifico ou por aden
[05.08.24 17:19:19] ALL [Chupador] posso pensar nisso tambm, mas a principio nao tera nada neste sentido. mas é claro, tudo pode mudar
[05.08.24 17:20:07] ALL [XxZinaxX] entendo demais
[05.08.24 17:20:19] ALL [Chupador] quando vc ver a cara do server completa vc vai curtir.
[05.08.24 17:20:25] ALL [Chupador] eu sou jogador 
[05.08.24 17:20:27] ALL [XxZinaxX] mas a verdade de hoje em dia sao poucos que quer dedicar tempo em aprender e craftar 
[05.08.24 17:20:31] ALL [Chupador] eu sei muito bem o que encomoda
[05.08.24 17:20:34] ALL [XxZinaxX] maioria quer tudo mastigado
[05.08.24 17:20:56] ALL [XxZinaxX] esse itens no npc ajudaria muito em quem nao quer ou nao tem tempo
[05.08.24 17:20:58] ALL [Chupador] eu sou um que se nao tiver mastigado nao jogo
[05.08.24 17:21:32] ALL [XxZinaxX] eu tenho vontade de aprender
[05.08.24 17:21:40] ALL [XxZinaxX] igual quest de sub 
[05.08.24 17:21:45] ALL [Chupador] nunca é tarde pra comecar irmao
[05.08.24 17:21:45] ALL [XxZinaxX] nunca tinha feito
[05.08.24 17:21:50] ALL [XxZinaxX] parei na parte do baium
[05.08.24 17:21:55] ALL [Chupador] bora aprender a jogar, aqui
[05.08.24 17:22:01] ALL [Chupador] vai ser tudo mastigadinho
[05.08.24 17:22:02] ALL [XxZinaxX] porem depende demais de ajuda das pessoas
[05.08.24 17:22:11] ALL [XxZinaxX] sim sim
[05.08.24 17:22:18] ALL [Chupador] aqui vai ser meio assim oh
[05.08.24 17:22:27] ALL [Chupador] ahh eu nao sei craftar
[05.08.24 17:22:31] ALL [Chupador] nao tem problema
[05.08.24 17:22:38] ALL [Chupador] vc pode jogar solo matando bosses
[05.08.24 17:22:48] ALL [Chupador] e monstros e pegando seu item
[05.08.24 17:22:52] ALL [XxZinaxX] e como funciona esses boses
[05.08.24 17:22:56] ALL [Chupador] em nenhum outro servidor isso acontece
[05.08.24 17:22:57] ALL [XxZinaxX] tipo comecei agora
[05.08.24 17:23:19] ALL [Chupador] quando vc nao quer craftar em server crafter vc simplismente fica de fora e quita
[05.08.24 17:23:21] ALL [XxZinaxX] exemplo quero jogar solo sem ajuda
[05.08.24 17:23:25] ALL [XxZinaxX] começo por onde
[05.08.24 17:23:46] ALL [Chupador] hoje por ser server teste vc nao precisa de nada
[05.08.24 17:23:50] ALL [Chupador] tudo tem no npc
[05.08.24 17:23:54] ALL [Chupador] mas quando server abrir
[05.08.24 17:24:01] ALL [XxZinaxX] eu sei 
[05.08.24 17:24:01] ALL [Chupador] vc vai estar mais lento
[05.08.24 17:24:18] ALL [Chupador] por exemplo. vc vai ter que ficar matando estes mobs aqui ate lvl 7
[05.08.24 17:24:35] ALL [Chupador] depois vai ter que ir para as areas lvl 10 e assim por diante
[05.08.24 17:24:45] ALL [XxZinaxX] entendi 
[05.08.24 17:24:47] ALL [Chupador] vai cair adena vc vai na cidade e vai comprar top no grade
[05.08.24 17:24:59] ALL [XxZinaxX] no caso eu quero jogar solo crio de cara um titan?
[05.08.24 17:25:02] ALL [Chupador] e vc estando lvl 10 vc ja vai ter 11 pontos para adicionar onde quiser
[05.08.24 17:25:22] ALL [Chupador] cria o que vc quiser
[05.08.24 17:25:31] ALL [XxZinaxX] mas da pra matar os boses solo?
[05.08.24 17:25:39] ALL [Chupador] sim
[05.08.24 17:25:41] ALL [Chupador] vai dar 
[05.08.24 17:25:46] ALL [XxZinaxX] ate de mago mesmo?
[05.08.24 17:26:03] ALL [Chupador] é claro que se vc nao entende de server low rate vc vai sofrer um pouco
[05.08.24 17:26:12] ALL [Chupador] mas entra discord que eu te explico rapidao
[05.08.24 17:26:23] ALL [Chupador] pq enquanto estou aqui tenho que parar de editar
[05.08.24 17:26:29] ALL [Chupador] e isso me atrasa muito
[05.08.24 17:26:52] ALL [XxZinaxX] vou tentar entar agora
[05.08.24 17:28:37] ALL [XxZinaxX] to online la
