[07.08.24 15:36:27] ALL [becka] s
[07.08.24 15:44:42] SHOUT [XxZinaxXX] ALOO
[07.08.24 15:46:16] SHOUT [cabuloso]  oopa
[07.08.24 15:47:31] SHOUT [XxZinaxXX] TA DISCORD?
[07.08.24 15:47:45] SHOUT [becka]  nao 
[07.08.24 15:47:52] SHOUT [becka]  to no seriço 
[07.08.24 15:47:55] SHOUT [becka]  kk
[07.08.24 15:48:04] SHOUT [becka] seerviço 
[07.08.24 15:48:05] SHOUT [XxZinaxXX] O TELEPORT BOS AINDA NAO TA ATIVO NE?
[07.08.24 15:48:19] SHOUT [becka]  nao  so final de semana ]
[07.08.24 15:48:37] SHOUT [XxZinaxXX] ASSIM DEMOROU
[07.08.24 15:48:51] SHOUT [XxZinaxXX] VOU DEIXAR PRA MEXER NO TITAN QUANTO TIVER FUNFANDO
[07.08.24 15:49:14] SHOUT [XxZinaxXX] VOU CFRIAR UM OVER AQUI VER COMO TA OS HITS NOS MOBS
[07.08.24 15:50:07] SHOUT [XxZiinaxX] CRIEI
[07.08.24 15:52:05] SHOUT [cabuloso]  acabei de fazer um spel songer 
[07.08.24 15:52:12] SHOUT [cabuloso]  ta batendo bem 
[07.08.24 15:52:57] SHOUT [XxZiinaxX] OVER INICIAL SEM BUFF MORRE PROS GREMLIM
[07.08.24 15:53:09] SHOUT [cabuloso]  kkk foda 
[07.08.24 15:53:31] SHOUT [XxZiinaxX]  TA É DOIDO KKKK
[07.08.24 16:08:39] ALL [XxZiinaxX] ,ACV
[07.08.24 16:09:04] SHOUT [XxZiinaxX] QUAL OOMANDO APRE HP MP AUTOMATICO?
[07.08.24 16:09:46] SHOUT [XxZiinaxX] ACHEI
[07.08.24 17:26:15] SHOUT [XxZiinaxX] me upa prolvl 40 ai
[07.08.24 17:34:41] ALL [becka] dae
[07.08.24 17:34:54] ALL [XxZiinaxX] chama
[07.08.24 18:06:44] ALLIANCE [COVID19] //admin
