[06.08.24 00:02:15] SUCCESS ADMTKD[268541639] -> 40012 Global Gatekeeper admin_admin
[06.08.24 00:02:17] SUCCESS ADMTKD[268541639] -> 40012 Global Gatekeeper admin_itemcreate
[06.08.24 00:02:23] SUCCESS ADMTKD[268541639] -> ADMTKD[268541639] admin_create_item 57 9999999999999999
[06.08.24 00:03:12] SUCCESS ADMTKD[268541639] -> ADMTKD[268541639] admin_admin
[06.08.24 00:03:40] SUCCESS ADMTKD[268541639] -> ADMTKD[268541639] admin_admin
[06.08.24 00:03:42] SUCCESS ADMTKD[268541639] -> ADMTKD[268541639] admin_char_manage
[06.08.24 00:31:11] SUCCESS ADMTKD[268541639] -> ADMTKD[268541639] admin_admin
[06.08.24 00:31:13] SUCCESS ADMTKD[268541639] -> ADMTKD[268541639] admin_server admserver.htm
[06.08.24 00:31:14] SUCCESS ADMTKD[268541639] -> ADMTKD[268541639] admin_show_html reload.htm
[06.08.24 00:31:26] SUCCESS ADMTKD[268541639] -> ADMTKD[268541639] admin_reload_config
[06.08.24 00:32:00] SUCCESS ADMTKD[268541639] -> ADMTKD[268541639] admin_admin
[06.08.24 00:32:01] SUCCESS ADMTKD[268541639] -> ADMTKD[268541639] admin_server admserver.htm
[06.08.24 00:32:04] SUCCESS ADMTKD[268541639] -> ADMTKD[268541639] admin_show_html reload.htm
[06.08.24 00:34:52] SUCCESS ADMTKD[268541639] -> ADMTKD[268541639] admin_admin
[06.08.24 00:34:53] SUCCESS ADMTKD[268541639] -> ADMTKD[268541639] admin_char_manage
[06.08.24 00:34:54] SUCCESS ADMTKD[268541639] -> ADMTKD[268541639] admin_show_characters 0
[06.08.24 00:34:55] SUCCESS ADMTKD[268541639] -> ADMTKD[268541639] admin_admin
[06.08.24 00:34:56] SUCCESS ADMTKD[268541639] -> ADMTKD[268541639] admin_server admserver.htm
[06.08.24 00:34:56] SUCCESS ADMTKD[268541639] -> ADMTKD[268541639] admin_server_shutdown
[06.08.24 00:34:57] SUCCESS ADMTKD[268541639] -> ADMTKD[268541639] admin_server_restart 1
[06.08.24 00:39:04] SUCCESS ADMTKD[268541639] admin_admin
[06.08.24 00:39:05] SUCCESS ADMTKD[268541639] admin_server admserver.htm
[06.08.24 00:39:07] SUCCESS ADMTKD[268541639] admin_show_html reload.htm
[06.08.24 00:39:09] SUCCESS ADMTKD[268541639] admin_reload_config
[06.08.24 00:44:23] SUCCESS ADMTKD[268541639] admin_admin
[06.08.24 00:44:25] SUCCESS ADMTKD[268541639] admin_server admserver.htm
[06.08.24 00:44:27] SUCCESS ADMTKD[268541639] admin_show_html reload.htm
[06.08.24 00:44:28] SUCCESS ADMTKD[268541639] admin_reload_config
[06.08.24 00:44:52] SUCCESS ADMTKD[268541639] admin_admin
[06.08.24 00:44:58] SUCCESS ADMTKD[268541639] admin_server admserver.htm
[06.08.24 00:45:00] SUCCESS ADMTKD[268541639] admin_show_html reload.htm
[06.08.24 00:45:11] SUCCESS ADMTKD[268541639] admin_reload
[06.08.24 00:45:40] SUCCESS ADMTKD[268541639] admin_reload
[06.08.24 00:45:41] SUCCESS ADMTKD[268541639] admin_reload_config
[06.08.24 00:46:50] SUCCESS ADMTKD[268541639] admin_reload
[06.08.24 00:46:52] SUCCESS ADMTKD[268541639] admin_reload_config
[06.08.24 00:48:24] SUCCESS ADMTKD[268541639] admin_admin
[06.08.24 00:48:27] SUCCESS ADMTKD[268541639] admin_reload
[06.08.24 00:48:28] SUCCESS ADMTKD[268541639] admin_reload_config
[06.08.24 00:49:54] SUCCESS ADMTKD[268541639] admin_reload
[06.08.24 00:49:54] SUCCESS ADMTKD[268541639] admin_reload_config
[06.08.24 00:53:01] SUCCESS ADMTKD[268541639] admin_reload
[06.08.24 00:53:05] SUCCESS ADMTKD[268541639] admin_reload_config
[06.08.24 00:54:41] SUCCESS ADMTKD[268541639] admin_reload
[06.08.24 00:54:55] SUCCESS ADMTKD[268541639] admin_reload
[06.08.24 00:55:11] SUCCESS ADMTKD[268541639] admin_reload
[06.08.24 00:56:14] SUCCESS ADMTKD[268541639] admin_admin
[06.08.24 00:56:15] SUCCESS ADMTKD[268541639] admin_reload
[06.08.24 00:56:16] SUCCESS ADMTKD[268541639] admin_reload_config
[06.08.24 00:56:50] SUCCESS ADMTKD[268541639] admin_reload
[06.08.24 00:56:51] SUCCESS ADMTKD[268541639] admin_reload_config
[06.08.24 01:18:17] SUCCESS ADMTKD[268544779] admin_admin
[06.08.24 01:18:18] SUCCESS ADMTKD[268544779] admin_admin
[06.08.24 01:18:19] SUCCESS ADMTKD[268544779] admin_admin
[06.08.24 01:18:20] SUCCESS ADMTKD[268544779] admin_admin
[06.08.24 01:18:21] SUCCESS ADMTKD[268544779] admin_admin
[06.08.24 01:18:22] SUCCESS ADMTKD[268544779] admin_admin
[06.08.24 01:18:23] SUCCESS ADMTKD[268544779] -> 18342 Gremlin admin_admin
[06.08.24 01:18:24] SUCCESS ADMTKD[268544779] -> 18342 Gremlin admin_admin
[06.08.24 01:18:25] SUCCESS ADMTKD[268544779] -> 18342 Gremlin admin_admin
[06.08.24 01:18:26] SUCCESS ADMTKD[268544779] -> 18342 Gremlin admin_admin
[06.08.24 01:18:27] SUCCESS ADMTKD[268544779] -> 18342 Gremlin admin_admin
[06.08.24 01:18:28] SUCCESS ADMTKD[268544779] admin_admin
[06.08.24 01:18:29] SUCCESS ADMTKD[268544779] admin_admin
[06.08.24 01:18:30] SUCCESS ADMTKD[268544779] admin_admin
[06.08.24 01:18:31] SUCCESS ADMTKD[268544779] admin_admin
[06.08.24 01:18:32] SUCCESS ADMTKD[268544779] admin_admin
[06.08.24 01:18:33] SUCCESS ADMTKD[268544779] admin_admin
[06.08.24 01:18:34] SUCCESS ADMTKD[268544779] admin_admin
[06.08.24 01:18:35] SUCCESS ADMTKD[268544779] admin_admin
[06.08.24 01:18:36] SUCCESS ADMTKD[268544779] admin_admin
[06.08.24 01:18:37] SUCCESS ADMTKD[268544779] admin_admin
[06.08.24 01:18:38] SUCCESS ADMTKD[268544779] admin_admin
[06.08.24 01:18:39] SUCCESS ADMTKD[268544779] admin_admin
[06.08.24 01:18:40] SUCCESS ADMTKD[268544779] admin_admin
[06.08.24 01:18:41] SUCCESS ADMTKD[268544779] admin_admin
[06.08.24 01:18:42] SUCCESS ADMTKD[268544779] -> ADMTKD[268544779] admin_admin
[06.08.24 01:18:43] SUCCESS ADMTKD[268544779] -> ADMTKD[268544779] admin_admin
[06.08.24 01:18:44] SUCCESS ADMTKD[268544779] -> ADMTKD[268544779] admin_admin
[06.08.24 01:18:45] SUCCESS ADMTKD[268544779] -> ADMTKD[268544779] admin_admin
[06.08.24 01:18:46] SUCCESS ADMTKD[268544779] -> ADMTKD[268544779] admin_admin
[06.08.24 01:18:47] SUCCESS ADMTKD[268544779] -> ADMTKD[268544779] admin_admin
[06.08.24 01:18:48] SUCCESS ADMTKD[268544779] -> ADMTKD[268544779] admin_admin
[06.08.24 01:18:49] SUCCESS ADMTKD[268544779] -> ADMTKD[268544779] admin_admin
[06.08.24 01:18:50] SUCCESS ADMTKD[268544779] -> ADMTKD[268544779] admin_admin
[06.08.24 01:18:51] SUCCESS ADMTKD[268544779] -> ADMTKD[268544779] admin_admin
[06.08.24 01:18:52] SUCCESS ADMTKD[268544779] -> ADMTKD[268544779] admin_admin
[06.08.24 01:18:53] SUCCESS ADMTKD[268544779] -> ADMTKD[268544779] admin_admin
[06.08.24 01:18:54] SUCCESS ADMTKD[268544779] -> ADMTKD[268544779] admin_admin
[06.08.24 01:18:55] SUCCESS ADMTKD[268544779] -> ADMTKD[268544779] admin_admin
[06.08.24 01:18:56] SUCCESS ADMTKD[268544779] -> ADMTKD[268544779] admin_admin
[06.08.24 01:18:57] SUCCESS ADMTKD[268544779] -> ADMTKD[268544779] admin_admin
[06.08.24 01:18:58] SUCCESS ADMTKD[268544779] -> ADMTKD[268544779] admin_admin
[06.08.24 01:18:59] SUCCESS ADMTKD[268544779] -> ADMTKD[268544779] admin_admin
[06.08.24 01:19:00] SUCCESS ADMTKD[268544779] -> ADMTKD[268544779] admin_admin
[06.08.24 01:19:01] SUCCESS ADMTKD[268544779] -> ADMTKD[268544779] admin_admin
[06.08.24 01:19:02] SUCCESS ADMTKD[268544779] -> ADMTKD[268544779] admin_admin
[06.08.24 01:19:03] SUCCESS ADMTKD[268544779] -> ADMTKD[268544779] admin_admin
[06.08.24 01:19:12] SUCCESS ADMTKD[268544779] -> ADMTKD[268544779] admin_setlevel 40
[06.08.24 01:19:15] SUCCESS ADMTKD[268544779] -> ADMTKD[268544779] admin_admin
[06.08.24 01:19:15] SUCCESS ADMTKD[268544779] -> ADMTKD[268544779] admin_invis
[06.08.24 01:20:25] SUCCESS ADMTKD[268544779] -> ADMTKD[268544779] admin_admin
[06.08.24 01:20:31] SUCCESS ADMTKD[268544779] -> ADMTKD[268544779] admin_admin
[06.08.24 01:20:32] SUCCESS ADMTKD[268544779] -> ADMTKD[268544779] admin_char_manage
[06.08.24 01:20:33] SUCCESS ADMTKD[268544779] -> ADMTKD[268544779] admin_show_characters 0
[06.08.24 01:20:34] SUCCESS ADMTKD[268544779] -> ElfDagger[268544784] admin_character_list ElfDagger
[06.08.24 01:20:35] SUCCESS ADMTKD[268544779] -> ElfDagger[268544784] admin_character_actions
[06.08.24 01:20:36] SUCCESS ADMTKD[268544779] -> ElfDagger[268544784] admin_recall ElfDagger
[06.08.24 01:20:51] SUCCESS ADMTKD[268544779] -> ElfDagger[268544784] admin_setlevel 40
[06.08.24 01:21:15] SUCCESS ADMTKD[268544779] -> ElfDagger[268544784] admin_admin
[06.08.24 01:21:18] SUCCESS ADMTKD[268544779] -> ElfDagger[268544784] admin_itemcreate
[06.08.24 01:21:30] SUCCESS ADMTKD[268544779] -> ADMTKD[268544779] admin_create_item 57 999999999999999
[06.08.24 01:59:21] SUCCESS ADMTKD[268544779] -> ADMTKD[268544779] admin_admin
[06.08.24 01:59:22] SUCCESS ADMTKD[268544779] -> ADMTKD[268544779] admin_char_manage
[06.08.24 01:59:22] SUCCESS ADMTKD[268544779] -> ADMTKD[268544779] admin_show_characters 0
[06.08.24 02:10:55] SUCCESS ADMTKD[268544779] -> ADMTKD[268544779] admin_admin
[06.08.24 02:10:59] SUCCESS ADMTKD[268544779] -> ADMTKD[268544779] admin_show_moves
[06.08.24 02:11:00] SUCCESS ADMTKD[268544779] -> ADMTKD[268544779] admin_show_html teleports/townarea.htm
[06.08.24 02:11:02] SUCCESS ADMTKD[268544779] -> ADMTKD[268544779] admin_show_html teleports/townarea/dion.htm
[06.08.24 02:11:05] SUCCESS ADMTKD[268544779] admin_move_to 17730 108301 -9057
[06.08.24 02:12:06] SUCCESS ADMTKD[268544779] admin_admin
[06.08.24 02:12:09] SUCCESS ADMTKD[268544779] admin_char_manage
[06.08.24 02:12:09] SUCCESS ADMTKD[268544779] admin_show_characters 0
[06.08.24 02:12:10] SUCCESS ADMTKD[268544779] -> ElfDagger[268544784] admin_character_list ElfDagger
[06.08.24 02:12:12] SUCCESS ADMTKD[268544779] -> ElfDagger[268544784] admin_character_actions
[06.08.24 02:12:13] SUCCESS ADMTKD[268544779] -> ElfDagger[268544784] admin_recall ElfDagger
[06.08.24 10:49:31] SUCCESS ADMTKD[268544779] -> ElfDagger[268544784] admin_admin
[06.08.24 10:49:32] SUCCESS ADMTKD[268544779] -> ElfDagger[268544784] admin_char_manage
[06.08.24 10:49:33] SUCCESS ADMTKD[268544779] -> ElfDagger[268544784] admin_show_characters 0
[06.08.24 10:49:35] SUCCESS ADMTKD[268544779] -> ElfDagger[268544784] admin_character_list ElfDagger
[06.08.24 10:49:37] SUCCESS ADMTKD[268544779] -> ElfDagger[268544784] admin_character_actions
[06.08.24 10:49:38] SUCCESS ADMTKD[268544779] admin_teleportto ElfDagger
[06.08.24 10:49:41] SUCCESS ADMTKD[268544779] admin_admin
[06.08.24 10:49:42] SUCCESS ADMTKD[268544779] admin_invis
[06.08.24 10:50:05] SUCCESS ADMTKD[268544779] -> 20220 Dicor admin_admin
[06.08.24 10:50:06] SUCCESS ADMTKD[268544779] -> 20220 Dicor admin_char_manage
[06.08.24 10:50:07] SUCCESS ADMTKD[268544779] -> 20220 Dicor admin_show_characters 0
[06.08.24 11:05:01] SUCCESS ADMTKD[268544779] admin_admin
[06.08.24 11:05:03] SUCCESS ADMTKD[268544779] admin_show_moves
[06.08.24 11:05:03] SUCCESS ADMTKD[268544779] admin_show_html teleports/town.htm
[06.08.24 11:05:04] SUCCESS ADMTKD[268544779] admin_show_html teleports/town/giran.htm
[06.08.24 11:05:04] SUCCESS ADMTKD[268544779] admin_move_to 82698 148638 -3473
[06.08.24 11:15:10] SUCCESS ADMTKD[268544779] admin_admin
[06.08.24 11:15:12] SUCCESS ADMTKD[268544779] admin_server admserver.htm
[06.08.24 11:15:13] SUCCESS ADMTKD[268544779] admin_show_html reload.htm
[06.08.24 11:15:14] SUCCESS ADMTKD[268544779] admin_reload_config
[06.08.24 11:23:05] SUCCESS ADMTKD[268544779] admin_admin
[06.08.24 11:23:43] SUCCESS ADMTKD[268544779] admin_reload
[06.08.24 11:23:44] SUCCESS ADMTKD[268544779] admin_reload_config
[06.08.24 11:29:08] SUCCESS ADMTKD[268544779] admin_reload
[06.08.24 11:29:09] SUCCESS ADMTKD[268544779] admin_reload_config
[06.08.24 11:31:49] SUCCESS ADMTKD[268544779] admin_reload
[06.08.24 11:31:52] SUCCESS ADMTKD[268544779] admin_reload_config
[06.08.24 11:37:04] SUCCESS ADMTKD[268544779] admin_reload
[06.08.24 11:37:05] SUCCESS ADMTKD[268544779] admin_reload_config
[06.08.24 11:40:56] SUCCESS ADMTKD[268544779] admin_reload
[06.08.24 11:40:57] SUCCESS ADMTKD[268544779] admin_reload_config
[06.08.24 12:04:06] SUCCESS ADMTKD[268544779] admin_admin
[06.08.24 12:04:08] SUCCESS ADMTKD[268544779] admin_show_moves
[06.08.24 12:04:10] SUCCESS ADMTKD[268544779] admin_show_html teleports/town.htm
[06.08.24 12:04:11] SUCCESS ADMTKD[268544779] admin_show_html teleports/town/giran.htm
[06.08.24 12:04:13] SUCCESS ADMTKD[268544779] admin_move_to 82698 148638 -3473
[06.08.24 12:32:42] SUCCESS ADMTKD[268544779] -> 31275 Tatiana admin_reload
[06.08.24 12:32:43] SUCCESS ADMTKD[268544779] -> 31275 Tatiana admin_reload_config
[06.08.24 12:34:50] SUCCESS ADMTKD[268544779] -> 31275 Tatiana admin_reload
[06.08.24 12:34:52] SUCCESS ADMTKD[268544779] -> 31275 Tatiana admin_reload_config
[06.08.24 12:42:31] SUCCESS ADMTKD[268544779] admin_reload
[06.08.24 12:42:32] SUCCESS ADMTKD[268544779] admin_reload_config
[06.08.24 12:43:42] SUCCESS ADMTKD[268544779] admin_reload
[06.08.24 12:43:46] SUCCESS ADMTKD[268544779] admin_reload_config
[06.08.24 12:51:56] SUCCESS ADMTKD[268544779] admin_reload
[06.08.24 12:51:59] SUCCESS ADMTKD[268544779] admin_reload_config
[06.08.24 13:00:12] SUCCESS ADMTKD[268544779] -> 30080 Clarissa admin_reload
[06.08.24 13:00:16] SUCCESS ADMTKD[268544779] -> 30080 Clarissa admin_reload_config
[06.08.24 13:00:40] SUCCESS ADMTKD[268544779] admin_admin
[06.08.24 13:03:30] SUCCESS ADMTKD[268544779] admin_reload
[06.08.24 13:03:31] SUCCESS ADMTKD[268544779] admin_reload_config
[06.08.24 13:04:46] SUCCESS ADMTKD[268544779] admin_reload
[06.08.24 13:04:47] SUCCESS ADMTKD[268544779] admin_reload_config
[06.08.24 13:05:03] SUCCESS ADMTKD[268544779] admin_reload
[06.08.24 13:05:04] SUCCESS ADMTKD[268544779] admin_reload_config
[06.08.24 13:07:12] SUCCESS ADMTKD[268544779] admin_admin
[06.08.24 13:10:17] SUCCESS ADMTKD[268544779] -> 31862 Angelic Vortex admin_admin
[06.08.24 13:10:20] SUCCESS ADMTKD[268544779] -> 31862 Angelic Vortex admin_server admserver.htm
[06.08.24 13:10:22] SUCCESS ADMTKD[268544779] -> 31862 Angelic Vortex admin_admin
[06.08.24 13:10:24] SUCCESS ADMTKD[268544779] -> 31862 Angelic Vortex admin_admin
[06.08.24 13:10:25] SUCCESS ADMTKD[268544779] -> 31862 Angelic Vortex admin_admin
[06.08.24 13:10:25] SUCCESS ADMTKD[268544779] -> 31862 Angelic Vortex admin_admin
[06.08.24 13:10:26] SUCCESS ADMTKD[268544779] -> 31862 Angelic Vortex admin_admin
[06.08.24 13:10:26] SUCCESS ADMTKD[268544779] -> 31862 Angelic Vortex admin_admin
[06.08.24 13:10:26] SUCCESS ADMTKD[268544779] -> 31862 Angelic Vortex admin_admin
[06.08.24 13:10:26] SUCCESS ADMTKD[268544779] -> 31862 Angelic Vortex admin_admin
[06.08.24 13:10:27] SUCCESS ADMTKD[268544779] -> 31862 Angelic Vortex admin_admin
[06.08.24 13:10:27] SUCCESS ADMTKD[268544779] -> 31862 Angelic Vortex admin_admin
[06.08.24 13:10:27] SUCCESS ADMTKD[268544779] -> 31862 Angelic Vortex admin_admin
[06.08.24 13:10:27] SUCCESS ADMTKD[268544779] -> 31862 Angelic Vortex admin_admin
[06.08.24 13:10:29] SUCCESS ADMTKD[268544779] -> 31862 Angelic Vortex admin_show_html events/events.htm
[06.08.24 13:10:30] SUCCESS ADMTKD[268544779] -> 31862 Angelic Vortex admin_admin
[06.08.24 13:10:33] SUCCESS ADMTKD[268544779] -> 31862 Angelic Vortex admin_reload
[06.08.24 13:15:35] SUCCESS ADMTKD[268544779] admin_admin
[06.08.24 13:15:36] SUCCESS ADMTKD[268544779] admin_char_manage
[06.08.24 13:15:36] SUCCESS ADMTKD[268544779] admin_show_characters 0
[06.08.24 13:15:38] SUCCESS ADMTKD[268544779] admin_admin
[06.08.24 13:15:39] SUCCESS ADMTKD[268544779] admin_server admserver.htm
[06.08.24 13:15:40] SUCCESS ADMTKD[268544779] admin_server_shutdown
[06.08.24 13:15:44] SUCCESS ADMTKD[268544779] admin_server_restart 10
[06.08.24 13:15:50] SUCCESS ADMTKD[268544779] admin_admin
[06.08.24 13:15:51] SUCCESS ADMTKD[268544779] admin_server admserver.htm
[06.08.24 13:15:52] SUCCESS ADMTKD[268544779] admin_server_shutdown
[06.08.24 13:15:53] SUCCESS ADMTKD[268544779] admin_server_shutdown 1
[06.08.24 13:19:57] SUCCESS ADMTKD[268544779] admin_reload
[06.08.24 13:19:58] SUCCESS ADMTKD[268544779] admin_reload_config
[06.08.24 13:20:14] SUCCESS ADMTKD[268544779] admin_admin
[06.08.24 13:20:15] SUCCESS ADMTKD[268544779] admin_show_moves
[06.08.24 13:20:17] SUCCESS ADMTKD[268544779] admin_show_html teleports/raid.htm
[06.08.24 13:20:18] SUCCESS ADMTKD[268544779] admin_show_html teleports/raid/raid_20.htm
[06.08.24 13:20:20] SUCCESS ADMTKD[268544779] admin_move_to 48000 243376 -6611
[06.08.24 13:20:53] SUCCESS ADMTKD[268544779] admin_loc
[06.08.24 13:22:43] SUCCESS ADMTKD[268544779] admin_reload
[06.08.24 13:22:44] SUCCESS ADMTKD[268544779] admin_reload_config
[06.08.24 13:33:44] SUCCESS ADMTKD[268544779] admin_admin
[06.08.24 13:33:45] SUCCESS ADMTKD[268544779] admin_invis
[06.08.24 13:39:45] SUCCESS ADMTKD[268544779] admin_reload
[06.08.24 13:39:46] SUCCESS ADMTKD[268544779] admin_reload_config
[06.08.24 13:44:55] SUCCESS ADMTKD[268544779] admin_reload
[06.08.24 13:44:56] SUCCESS ADMTKD[268544779] admin_reload_config
[06.08.24 14:02:00] SUCCESS ADMTKD[268544779] admin_loc
[06.08.24 14:17:52] SUCCESS ADMTKD[268544779] admin_reload
[06.08.24 14:17:53] SUCCESS ADMTKD[268544779] admin_reload_config
[06.08.24 14:18:19] SUCCESS ADMTKD[268544779] admin_admin
[06.08.24 14:18:20] SUCCESS ADMTKD[268544779] admin_server admserver.htm
[06.08.24 14:20:02] SUCCESS ADMTKD[268544779] admin_reload
[06.08.24 14:20:51] SUCCESS ADMTKD[268544779] admin_reload
[06.08.24 14:20:53] SUCCESS ADMTKD[268544779] admin_reload_config
[06.08.24 14:21:10] SUCCESS ADMTKD[268544779] admin_admin
[06.08.24 14:21:10] SUCCESS ADMTKD[268544779] admin_char_manage
[06.08.24 14:21:11] SUCCESS ADMTKD[268544779] admin_show_characters 0
[06.08.24 14:21:12] SUCCESS ADMTKD[268544779] admin_admin
[06.08.24 14:21:13] SUCCESS ADMTKD[268544779] admin_server admserver.htm
[06.08.24 14:21:13] SUCCESS ADMTKD[268544779] admin_server_shutdown
[06.08.24 14:21:14] SUCCESS ADMTKD[268544779] admin_server_restart 1
[06.08.24 14:24:28] SUCCESS ADMTKD[268544779] admin_reload
[06.08.24 14:24:29] SUCCESS ADMTKD[268544779] admin_reload_config
[06.08.24 14:24:50] SUCCESS ADMTKD[268544779] admin_admin
[06.08.24 14:24:53] SUCCESS ADMTKD[268544779] admin_server admserver.htm
[06.08.24 14:24:55] SUCCESS ADMTKD[268544779] admin_server_shutdown
[06.08.24 14:24:58] SUCCESS ADMTKD[268544779] admin_server_restart 1
[06.08.24 14:27:40] SUCCESS ADMTKD[268544779] admin_admin
[06.08.24 14:27:40] SUCCESS ADMTKD[268544779] admin_invis
[06.08.24 14:27:42] SUCCESS ADMTKD[268544779] admin_admin
[06.08.24 14:30:27] SUCCESS ADMTKD[268544779] admin_admin
[06.08.24 14:33:53] SUCCESS ADMTKD[268544779] admin_admin
[06.08.24 14:33:55] SUCCESS ADMTKD[268544779] admin_show_moves
[06.08.24 14:33:57] SUCCESS ADMTKD[268544779] admin_show_html teleports/location/primeval.htm
[06.08.24 14:34:00] SUCCESS ADMTKD[268544779] admin_move_to 8264 -14431 -3696
[06.08.24 14:47:33] SUCCESS ADMTKD[268544779] admin_admin
[06.08.24 14:47:35] SUCCESS ADMTKD[268544779] admin_char_manage
[06.08.24 14:47:35] SUCCESS ADMTKD[268544779] admin_char_manage
[06.08.24 14:47:38] SUCCESS ADMTKD[268544779] admin_show_characters 0
[06.08.24 14:47:39] SUCCESS ADMTKD[268544779] admin_admin
[06.08.24 14:47:40] SUCCESS ADMTKD[268544779] admin_server admserver.htm
[06.08.24 14:47:40] SUCCESS ADMTKD[268544779] admin_server_shutdown
[06.08.24 14:47:42] SUCCESS ADMTKD[268544779] admin_server_restart 1
[06.08.24 14:51:37] SUCCESS ADMTKD[268544779] admin_admin
[06.08.24 14:51:39] SUCCESS ADMTKD[268544779] admin_server admserver.htm
[06.08.24 14:51:39] SUCCESS ADMTKD[268544779] admin_server_shutdown
[06.08.24 14:51:41] SUCCESS ADMTKD[268544779] admin_server_restart 1
[06.08.24 15:13:24] SUCCESS ADMTKD[268544779] admin_admin
[06.08.24 15:13:25] SUCCESS ADMTKD[268544779] admin_server admserver.htm
[06.08.24 15:13:26] SUCCESS ADMTKD[268544779] admin_server_shutdown
[06.08.24 15:13:27] SUCCESS ADMTKD[268544779] admin_server_restart 1
[06.08.24 15:20:05] SUCCESS ADMTKD[268544779] admin_admin
[06.08.24 15:20:10] SUCCESS ADMTKD[268544779] admin_admin
[06.08.24 15:41:39] SUCCESS ADMTKD[268544779] admin_admin
[06.08.24 15:41:40] SUCCESS ADMTKD[268544779] admin_char_manage
[06.08.24 15:41:40] SUCCESS ADMTKD[268544779] admin_show_characters 0
[06.08.24 15:41:43] SUCCESS ADMTKD[268544779] admin_admin
[06.08.24 15:41:45] SUCCESS ADMTKD[268544779] admin_server admserver.htm
[06.08.24 15:41:46] SUCCESS ADMTKD[268544779] admin_show_html reload.htm
[06.08.24 15:41:47] SUCCESS ADMTKD[268544779] admin_reload_config
[06.08.24 15:42:12] SUCCESS ADMTKD[268544779] admin_admin
[06.08.24 15:42:14] SUCCESS ADMTKD[268544779] admin_reload
[06.08.24 15:42:15] SUCCESS ADMTKD[268544779] admin_reload
[06.08.24 15:42:16] SUCCESS ADMTKD[268544779] admin_reload
[06.08.24 15:42:17] SUCCESS ADMTKD[268544779] admin_reload_config
[06.08.24 15:43:10] SUCCESS ADMTKD[268544779] admin_reload
[06.08.24 15:43:11] SUCCESS ADMTKD[268544779] admin_reload_config
[06.08.24 15:57:53] SUCCESS ADMTKD[268544779] admin_admin
[06.08.24 15:57:53] SUCCESS ADMTKD[268544779] admin_admin
[06.08.24 15:57:55] SUCCESS ADMTKD[268544779] admin_show_moves
[06.08.24 15:57:57] SUCCESS ADMTKD[268544779] admin_admin
[06.08.24 15:57:58] SUCCESS ADMTKD[268544779] admin_server admserver.htm
[06.08.24 15:57:58] SUCCESS ADMTKD[268544779] admin_server_shutdown
[06.08.24 15:58:02] SUCCESS ADMTKD[268544779] admin_server_restart 10
[06.08.24 16:11:51] SUCCESS ADMTKD[268544779] admin_admin
[06.08.24 16:21:31] SUCCESS ADMTKD[268544779] admin_admin
[06.08.24 16:23:07] SUCCESS ADMTKD[268544779] admin_admin
[06.08.24 16:32:51] SUCCESS ADMTKD[268544779] admin_admin
[06.08.24 16:32:59] SUCCESS ADMTKD[268544779] admin_admin
[06.08.24 16:33:15] SUCCESS ADMTKD[268544779] admin_gmshop
[06.08.24 16:33:19] SUCCESS ADMTKD[268544779] admin_show_html gmshop/weapons.htm
[06.08.24 16:33:20] SUCCESS ADMTKD[268544779] admin_show_html gmshop/nogradew.htm
[06.08.24 16:33:24] SUCCESS ADMTKD[268544779] admin_buy 9237
[06.08.24 16:33:28] SUCCESS ADMTKD[268544779] admin_admin
[06.08.24 16:33:29] SUCCESS ADMTKD[268544779] admin_gmshop
[06.08.24 16:33:31] SUCCESS ADMTKD[268544779] admin_show_html gmshop/weapons.htm
[06.08.24 16:33:32] SUCCESS ADMTKD[268544779] admin_show_html gmshop/nogradew.htm
[06.08.24 16:33:34] SUCCESS ADMTKD[268544779] admin_buy 9231
[06.08.24 16:41:17] SUCCESS ADMTKD[268544779] admin_admin
[06.08.24 16:41:18] SUCCESS ADMTKD[268544779] admin_invis
[06.08.24 16:51:24] SUCCESS ADMTKD[268544779] admin_admin
[06.08.24 16:52:58] SUCCESS ADMTKD[268544779] admin_admin
[06.08.24 16:52:59] SUCCESS ADMTKD[268544779] admin_reload
[06.08.24 16:53:00] SUCCESS ADMTKD[268544779] admin_reload_config
[06.08.24 16:54:05] SUCCESS ADMTKD[268544779] admin_admin
[06.08.24 16:54:11] SUCCESS ADMTKD[268544779] admin_admin
[06.08.24 16:54:12] SUCCESS ADMTKD[268544779] admin_char_manage
[06.08.24 16:54:13] SUCCESS ADMTKD[268544779] admin_server admserver.htm
[06.08.24 16:54:14] SUCCESS ADMTKD[268544779] admin_server_shutdown
[06.08.24 16:54:17] SUCCESS ADMTKD[268544779] admin_server_restart 11
[06.08.24 17:17:46] SUCCESS ADMTKD[268544779] admin_admin
[06.08.24 17:17:47] SUCCESS ADMTKD[268544779] admin_char_manage
[06.08.24 17:17:48] SUCCESS ADMTKD[268544779] admin_show_characters 0
[06.08.24 17:17:51] SUCCESS ADMTKD[268544779] admin_admin
[06.08.24 17:17:52] SUCCESS ADMTKD[268544779] admin_server admserver.htm
[06.08.24 17:17:53] SUCCESS ADMTKD[268544779] admin_server_shutdown
[06.08.24 17:17:56] SUCCESS ADMTKD[268544779] admin_server_restart 1
[06.08.24 17:21:16] SUCCESS ADMTKD[268544779] admin_reload
[06.08.24 17:21:18] SUCCESS ADMTKD[268544779] admin_reload_config
[06.08.24 17:24:13] SUCCESS ADMTKD[268544779] admin_admin
[06.08.24 17:28:59] SUCCESS ADMTKD[268544779] admin_admin
[06.08.24 17:30:19] SUCCESS ADMTKD[268544779] admin_reload
[06.08.24 17:30:20] SUCCESS ADMTKD[268544779] admin_reload_config
[06.08.24 17:30:25] SUCCESS ADMTKD[268544779] admin_admin
[06.08.24 17:30:26] SUCCESS ADMTKD[268544779] admin_server admserver.htm
[06.08.24 17:30:27] SUCCESS ADMTKD[268544779] admin_char_manage
[06.08.24 17:30:28] SUCCESS ADMTKD[268544779] admin_show_characters 0
[06.08.24 17:30:29] SUCCESS ADMTKD[268544779] admin_admin
[06.08.24 17:30:30] SUCCESS ADMTKD[268544779] admin_server admserver.htm
[06.08.24 17:30:31] SUCCESS ADMTKD[268544779] admin_server_shutdown
[06.08.24 17:30:32] SUCCESS ADMTKD[268544779] admin_server_restart
[06.08.24 17:30:34] SUCCESS ADMTKD[268544779] admin_server_restart 1
[06.08.24 17:33:36] SUCCESS ADMTKD[268544779] admin_admin
[06.08.24 17:35:10] SUCCESS ADMTKD[268544779] admin_reload
[06.08.24 17:35:18] SUCCESS ADMTKD[268544779] admin_reload
[06.08.24 17:35:19] SUCCESS ADMTKD[268544779] admin_reload_config
[06.08.24 17:35:32] SUCCESS ADMTKD[268544779] admin_admin
[06.08.24 17:35:33] SUCCESS ADMTKD[268544779] admin_server admserver.htm
[06.08.24 17:36:03] SUCCESS ADMTKD[268544779] admin_show_html reload.htm
[06.08.24 17:36:05] SUCCESS ADMTKD[268544779] admin_reload_config
[06.08.24 17:36:08] SUCCESS ADMTKD[268544779] admin_admin
[06.08.24 17:36:09] SUCCESS ADMTKD[268544779] admin_char_manage
[06.08.24 17:36:10] SUCCESS ADMTKD[268544779] admin_show_characters 0
[06.08.24 17:36:11] SUCCESS ADMTKD[268544779] admin_admin
[06.08.24 17:36:13] SUCCESS ADMTKD[268544779] admin_server admserver.htm
[06.08.24 17:36:14] SUCCESS ADMTKD[268544779] admin_show_html reload.htm
[06.08.24 17:36:16] SUCCESS ADMTKD[268544779] admin_server admserver.htm
[06.08.24 17:36:18] SUCCESS ADMTKD[268544779] admin_server_shutdown
[06.08.24 17:36:20] SUCCESS ADMTKD[268544779] admin_server_restart 1
[06.08.24 17:38:44] SUCCESS ADMTKD[268544779] admin_admin
[06.08.24 17:38:47] SUCCESS ADMTKD[268544779] admin_gmshop
[06.08.24 17:38:53] SUCCESS ADMTKD[268544779] admin_admin
[06.08.24 17:38:54] SUCCESS ADMTKD[268544779] admin_show_moves
[06.08.24 17:38:55] SUCCESS ADMTKD[268544779] admin_show_html teleports/raid.htm
[06.08.24 17:38:56] SUCCESS ADMTKD[268544779] admin_show_html teleports/raid/raid_20.htm
[06.08.24 17:38:58] SUCCESS ADMTKD[268544779] admin_move_to 22500 80300 -2772
[06.08.24 17:51:48] SUCCESS ADMTKD[268544779] admin_loc
[06.08.24 18:15:09] SUCCESS ADMTKD[268544779] -> 25375 Zombie Lord Farakelsus admin_admin
[06.08.24 18:15:10] SUCCESS ADMTKD[268544779] -> 25375 Zombie Lord Farakelsus admin_char_manage
[06.08.24 18:15:11] SUCCESS ADMTKD[268544779] -> 25375 Zombie Lord Farakelsus admin_show_characters 0
[06.08.24 18:20:09] SUCCESS ADMTKD[268544779] admin_reload
[06.08.24 18:20:11] SUCCESS ADMTKD[268544779] admin_reload_config
[06.08.24 18:21:14] SUCCESS ADMTKD[268544779] admin_admin
[06.08.24 18:21:15] SUCCESS ADMTKD[268544779] admin_char_manage
[06.08.24 18:21:15] SUCCESS ADMTKD[268544779] admin_show_characters 0
[06.08.24 18:26:05] SUCCESS ADMTKD[268544779] admin_admin
[06.08.24 18:26:06] SUCCESS ADMTKD[268544779] admin_invis
[06.08.24 18:26:07] SUCCESS ADMTKD[268544779] admin_admin
[06.08.24 18:26:10] SUCCESS ADMTKD[268544779] admin_show_moves
[06.08.24 18:26:11] SUCCESS ADMTKD[268544779] admin_admin
[06.08.24 18:26:12] SUCCESS ADMTKD[268544779] admin_char_manage
[06.08.24 18:26:12] SUCCESS ADMTKD[268544779] admin_show_characters 0
[06.08.24 18:26:14] SUCCESS ADMTKD[268544779] -> DarkAngel[268544354] admin_character_list DarkAngel
[06.08.24 18:26:18] SUCCESS ADMTKD[268544779] -> DarkAngel[268544354] admin_character_actions
[06.08.24 18:26:19] SUCCESS ADMTKD[268544779] admin_teleportto DarkAngel
[06.08.24 18:27:08] SUCCESS ADMTKD[268544779] admin_admin
[06.08.24 18:27:10] SUCCESS ADMTKD[268544779] admin_show_moves
[06.08.24 18:27:13] SUCCESS ADMTKD[268544779] admin_admin
[06.08.24 18:27:14] SUCCESS ADMTKD[268544779] admin_char_manage
[06.08.24 18:27:15] SUCCESS ADMTKD[268544779] admin_show_characters 0
[06.08.24 18:27:16] SUCCESS ADMTKD[268544779] -> Ozzy[268544219] admin_character_list Ozzy
[06.08.24 18:27:18] SUCCESS ADMTKD[268544779] -> Ozzy[268544219] admin_character_actions
[06.08.24 18:27:19] SUCCESS ADMTKD[268544779] admin_teleportto Ozzy
[06.08.24 18:31:40] SUCCESS ADMTKD[268544779] admin_admin
[06.08.24 18:31:41] SUCCESS ADMTKD[268544779] admin_show_moves
[06.08.24 18:31:42] SUCCESS ADMTKD[268544779] admin_show_html teleports/raid.htm
[06.08.24 18:31:43] SUCCESS ADMTKD[268544779] admin_show_html teleports/raid/raid_20.htm
[06.08.24 18:31:48] SUCCESS ADMTKD[268544779] admin_move_to -54096 84288 -3512
[06.08.24 18:32:24] SUCCESS ADMTKD[268544779] admin_loc
[06.08.24 18:37:52] SUCCESS ADMTKD[268544779] admin_reload
[06.08.24 18:37:53] SUCCESS ADMTKD[268544779] admin_reload_config
[06.08.24 18:45:19] SUCCESS ADMTKD[268544779] admin_admin
[06.08.24 18:45:22] SUCCESS ADMTKD[268544779] admin_show_moves
[06.08.24 18:45:23] SUCCESS ADMTKD[268544779] admin_admin
[06.08.24 18:46:14] SUCCESS ADMTKD[268544779] admin_admin
[06.08.24 18:46:15] SUCCESS ADMTKD[268544779] admin_char_manage
[06.08.24 18:46:16] SUCCESS ADMTKD[268544779] admin_show_characters 0
[06.08.24 18:46:17] SUCCESS ADMTKD[268544779] -> Obrabo[268544195] admin_character_list Obrabo
[06.08.24 18:46:20] SUCCESS ADMTKD[268544779] -> Obrabo[268544195] admin_character_actions
[06.08.24 18:46:21] SUCCESS ADMTKD[268544779] admin_teleportto Obrabo
[06.08.24 18:55:18] SUCCESS ADMTKD[268544779] admin_admin
[06.08.24 18:55:20] SUCCESS ADMTKD[268544779] admin_show_moves
[06.08.24 18:55:21] SUCCESS ADMTKD[268544779] admin_show_html teleports/raid.htm
[06.08.24 18:55:22] SUCCESS ADMTKD[268544779] admin_show_html teleports/raid/raid_20.htm
[06.08.24 18:55:24] SUCCESS ADMTKD[268544779] admin_move_to -13056 215680 -3760
[06.08.24 18:56:13] SUCCESS ADMTKD[268544779] admin_loc
[06.08.24 19:12:33] SUCCESS ADMTKD[268544779] admin_admin
[06.08.24 19:12:34] SUCCESS ADMTKD[268544779] admin_show_moves
[06.08.24 19:12:35] SUCCESS ADMTKD[268544779] admin_show_html teleports/raid.htm
[06.08.24 19:12:36] SUCCESS ADMTKD[268544779] admin_show_html teleports/raid/raid_20.htm
[06.08.24 19:12:39] SUCCESS ADMTKD[268544779] admin_move_to -3456 112864 -3456
[06.08.24 19:13:21] SUCCESS ADMTKD[268544779] admin_loc
[06.08.24 19:16:16] SUCCESS ADMTKD[268544779] admin_admin
[06.08.24 19:16:18] SUCCESS ADMTKD[268544779] admin_show_moves
[06.08.24 19:16:19] SUCCESS ADMTKD[268544779] admin_show_html teleports/raid.htm
[06.08.24 19:16:20] SUCCESS ADMTKD[268544779] admin_show_html teleports/raid/raid_20.htm
[06.08.24 19:16:29] SUCCESS ADMTKD[268544779] admin_move_to 9649 77467 -3808
[06.08.24 19:17:08] SUCCESS ADMTKD[268544779] admin_loc
[06.08.24 19:17:26] SUCCESS ADMTKD[268544779] admin_admin
[06.08.24 19:17:28] SUCCESS ADMTKD[268544779] admin_show_moves
[06.08.24 19:17:29] SUCCESS ADMTKD[268544779] admin_show_html teleports/townarea.htm
[06.08.24 19:17:31] SUCCESS ADMTKD[268544779] admin_show_html teleports.htm
[06.08.24 19:17:31] SUCCESS ADMTKD[268544779] admin_show_html teleports/raid.htm
[06.08.24 19:17:32] SUCCESS ADMTKD[268544779] admin_show_html teleports/raid/raid_20.htm
[06.08.24 19:20:24] SUCCESS ADMTKD[268544779] -> 25373 Malex Herald of Dagoniel  admin_loc
[06.08.24 19:34:55] SUCCESS ADMTKD[268544779] -> 25373 Malex Herald of Dagoniel  admin_admin
[06.08.24 19:34:56] SUCCESS ADMTKD[268544779] -> 25373 Malex Herald of Dagoniel  admin_admin
[06.08.24 19:35:00] SUCCESS ADMTKD[268544779] -> 25373 Malex Herald of Dagoniel  admin_show_moves
[06.08.24 19:35:01] SUCCESS ADMTKD[268544779] -> 25373 Malex Herald of Dagoniel  admin_show_html teleports/raid.htm
[06.08.24 19:35:02] SUCCESS ADMTKD[268544779] -> 25373 Malex Herald of Dagoniel  admin_show_html teleports/raid/raid_20.htm
[06.08.24 19:35:10] SUCCESS ADMTKD[268544779] admin_move_to -47367 51548 -5904
[06.08.24 19:35:32] SUCCESS ADMTKD[268544779] admin_loc
[06.08.24 19:36:45] SUCCESS ADMTKD[268544779] admin_admin
[06.08.24 19:36:47] SUCCESS ADMTKD[268544779] admin_show_moves
[06.08.24 19:36:49] SUCCESS ADMTKD[268544779] admin_show_html teleports/raid.htm
[06.08.24 19:36:50] SUCCESS ADMTKD[268544779] admin_show_html teleports/raid/raid_20.htm
[06.08.24 19:46:56] SUCCESS ADMTKD[268544779] -> 25380 Kaysha Herald of Icarus admin_admin
[06.08.24 19:46:58] SUCCESS ADMTKD[268544779] -> 25380 Kaysha Herald of Icarus admin_char_manage
[06.08.24 19:46:58] SUCCESS ADMTKD[268544779] -> 25380 Kaysha Herald of Icarus admin_show_characters 0
[06.08.24 21:29:02] SUCCESS ADMTKD[268544779] admin_admin
[06.08.24 21:29:05] SUCCESS ADMTKD[268544779] admin_char_manage
[06.08.24 21:45:36] SUCCESS ADMTKD[268544779] admin_gmshop
[06.08.24 21:45:38] SUCCESS ADMTKD[268544779] admin_gmshop
[06.08.24 21:45:40] SUCCESS ADMTKD[268544779] admin_show_html gmshop/pets.htm
[06.08.24 21:45:42] SUCCESS ADMTKD[268544779] admin_show_html gmshop/petweapon.htm
[06.08.24 21:45:48] SUCCESS ADMTKD[268544779] admin_admin
[06.08.24 21:45:50] SUCCESS ADMTKD[268544779] admin_gmshop
[06.08.24 21:45:52] SUCCESS ADMTKD[268544779] admin_buy 19494
[06.08.24 21:47:19] SUCCESS ADMTKD[268544779] admin_admin
[06.08.24 21:47:20] SUCCESS ADMTKD[268544779] admin_char_manage
[06.08.24 21:47:21] SUCCESS ADMTKD[268544779] admin_show_characters 0
[06.08.24 21:47:26] SUCCESS ADMTKD[268544779] admin_admin
[06.08.24 21:47:27] SUCCESS ADMTKD[268544779] admin_char_manage
[06.08.24 21:47:28] SUCCESS ADMTKD[268544779] admin_show_characters 0
[06.08.24 21:47:30] SUCCESS ADMTKD[268544779] admin_admin
[06.08.24 21:47:31] SUCCESS ADMTKD[268544779] admin_server admserver.htm
[06.08.24 21:47:32] SUCCESS ADMTKD[268544779] admin_server_shutdown
[06.08.24 21:47:33] SUCCESS ADMTKD[268544779] admin_server_restart 1
[06.08.24 21:51:19] SUCCESS ADMTKD[268544779] admin_admin
[06.08.24 21:51:22] SUCCESS ADMTKD[268544779] admin_show_moves
[06.08.24 21:51:23] SUCCESS ADMTKD[268544779] admin_admin
[06.08.24 21:51:24] SUCCESS ADMTKD[268544779] admin_server admserver.htm
[06.08.24 21:51:33] SUCCESS ADMTKD[268544779] admin_admin
[06.08.24 21:51:51] SUCCESS ADMTKD[268544779] admin_admin
[06.08.24 21:51:51] SUCCESS ADMTKD[268544779] admin_admin
[06.08.24 21:51:52] SUCCESS ADMTKD[268544779] admin_admin
[06.08.24 21:51:53] SUCCESS ADMTKD[268544779] admin_admin
[06.08.24 21:51:54] SUCCESS ADMTKD[268544779] admin_admin
[06.08.24 21:51:55] SUCCESS ADMTKD[268544779] admin_admin
[06.08.24 21:51:56] SUCCESS ADMTKD[268544779] admin_admin
[06.08.24 21:51:57] SUCCESS ADMTKD[268544779] admin_admin
[06.08.24 21:51:58] SUCCESS ADMTKD[268544779] admin_admin
[06.08.24 21:51:59] SUCCESS ADMTKD[268544779] admin_admin
[06.08.24 21:52:00] SUCCESS ADMTKD[268544779] admin_admin
[06.08.24 21:52:01] SUCCESS ADMTKD[268544779] admin_admin
[06.08.24 21:53:01] SUCCESS ADMTKD[268544779] admin_admin
[06.08.24 21:59:11] SUCCESS ADMTKD[268544779] admin_admin
[06.08.24 21:59:12] SUCCESS ADMTKD[268544779] admin_char_manage
[06.08.24 21:59:13] SUCCESS ADMTKD[268544779] admin_show_characters 0
[06.08.24 22:04:57] SUCCESS ADMTKD[268544779] admin_admin
[06.08.24 22:04:59] SUCCESS ADMTKD[268544779] admin_list_announcements
[06.08.24 22:05:03] SUCCESS ADMTKD[268544779] admin_del_announcement 1
[06.08.24 22:05:06] SUCCESS ADMTKD[268544779] admin_del_announcement 1
