[04.08.24 11:54:07] SUCCESS ElfDagger[268544214] admin_admin
[04.08.24 11:54:09] SUCCESS ElfDagger[268544214] admin_invis
[04.08.24 11:55:02] SUCCESS ElfDagger[268544214] admin_admin
[04.08.24 11:55:11] SUCCESS ElfDagger[268544214] admin_show_moves
[04.08.24 11:55:15] SUCCESS ElfDagger[268544214] admin_admin
[04.08.24 11:55:16] SUCCESS ElfDagger[268544214] admin_server admserver.htm
[04.08.24 11:55:17] SUCCESS ElfDagger[268544214] admin_server_shutdown
[04.08.24 11:55:19] SUCCESS ElfDagger[268544214] admin_server_restart 1
[04.08.24 15:08:25] SUCCESS ADMTKD[268477111] admin_admin
[04.08.24 15:08:27] SUCCESS ADMTKD[268477111] admin_server admserver.htm
[04.08.24 15:08:28] SUCCESS ADMTKD[268477111] admin_server_shutdown
[04.08.24 15:08:29] SUCCESS ADMTKD[268477111] admin_server_restart 1
[04.08.24 15:20:30] SUCCESS ADMTKD[268477111] admin_admin
[04.08.24 15:20:32] SUCCESS ADMTKD[268477111] admin_char_manage
[04.08.24 15:20:33] SUCCESS ADMTKD[268477111] admin_show_characters 0
[04.08.24 15:20:35] SUCCESS ADMTKD[268477111] -> ElfMago[268544610] admin_character_list ElfMago
[04.08.24 15:20:36] SUCCESS ADMTKD[268477111] -> ElfMago[268544610] admin_character_actions
[04.08.24 15:20:38] SUCCESS ADMTKD[268477111] admin_teleportto ElfMago
[04.08.24 15:22:33] SUCCESS ADMTKD[268477111] -> ADMTKD[268477111] admin_setlevel 55
[04.08.24 15:23:04] SUCCESS ADMTKD[268477111] -> ADMTKD[268477111] admin_gmspeed 4
[04.08.24 15:23:12] SUCCESS ADMTKD[268477111] -> ADMTKD[268477111] admin_admin
[04.08.24 15:23:14] SUCCESS ADMTKD[268477111] -> ADMTKD[268477111] admin_invis
[04.08.24 15:23:27] SUCCESS ADMTKD[268477111] -> ADMTKD[268477111] admin_admin
[04.08.24 15:23:30] SUCCESS ADMTKD[268477111] -> ADMTKD[268477111] admin_enchant
[04.08.24 15:23:37] SUCCESS ADMTKD[268477111] -> ADMTKD[268477111] admin_setew 60000
[04.08.24 15:29:06] SUCCESS ADMTKD[268477111] -> 20213 Porta admin_admin
[04.08.24 15:29:08] SUCCESS ADMTKD[268477111] -> 20213 Porta admin_server admserver.htm
[04.08.24 15:29:09] SUCCESS ADMTKD[268477111] -> 20213 Porta admin_server_shutdown
[04.08.24 15:29:11] SUCCESS ADMTKD[268477111] -> 20213 Porta admin_server_restart 1
[04.08.24 15:45:45] SUCCESS ADMTKD[268477111] admin_admin
[04.08.24 15:45:46] SUCCESS ADMTKD[268477111] admin_server admserver.htm
[04.08.24 15:45:46] SUCCESS ADMTKD[268477111] admin_server_shutdown
[04.08.24 15:45:47] SUCCESS ADMTKD[268477111] admin_server_restart 1
[04.08.24 15:56:03] SUCCESS ADMTKD[268477111] -> 20213 Porta admin_admin
[04.08.24 15:56:04] SUCCESS ADMTKD[268477111] -> 20213 Porta admin_server admserver.htm
[04.08.24 15:56:05] SUCCESS ADMTKD[268477111] -> 20213 Porta admin_server_shutdown
[04.08.24 15:56:06] SUCCESS ADMTKD[268477111] -> 20213 Porta admin_server_restart 1
[04.08.24 16:41:33] SUCCESS ADMTKD[268477111] admin_admin
[04.08.24 16:41:34] SUCCESS ADMTKD[268477111] admin_server admserver.htm
[04.08.24 16:41:35] SUCCESS ADMTKD[268477111] admin_server_shutdown
[04.08.24 16:41:36] SUCCESS ADMTKD[268477111] admin_server_restart 1
[04.08.24 17:26:10] SUCCESS ADMTKD[268477111] admin_admin
[04.08.24 17:26:11] SUCCESS ADMTKD[268477111] admin_server admserver.htm
[04.08.24 17:26:12] SUCCESS ADMTKD[268477111] admin_char_manage
[04.08.24 17:26:13] SUCCESS ADMTKD[268477111] admin_show_characters 0
[04.08.24 17:26:21] SUCCESS ADMTKD[268477111] admin_show_characters 0
[04.08.24 17:26:21] SUCCESS ADMTKD[268477111] admin_show_characters 0
[04.08.24 17:27:14] SUCCESS ADMTKD[268477111] admin_show_characters 0
[04.08.24 17:27:14] SUCCESS ADMTKD[268477111] admin_show_characters 0
[04.08.24 17:31:09] SUCCESS ADMTKD[268477111] admin_show_characters 0
[04.08.24 17:31:10] SUCCESS ADMTKD[268477111] admin_show_characters 0
[04.08.24 17:43:45] SUCCESS ADMTKD[268477111] -> ElfDagger[268544214] admin_character_list ElfDagger
[04.08.24 17:44:43] SUCCESS ADMTKD[268477111] -> ElfDagger[268544214] admin_character_actions
[04.08.24 17:44:44] SUCCESS ADMTKD[268477111] admin_teleportto ElfDagger
[04.08.24 17:47:08] SUCCESS ADMTKD[268477111] admin_admin
[04.08.24 17:47:11] SUCCESS ADMTKD[268477111] admin_char_manage
[04.08.24 17:47:12] SUCCESS ADMTKD[268477111] admin_show_characters 0
[04.08.24 17:47:14] SUCCESS ADMTKD[268477111] -> ElfMago[268544610] admin_character_list ElfMago
[04.08.24 17:47:15] SUCCESS ADMTKD[268477111] -> ElfMago[268544610] admin_character_actions
[04.08.24 17:47:16] SUCCESS ADMTKD[268477111] admin_teleportto ElfMago
[04.08.24 17:50:35] SUCCESS ADMTKD[268477111] -> 20607 Kuran Kobold Warrior admin_admin
[04.08.24 17:50:36] SUCCESS ADMTKD[268477111] -> 20607 Kuran Kobold Warrior admin_char_manage
[04.08.24 17:50:37] SUCCESS ADMTKD[268477111] -> 20607 Kuran Kobold Warrior admin_show_characters 0
[04.08.24 17:50:44] SUCCESS ADMTKD[268477111] -> OozzY[268547365] admin_character_list OozzY
[04.08.24 17:50:45] SUCCESS ADMTKD[268477111] -> OozzY[268547365] admin_character_actions
[04.08.24 17:50:46] SUCCESS ADMTKD[268477111] admin_teleportto OozzY
[04.08.24 17:50:51] SUCCESS ADMTKD[268477111] admin_admin
[04.08.24 17:50:52] SUCCESS ADMTKD[268477111] admin_invis
[04.08.24 17:54:54] SUCCESS ADMTKD[268477111] admin_admin
[04.08.24 17:54:55] SUCCESS ADMTKD[268477111] admin_server admserver.htm
[04.08.24 17:54:56] SUCCESS ADMTKD[268477111] admin_char_manage
[04.08.24 17:54:57] SUCCESS ADMTKD[268477111] admin_show_characters 0
[04.08.24 17:54:59] SUCCESS ADMTKD[268477111] -> OozzY[268547365] admin_character_list OozzY
[04.08.24 17:55:00] SUCCESS ADMTKD[268477111] -> OozzY[268547365] admin_character_actions
[04.08.24 17:55:01] SUCCESS ADMTKD[268477111] admin_teleportto OozzY
[04.08.24 20:26:29] SUCCESS ADMTKD[268477111] admin_admin
[04.08.24 20:26:31] SUCCESS ADMTKD[268477111] admin_char_manage
[04.08.24 20:26:31] SUCCESS ADMTKD[268477111] admin_show_characters 0
[04.08.24 20:26:39] SUCCESS ADMTKD[268477111] admin_admin
[04.08.24 20:26:40] SUCCESS ADMTKD[268477111] admin_server admserver.htm
[04.08.24 20:26:42] SUCCESS ADMTKD[268477111] admin_show_html reload.htm
[04.08.24 20:26:43] SUCCESS ADMTKD[268477111] admin_reload_config
[04.08.24 20:26:53] SUCCESS ADMTKD[268477111] admin_reload_multisell
[04.08.24 20:26:58] SUCCESS ADMTKD[268477111] admin_reload_npc
[04.08.24 20:27:01] SUCCESS ADMTKD[268477111] admin_reload_spawn
[04.08.24 20:30:30] SUCCESS ADMTKD[268477111] admin_admin
[04.08.24 20:30:33] SUCCESS ADMTKD[268477111] admin_server admserver.htm
[04.08.24 20:31:45] SUCCESS ADMTKD[268477111] admin_admin
[04.08.24 20:32:08] SUCCESS ADMTKD[268477111] admin_admin
[04.08.24 20:32:10] SUCCESS ADMTKD[268477111] admin_invis
[04.08.24 20:32:49] SUCCESS ADMTKD[268477111] -> 20621 Death Wave admin_admin
[04.08.24 20:32:54] SUCCESS ADMTKD[268477111] -> 20621 Death Wave admin_show_moves
[04.08.24 20:32:55] SUCCESS ADMTKD[268477111] -> 20621 Death Wave admin_show_html teleports/raid.htm
[04.08.24 20:32:56] SUCCESS ADMTKD[268477111] -> 20621 Death Wave admin_show_html teleports/raid/raid_20.htm
[04.08.24 20:33:01] SUCCESS ADMTKD[268477111] admin_move_to -13056 215680 -3760
[04.08.24 20:33:41] SUCCESS ADMTKD[268477111] -> ADMTKD[268477111] admin_setlevel 21
[04.08.24 20:45:06] SUCCESS ADMTKD[268477111] -> 25146 Serpent Demon Bifrons admin_admin
[04.08.24 20:45:08] SUCCESS ADMTKD[268477111] -> 25146 Serpent Demon Bifrons admin_server admserver.htm
[04.08.24 20:45:09] SUCCESS ADMTKD[268477111] -> 25146 Serpent Demon Bifrons admin_server_shutdown
[04.08.24 20:45:12] SUCCESS ADMTKD[268477111] -> 25146 Serpent Demon Bifrons admin_server_restart 30
[04.08.24 21:54:31] SUCCESS ADMTKD[268544787] admin_admin
[04.08.24 21:54:32] SUCCESS ADMTKD[268544787] admin_invis
[04.08.24 21:58:07] SUCCESS ADMTKD[268544787] -> ADMTKD[268544787] admin_sethero
[04.08.24 21:59:25] SUCCESS ADMTKD[268544787] -> ADMTKD[268544787] admin_admin
[04.08.24 22:00:59] SUCCESS ADMTKD[268544787] -> 18342 Gremlin admin_admin
[04.08.24 22:01:00] SUCCESS ADMTKD[268544787] -> 18342 Gremlin admin_char_manage
[04.08.24 22:01:01] SUCCESS ADMTKD[268544787] -> 18342 Gremlin admin_show_characters 0
[04.08.24 22:02:14] FAIL    ADMTKD[268544787] -> 18342 Gremlin admin_summon 80728 1
[04.08.24 22:02:14] FAIL    ADMTKD[268544787] -> 18342 Gremlin admin_summon 8190 1
[04.08.24 22:02:15] FAIL    ADMTKD[268544787] -> 18342 Gremlin admin_summon 8190 1
[04.08.24 22:02:16] FAIL    ADMTKD[268544787] -> 18342 Gremlin admin_summon 80767 1
[04.08.24 22:02:17] FAIL    ADMTKD[268544787] -> 18342 Gremlin admin_summon 80728 1
[04.08.24 22:02:42] SUCCESS ADMTKD[268544787] -> ADMTKD[268544787] admin_gmspeed 4
[04.08.24 22:03:50] SUCCESS ADMTKD[268544787] -> ADMTKD[268544787] admin_admin
[04.08.24 22:03:51] SUCCESS ADMTKD[268544787] -> ADMTKD[268544787] admin_invis
[04.08.24 22:04:11] SUCCESS ADMTKD[268544787] -> ADMTKD[268544787] admin_admin
[04.08.24 22:04:11] SUCCESS ADMTKD[268544787] -> ADMTKD[268544787] admin_char_manage
[04.08.24 22:04:12] SUCCESS ADMTKD[268544787] -> ADMTKD[268544787] admin_show_characters 0
[04.08.24 22:04:36] SUCCESS ADMTKD[268544787] -> 18342 Gremlin admin_admin
[04.08.24 22:04:40] SUCCESS ADMTKD[268544787] -> ADMTKD[268544787] admin_itemcreate
[04.08.24 22:04:45] SUCCESS ADMTKD[268544787] -> ADMTKD[268544787] admin_create_item 57 6666666666
[04.08.24 22:04:51] SUCCESS ADMTKD[268544787] -> ADMTKD[268544787] admin_create_item 57 99999999999
[04.08.24 22:04:57] SUCCESS ADMTKD[268544787] -> ADMTKD[268544787] admin_create_item 57 99999999999999
[04.08.24 22:07:33] SUCCESS ADMTKD[268544787] -> ADMTKD[268544787] admin_admin
[04.08.24 22:07:34] SUCCESS ADMTKD[268544787] -> ADMTKD[268544787] admin_char_manage
[04.08.24 22:07:35] SUCCESS ADMTKD[268544787] -> ADMTKD[268544787] admin_show_characters 0
[04.08.24 22:07:51] SUCCESS ADMTKD[268544787] -> ADMTKD[268544787] admin_show_characters 0
[04.08.24 22:07:52] SUCCESS ADMTKD[268544787] -> ADMTKD[268544787] admin_show_characters 0
[04.08.24 22:07:53] SUCCESS ADMTKD[268544787] -> ADMTKD[268544787] admin_admin
[04.08.24 22:07:54] SUCCESS ADMTKD[268544787] -> ADMTKD[268544787] admin_server admserver.htm
[04.08.24 22:07:55] SUCCESS ADMTKD[268544787] -> ADMTKD[268544787] admin_server_shutdown
[04.08.24 22:07:57] SUCCESS ADMTKD[268544787] -> ADMTKD[268544787] admin_server_restart 1
[04.08.24 22:13:17] SUCCESS ADMTKD[268544787] admin_admin
[04.08.24 22:13:18] SUCCESS ADMTKD[268544787] admin_char_manage
[04.08.24 22:13:19] SUCCESS ADMTKD[268544787] admin_show_characters 0
[04.08.24 22:21:31] SUCCESS ADMTKD[268544787] admin_show_characters 0
[04.08.24 22:40:47] SUCCESS ADMTKD[268544787] admin_admin
[04.08.24 22:40:48] SUCCESS ADMTKD[268544787] admin_char_manage
[04.08.24 22:40:49] SUCCESS ADMTKD[268544787] admin_show_characters 0
[04.08.24 22:41:43] SUCCESS ADMTKD[268544787] admin_admin
[04.08.24 22:41:43] SUCCESS ADMTKD[268544787] admin_server admserver.htm
[04.08.24 22:41:45] SUCCESS ADMTKD[268544787] admin_show_html gmcommands.htm
[04.08.24 22:41:51] SUCCESS ADMTKD[268544787] admin_show_html admhelp.htm
[04.08.24 22:41:53] SUCCESS ADMTKD[268544787] admin_admin
[04.08.24 22:41:55] SUCCESS ADMTKD[268544787] admin_server admserver.htm
[04.08.24 22:41:56] SUCCESS ADMTKD[268544787] admin_show_html reload.htm
[04.08.24 22:42:05] SUCCESS ADMTKD[268544787] admin_reload_npc
[04.08.24 22:52:50] SUCCESS ADMTKD[268544787] -> 18342 Gremlin admin_admin
[04.08.24 22:52:51] SUCCESS ADMTKD[268544787] -> 18342 Gremlin admin_char_manage
[04.08.24 22:52:52] SUCCESS ADMTKD[268544787] -> 18342 Gremlin admin_show_characters 0
[04.08.24 22:53:07] SUCCESS ADMTKD[268544787] -> OzzY[268544217] admin_character_list OzzY
[04.08.24 22:53:09] SUCCESS ADMTKD[268544787] -> OzzY[268544217] admin_character_actions
[04.08.24 22:53:10] SUCCESS ADMTKD[268544787] admin_teleportto OzzY
[04.08.24 22:57:48] SUCCESS ADMTKD[268544787] admin_admin
[04.08.24 22:57:50] SUCCESS ADMTKD[268544787] admin_char_manage
[04.08.24 22:57:50] SUCCESS ADMTKD[268544787] admin_show_characters 0
[04.08.24 22:57:54] SUCCESS ADMTKD[268544787] -> OzzY[268544217] admin_character_list OzzY
[04.08.24 22:57:57] SUCCESS ADMTKD[268544787] -> OzzY[268544217] admin_character_actions
[04.08.24 22:57:59] SUCCESS ADMTKD[268544787] admin_teleportto OzzY
[04.08.24 23:02:41] SUCCESS ADMTKD[268544787] admin_admin
[04.08.24 23:02:53] SUCCESS ADMTKD[268544787] admin_admin
[04.08.24 23:02:55] SUCCESS ADMTKD[268544787] admin_show_moves
[04.08.24 23:03:15] SUCCESS ADMTKD[268544787] admin_show_html teleports/townarea.htm
[04.08.24 23:03:22] SUCCESS ADMTKD[268544787] admin_show_html teleports/townarea/talkingisland.htm
[04.08.24 23:03:30] SUCCESS ADMTKD[268544787] admin_move_to 48736 248463 -6162
[04.08.24 23:04:11] SUCCESS ADMTKD[268544787] -> 20097 Drill Bat admin_admin
[04.08.24 23:04:16] SUCCESS ADMTKD[268544787] -> 20097 Drill Bat admin_char_manage
[04.08.24 23:04:17] SUCCESS ADMTKD[268544787] -> 20097 Drill Bat admin_show_characters 0
[04.08.24 23:04:22] SUCCESS ADMTKD[268544787] -> OzzY[268544217] admin_character_list OzzY
[04.08.24 23:04:23] SUCCESS ADMTKD[268544787] -> OzzY[268544217] admin_character_actions
[04.08.24 23:04:25] SUCCESS ADMTKD[268544787] -> OzzY[268544217] admin_recall OzzY
[04.08.24 23:04:28] SUCCESS ADMTKD[268544787] -> OzzY[268544217] admin_admin
[04.08.24 23:04:29] SUCCESS ADMTKD[268544787] -> OzzY[268544217] admin_invis
[04.08.24 23:05:15] SUCCESS ADMTKD[268544787] -> ADMTKD[268544787] admin_setinvul
[04.08.24 23:05:42] SUCCESS ADMTKD[268544787] -> 20362 Tunath Orc Warrior admin_admin
[04.08.24 23:05:45] SUCCESS ADMTKD[268544787] -> 20362 Tunath Orc Warrior admin_gmshop
[04.08.24 23:05:49] SUCCESS ADMTKD[268544787] -> 20362 Tunath Orc Warrior admin_buy 9105
[04.08.24 23:06:11] SUCCESS ADMTKD[268544787] -> 20362 Tunath Orc Warrior admin_admin
[04.08.24 23:06:14] SUCCESS ADMTKD[268544787] -> 20362 Tunath Orc Warrior admin_gmshop
[04.08.24 23:06:16] SUCCESS ADMTKD[268544787] -> 20362 Tunath Orc Warrior admin_show_html gmshop/weapons.htm
[04.08.24 23:06:17] SUCCESS ADMTKD[268544787] -> 20362 Tunath Orc Warrior admin_show_html gmshop/nogradew.htm
[04.08.24 23:06:19] SUCCESS ADMTKD[268544787] -> 20362 Tunath Orc Warrior admin_buy 9234
[04.08.24 23:07:10] SUCCESS ADMTKD[268544787] -> OzzY[268544217] admin_admin
[04.08.24 23:07:12] SUCCESS ADMTKD[268544787] -> OzzY[268544217] admin_invis
[04.08.24 23:07:17] SUCCESS ADMTKD[268544787] -> OzzY[268544217] admin_admin
[04.08.24 23:07:53] SUCCESS ADMTKD[268544787] -> OzzY[268544217] admin_admin
[04.08.24 23:07:54] SUCCESS ADMTKD[268544787] -> OzzY[268544217] admin_invis
[04.08.24 23:08:01] SUCCESS ADMTKD[268544787] -> OzzY[268544217] admin_admin
[04.08.24 23:08:02] SUCCESS ADMTKD[268544787] -> OzzY[268544217] admin_invis
[04.08.24 23:08:37] SUCCESS ADMTKD[268544787] -> OzzY[268544217] admin_admin
[04.08.24 23:08:39] SUCCESS ADMTKD[268544787] -> OzzY[268544217] admin_show_moves
[04.08.24 23:08:42] SUCCESS ADMTKD[268544787] -> OzzY[268544217] admin_show_html teleports/townarea.htm
[04.08.24 23:08:44] SUCCESS ADMTKD[268544787] -> OzzY[268544217] admin_show_html teleports/townarea/gludin.htm
[04.08.24 23:08:52] SUCCESS ADMTKD[268544787] -> OzzY[268544217] admin_show_html teleports/townarea.htm
[04.08.24 23:12:59] SUCCESS ADMTKD[268544787] -> OzzY[268544217] admin_admin
[04.08.24 23:13:00] SUCCESS ADMTKD[268544787] -> OzzY[268544217] admin_char_manage
[04.08.24 23:13:01] SUCCESS ADMTKD[268544787] -> OzzY[268544217] admin_show_characters 0
[04.08.24 23:13:03] SUCCESS ADMTKD[268544787] -> OzzY[268544217] admin_character_list OzzY
[04.08.24 23:13:06] SUCCESS ADMTKD[268544787] -> OzzY[268544217] admin_character_actions
[04.08.24 23:13:07] SUCCESS ADMTKD[268544787] admin_teleportto OzzY
[04.08.24 23:17:33] SUCCESS ADMTKD[268544787] admin_admin
[04.08.24 23:17:36] SUCCESS ADMTKD[268544787] admin_show_moves
[04.08.24 23:17:38] SUCCESS ADMTKD[268544787] admin_show_html teleports/raid.htm
[04.08.24 23:17:39] SUCCESS ADMTKD[268544787] admin_show_html teleports/raid/raid_20.htm
[04.08.24 23:17:41] SUCCESS ADMTKD[268544787] admin_move_to 48000 243376 -6611
[04.08.24 23:17:49] SUCCESS ADMTKD[268544787] admin_admin
[04.08.24 23:17:51] SUCCESS ADMTKD[268544787] admin_char_manage
[04.08.24 23:17:52] SUCCESS ADMTKD[268544787] admin_show_characters 0
[04.08.24 23:17:54] SUCCESS ADMTKD[268544787] -> Elfdagger[268544228] admin_character_list Elfdagger
[04.08.24 23:17:58] SUCCESS ADMTKD[268544787] -> Elfdagger[268544228] admin_character_actions
[04.08.24 23:18:01] SUCCESS ADMTKD[268544787] -> Elfdagger[268544228] admin_recall Elfdagger
[04.08.24 23:21:51] SUCCESS ADMTKD[268544787] -> 25372 Discarded Guardian admin_admin
[04.08.24 23:21:52] SUCCESS ADMTKD[268544787] -> 25372 Discarded Guardian admin_char_manage
[04.08.24 23:21:53] SUCCESS ADMTKD[268544787] -> 25372 Discarded Guardian admin_show_characters 0
[04.08.24 23:21:56] SUCCESS ADMTKD[268544787] -> Elfdagger[268544228] admin_character_list Elfdagger
[04.08.24 23:21:57] SUCCESS ADMTKD[268544787] -> Elfdagger[268544228] admin_character_actions
[04.08.24 23:21:58] SUCCESS ADMTKD[268544787] -> Elfdagger[268544228] admin_recall Elfdagger
[04.08.24 23:22:40] SUCCESS ADMTKD[268544787] -> Elfdagger[268544228] admin_res
[04.08.24 23:24:03] SUCCESS ADMTKD[268544787] admin_show_characters 0
[04.08.24 23:24:05] SUCCESS ADMTKD[268544787] -> Elfdagger[268544228] admin_character_list Elfdagger
[04.08.24 23:24:06] SUCCESS ADMTKD[268544787] -> Elfdagger[268544228] admin_character_actions
[04.08.24 23:24:07] SUCCESS ADMTKD[268544787] -> Elfdagger[268544228] admin_recall Elfdagger
[04.08.24 23:26:02] SUCCESS ADMTKD[268544787] -> Elfdagger[268544228] admin_admin
[04.08.24 23:26:07] SUCCESS ADMTKD[268544787] -> Elfdagger[268544228] admin_show_moves
[04.08.24 23:26:08] SUCCESS ADMTKD[268544787] -> Elfdagger[268544228] admin_show_html teleports/raid.htm
[04.08.24 23:26:12] SUCCESS ADMTKD[268544787] -> Elfdagger[268544228] admin_show_html teleports/raid/raid_20.htm
[04.08.24 23:26:14] SUCCESS ADMTKD[268544787] admin_move_to -3456 112864 -3456
[04.08.24 23:26:22] SUCCESS ADMTKD[268544787] admin_admin
[04.08.24 23:26:23] SUCCESS ADMTKD[268544787] admin_char_manage
[04.08.24 23:26:24] SUCCESS ADMTKD[268544787] admin_show_characters 0
[04.08.24 23:26:26] SUCCESS ADMTKD[268544787] -> Elfdagger[268544228] admin_character_list Elfdagger
[04.08.24 23:26:27] SUCCESS ADMTKD[268544787] -> Elfdagger[268544228] admin_character_actions
[04.08.24 23:26:28] SUCCESS ADMTKD[268544787] -> Elfdagger[268544228] admin_recall Elfdagger
[04.08.24 23:34:56] SUCCESS ADMTKD[268544787] -> Elfdagger[268544228] admin_admin
[04.08.24 23:34:57] SUCCESS ADMTKD[268544787] -> Elfdagger[268544228] admin_show_moves
[04.08.24 23:34:59] SUCCESS ADMTKD[268544787] -> Elfdagger[268544228] admin_admin
[04.08.24 23:35:00] SUCCESS ADMTKD[268544787] -> Elfdagger[268544228] admin_char_manage
[04.08.24 23:35:01] SUCCESS ADMTKD[268544787] -> Elfdagger[268544228] admin_show_characters 0
[04.08.24 23:35:06] SUCCESS ADMTKD[268544787] -> DarkElfMago[268545187] admin_character_list DarkElfMago
[04.08.24 23:35:08] SUCCESS ADMTKD[268544787] -> DarkElfMago[268545187] admin_character_actions
[04.08.24 23:35:09] SUCCESS ADMTKD[268544787] admin_teleportto DarkElfMago
[04.08.24 23:39:35] SUCCESS ADMTKD[268544787] admin_admin
[04.08.24 23:39:37] SUCCESS ADMTKD[268544787] admin_char_manage
[04.08.24 23:39:37] SUCCESS ADMTKD[268544787] admin_show_characters 0
[04.08.24 23:39:39] SUCCESS ADMTKD[268544787] -> Elfdagger[268544228] admin_character_list Elfdagger
[04.08.24 23:39:42] SUCCESS ADMTKD[268544787] -> Elfdagger[268544228] admin_character_actions
[04.08.24 23:39:43] SUCCESS ADMTKD[268544787] admin_teleportto Elfdagger
[04.08.24 23:41:20] SUCCESS ADMTKD[268544787] admin_admin
[04.08.24 23:43:06] SUCCESS ADMTKD[268544787] admin_admin
[04.08.24 23:43:08] SUCCESS ADMTKD[268544787] admin_show_moves
[04.08.24 23:43:10] SUCCESS ADMTKD[268544787] admin_show_html teleports/raid.htm
[04.08.24 23:43:12] SUCCESS ADMTKD[268544787] admin_show_html teleports/raid/raid_20.htm
[04.08.24 23:43:15] SUCCESS ADMTKD[268544787] admin_move_to 48000 243376 -6611
[04.08.24 23:43:22] SUCCESS ADMTKD[268544787] admin_admin
[04.08.24 23:43:23] SUCCESS ADMTKD[268544787] admin_show_moves
[04.08.24 23:43:26] SUCCESS ADMTKD[268544787] admin_admin
[04.08.24 23:43:26] SUCCESS ADMTKD[268544787] admin_show_moves
[04.08.24 23:43:28] SUCCESS ADMTKD[268544787] admin_admin
[04.08.24 23:43:29] SUCCESS ADMTKD[268544787] admin_char_manage
[04.08.24 23:43:29] SUCCESS ADMTKD[268544787] admin_show_characters 0
[04.08.24 23:43:31] SUCCESS ADMTKD[268544787] -> Elfdagger[268544228] admin_character_list Elfdagger
[04.08.24 23:43:33] SUCCESS ADMTKD[268544787] -> Elfdagger[268544228] admin_character_actions
[04.08.24 23:43:34] SUCCESS ADMTKD[268544787] -> Elfdagger[268544228] admin_recall Elfdagger
[04.08.24 23:45:56] SUCCESS ADMTKD[268544787] -> Elfdagger[268544228] admin_admin
[04.08.24 23:45:58] SUCCESS ADMTKD[268544787] -> Elfdagger[268544228] admin_char_manage
[04.08.24 23:45:59] SUCCESS ADMTKD[268544787] -> Elfdagger[268544228] admin_show_characters 0
[04.08.24 23:46:47] SUCCESS ADMTKD[268544787] -> Elfdagger[268544228] admin_admin
[04.08.24 23:46:50] SUCCESS ADMTKD[268544787] -> Elfdagger[268544228] admin_char_manage
[04.08.24 23:46:51] SUCCESS ADMTKD[268544787] -> Elfdagger[268544228] admin_show_characters 0
[04.08.24 23:46:52] SUCCESS ADMTKD[268544787] -> DarkElfMago[268545187] admin_character_list DarkElfMago
[04.08.24 23:46:54] SUCCESS ADMTKD[268544787] -> DarkElfMago[268545187] admin_character_actions
[04.08.24 23:46:55] SUCCESS ADMTKD[268544787] -> DarkElfMago[268545187] admin_recall DarkElfMago
[04.08.24 23:53:23] SUCCESS ADMTKD[268544787] admin_admin
[04.08.24 23:53:25] SUCCESS ADMTKD[268544787] admin_char_manage
[04.08.24 23:53:26] SUCCESS ADMTKD[268544787] admin_gmshop
[04.08.24 23:53:27] SUCCESS ADMTKD[268544787] admin_char_manage
[04.08.24 23:53:28] SUCCESS ADMTKD[268544787] admin_server admserver.htm
[04.08.24 23:53:30] SUCCESS ADMTKD[268544787] admin_admin
[04.08.24 23:53:31] SUCCESS ADMTKD[268544787] admin_show_moves
[04.08.24 23:53:32] SUCCESS ADMTKD[268544787] admin_show_html teleports/raid.htm
[04.08.24 23:53:33] SUCCESS ADMTKD[268544787] admin_show_html teleports/raid/raid_20.htm
[04.08.24 23:53:37] SUCCESS ADMTKD[268544787] admin_move_to 22500 80300 -2772
[04.08.24 23:55:20] SUCCESS ADMTKD[268544787] -> 25375 Zombie Lord Farakelsus admin_admin
[04.08.24 23:55:23] SUCCESS ADMTKD[268544787] -> 25375 Zombie Lord Farakelsus admin_show_moves
[04.08.24 23:55:24] SUCCESS ADMTKD[268544787] -> 25375 Zombie Lord Farakelsus admin_show_html teleports/raid.htm
[04.08.24 23:55:25] SUCCESS ADMTKD[268544787] -> 25375 Zombie Lord Farakelsus admin_show_html teleports/raid/raid_20.htm
[04.08.24 23:55:29] SUCCESS ADMTKD[268544787] admin_move_to -54096 84288 -3512
[04.08.24 23:57:07] SUCCESS ADMTKD[268544787] -> 25378 Madness Beast admin_admin
[04.08.24 23:57:09] SUCCESS ADMTKD[268544787] -> 25378 Madness Beast admin_show_moves
[04.08.24 23:57:12] SUCCESS ADMTKD[268544787] -> 25378 Madness Beast admin_show_html teleports/raid.htm
[04.08.24 23:57:14] SUCCESS ADMTKD[268544787] -> 25378 Madness Beast admin_show_html teleports/raid/raid_20.htm
[04.08.24 23:57:19] SUCCESS ADMTKD[268544787] admin_move_to -13056 215680 -3760
[04.08.24 23:59:36] SUCCESS ADMTKD[268544787] -> 25146 Serpent Demon Bifrons admin_admin
[04.08.24 23:59:37] SUCCESS ADMTKD[268544787] -> 25146 Serpent Demon Bifrons admin_show_moves
[04.08.24 23:59:38] SUCCESS ADMTKD[268544787] -> 25146 Serpent Demon Bifrons admin_show_html teleports/raid.htm
[04.08.24 23:59:40] SUCCESS ADMTKD[268544787] -> 25146 Serpent Demon Bifrons admin_show_html teleports/raid/raid_20.htm
[04.08.24 23:59:46] SUCCESS ADMTKD[268544787] admin_move_to -3456 112864 -3456
