[09.08.24 10:50:43] SUCCESS COVID20[268549759] admin_admin
[09.08.24 10:50:50] SUCCESS COVID20[268549759] admin_admin
[09.08.24 10:50:52] SUCCESS COVID20[268549759] admin_invis
[09.08.24 10:52:32] SUCCESS COVID20[268549759] admin_admin
[09.08.24 10:52:32] SUCCESS COVID20[268549759] admin_admin
[09.08.24 10:52:33] SUCCESS COVID20[268549759] admin_admin
[09.08.24 10:52:34] SUCCESS COVID20[268549759] admin_admin
[09.08.24 10:52:35] SUCCESS COVID20[268549759] admin_admin
[09.08.24 10:52:36] SUCCESS COVID20[268549759] admin_admin
[09.08.24 12:05:25] SUCCESS COVID20[268549759] admin_admin
[09.08.24 12:05:26] SUCCESS COVID20[268549759] admin_server admserver.htm
[09.08.24 12:05:27] SUCCESS COVID20[268549759] admin_server_shutdown
[09.08.24 12:05:28] SUCCESS COVID20[268549759] admin_server_restart 1
[09.08.24 12:06:31] SUCCESS COVID20[268549759] admin_admin
[09.08.24 12:06:38] SUCCESS COVID20[268549759] -> COVID20[268549759] admin_setlevel 80
[09.08.24 12:06:40] SUCCESS COVID20[268549759] -> COVID20[268549759] admin_admin
[09.08.24 12:06:42] SUCCESS COVID20[268549759] -> COVID20[268549759] admin_gmshop
[09.08.24 12:06:43] SUCCESS COVID20[268549759] -> COVID20[268549759] admin_show_html gmshop/weapons.htm
[09.08.24 12:06:44] SUCCESS COVID20[268549759] -> COVID20[268549759] admin_show_html gmshop/sgradew.htm
[09.08.24 12:06:48] SUCCESS COVID20[268549759] -> COVID20[268549759] admin_buy 9277
[09.08.24 12:07:00] SUCCESS COVID20[268549759] -> COVID20[268549759] admin_admin
[09.08.24 12:07:02] SUCCESS COVID20[268549759] -> COVID20[268549759] admin_gmshop
[09.08.24 12:07:04] SUCCESS COVID20[268549759] -> COVID20[268549759] admin_buy 9106
[09.08.24 12:21:12] SUCCESS COVID20[268549759] -> COVID20[268549759] admin_admin
[09.08.24 12:21:18] SUCCESS COVID20[268549759] -> COVID20[268549759] admin_server admserver.htm
[09.08.24 12:21:20] SUCCESS COVID20[268549759] -> COVID20[268549759] admin_server_shutdown
[09.08.24 12:21:21] SUCCESS COVID20[268549759] -> COVID20[268549759] admin_server_restart 2
[09.08.24 12:24:27] SUCCESS COVID20[268549759] admin_admin
[09.08.24 12:24:31] SUCCESS COVID20[268549759] -> COVID20[268549759] admin_itemcreate
[09.08.24 12:24:46] SUCCESS COVID20[268549759] -> COVID20[268549759] admin_admin
[09.08.24 12:24:47] SUCCESS COVID20[268549759] -> COVID20[268549759] admin_itemcreate
[09.08.24 12:24:48] SUCCESS COVID20[268549759] -> COVID20[268549759] admin_admin
[09.08.24 12:24:49] SUCCESS COVID20[268549759] -> COVID20[268549759] admin_enchant
[09.08.24 12:24:57] SUCCESS COVID20[268549759] -> COVID20[268549759] admin_setew 0
[09.08.24 12:25:05] SUCCESS COVID20[268549759] -> COVID20[268549759] admin_setew 3
[09.08.24 12:25:08] SUCCESS COVID20[268549759] -> COVID20[268549759] admin_admin
[09.08.24 12:25:11] SUCCESS COVID20[268549759] -> COVID20[268549759] admin_gmshop
[09.08.24 12:25:13] SUCCESS COVID20[268549759] -> COVID20[268549759] admin_buy 9106
[09.08.24 16:38:02] SUCCESS COVID20[268549759] -> 31851 Treant admin_admin
[09.08.24 16:38:03] SUCCESS COVID20[268549759] -> 31851 Treant admin_char_manage
[09.08.24 16:38:04] SUCCESS COVID20[268549759] -> 31851 Treant admin_show_characters 0
[09.08.24 16:38:06] SUCCESS COVID20[268549759] -> 31851 Treant admin_admin
