[31.03.24 15:48:19] SUCCESS ADMTKD[268477111] admin_admin
[31.03.24 15:48:20] SUCCESS ADMTKD[268477111] admin_invis
[31.03.24 15:54:46] SUCCESS ADMTKD[268477111] -> ADMTKD[268477111] admin_setlevel 80
[31.03.24 15:54:48] SUCCESS ADMTKD[268477111] -> ADMTKD[268477111] admin_admin
[31.03.24 15:54:49] SUCCESS ADMTKD[268477111] -> ADMTKD[268477111] admin_show_moves
[31.03.24 15:54:50] SUCCESS ADMTKD[268477111] -> ADMTKD[268477111] admin_show_html teleports/townarea.htm
[31.03.24 15:54:52] SUCCESS ADMTKD[268477111] -> ADMTKD[268477111] admin_show_html teleports.htm
[31.03.24 15:54:52] SUCCESS ADMTKD[268477111] -> ADMTKD[268477111] admin_show_html teleports/town.htm
[31.03.24 15:54:53] SUCCESS ADMTKD[268477111] -> ADMTKD[268477111] admin_show_html teleports/town/giran.htm
[31.03.24 15:54:54] SUCCESS ADMTKD[268477111] admin_move_to 82698 148638 -3473
[31.03.24 16:00:43] SUCCESS ADMTKD[268477111] admin_admin
[31.03.24 16:00:45] SUCCESS ADMTKD[268477111] admin_server admserver.htm
[31.03.24 16:00:45] SUCCESS ADMTKD[268477111] admin_server_shutdown
[31.03.24 16:00:46] SUCCESS ADMTKD[268477111] admin_server_restart 1
[31.03.24 16:02:43] SUCCESS ADMTKD[268477111] admin_admin
[31.03.24 16:02:44] SUCCESS ADMTKD[268477111] admin_invis
[31.03.24 16:02:52] SUCCESS ADMTKD[268477111] -> ADMTKD[268477111] admin_admin
[31.03.24 16:03:00] SUCCESS ADMTKD[268477111] -> ADMTKD[268477111] admin_itemcreate
[31.03.24 16:03:11] SUCCESS ADMTKD[268477111] -> ADMTKD[268477111] admin_create_item 57 9999999999999
[31.03.24 16:04:35] SUCCESS ADMTKD[268477111] -> 31860 Buzz the Cat admin_admin
[31.03.24 16:04:37] SUCCESS ADMTKD[268477111] -> 31860 Buzz the Cat admin_server admserver.htm
[31.03.24 16:04:39] SUCCESS ADMTKD[268477111] -> 31860 Buzz the Cat admin_server_shutdown
[31.03.24 16:04:41] SUCCESS ADMTKD[268477111] -> 31860 Buzz the Cat admin_server_restart 1
[31.03.24 16:05:54] SUCCESS ADMTKD[268477111] -> 31860 Buzz the Cat admin_admin
[31.03.24 16:05:55] SUCCESS ADMTKD[268477111] -> 31860 Buzz the Cat admin_invis
[31.03.24 16:08:16] SUCCESS ADMTKD[268477111] -> ADMTKD[268477111] admin_admin
[31.03.24 16:08:17] SUCCESS ADMTKD[268477111] -> ADMTKD[268477111] admin_server admserver.htm
[31.03.24 16:08:18] SUCCESS ADMTKD[268477111] -> ADMTKD[268477111] admin_server_shutdown
[31.03.24 16:08:18] SUCCESS ADMTKD[268477111] -> ADMTKD[268477111] admin_server_restart 2
[31.03.24 16:09:47] SUCCESS ADMTKD[268477111] admin_admin
[31.03.24 16:09:48] SUCCESS ADMTKD[268477111] admin_invis
[31.03.24 16:10:34] SUCCESS ADMTKD[268477111] -> ADMTKD[268477111] admin_gmspeed 4
[31.03.24 16:12:26] SUCCESS ADMTKD[268477111] -> ADMTKD[268477111] admin_setlevel 79
[31.03.24 16:13:05] SUCCESS ADMTKD[268477111] -> ADMTKD[268477111] admin_admin
[31.03.24 16:13:06] SUCCESS ADMTKD[268477111] -> ADMTKD[268477111] admin_gmshop
[31.03.24 16:13:07] SUCCESS ADMTKD[268477111] -> ADMTKD[268477111] admin_gmshop
[31.03.24 16:13:09] SUCCESS ADMTKD[268477111] -> ADMTKD[268477111] admin_show_html gmshop/weapons.htm
[31.03.24 16:13:12] SUCCESS ADMTKD[268477111] -> ADMTKD[268477111] admin_show_html gmshop/sgradew.htm
[31.03.24 16:13:18] SUCCESS ADMTKD[268477111] -> ADMTKD[268477111] admin_buy 9281
[31.03.24 16:13:21] SUCCESS ADMTKD[268477111] -> ADMTKD[268477111] admin_admin
[31.03.24 16:13:22] SUCCESS ADMTKD[268477111] -> ADMTKD[268477111] admin_gmshop
[31.03.24 16:13:23] SUCCESS ADMTKD[268477111] -> ADMTKD[268477111] admin_show_html gmshop/weapons.htm
[31.03.24 16:13:25] SUCCESS ADMTKD[268477111] -> ADMTKD[268477111] admin_show_html gmshop/sgradew.htm
[31.03.24 16:13:30] SUCCESS ADMTKD[268477111] -> ADMTKD[268477111] admin_buy 9280
[31.03.24 16:13:55] SUCCESS ADMTKD[268477111] -> ADMTKD[268477111] admin_admin
[31.03.24 16:13:58] SUCCESS ADMTKD[268477111] -> ADMTKD[268477111] admin_gmshop
[31.03.24 16:14:02] SUCCESS ADMTKD[268477111] -> ADMTKD[268477111] admin_buy 9105
[31.03.24 16:14:33] FAIL    ADMTKD[268477111] -> ADMTKD[268477111] admin_summon 12641 1
[31.03.24 16:14:39] SUCCESS ADMTKD[268477111] -> ADMTKD[268477111] admin_summon 6373 1
[31.03.24 16:14:40] SUCCESS ADMTKD[268477111] -> ADMTKD[268477111] admin_summon 6374 1
[31.03.24 16:14:40] SUCCESS ADMTKD[268477111] -> ADMTKD[268477111] admin_summon 6375 1
[31.03.24 16:14:41] SUCCESS ADMTKD[268477111] -> ADMTKD[268477111] admin_summon 6376 1
[31.03.24 16:14:42] SUCCESS ADMTKD[268477111] -> ADMTKD[268477111] admin_summon 6378 1
[31.03.24 16:15:03] SUCCESS ADMTKD[268477111] -> ADMTKD[268477111] admin_summon 6377 1
[31.03.24 16:21:34] FAIL    ADMTKD[268477111] -> 21350 Varka Silenos Recruit admin_summon 728 10000
[31.03.24 16:21:40] SUCCESS ADMTKD[268477111] -> ADMTKD[268477111] admin_summon 728 10000
[31.03.24 16:30:18] SUCCESS ADMTKD[268477111] -> 21369 Varka's Commander admin_admin
[31.03.24 16:30:19] SUCCESS ADMTKD[268477111] -> 21369 Varka's Commander admin_server admserver.htm
[31.03.24 16:31:09] SUCCESS ADMTKD[268477111] -> 21351 Varka Silenos Footman admin_server admserver.htm
[31.03.24 16:31:10] SUCCESS ADMTKD[268477111] -> 21351 Varka Silenos Footman admin_server admserver.htm
[31.03.24 16:32:14] SUCCESS ADMTKD[268477111] -> 21370 Varka's Elite Guard admin_server admserver.htm
[31.03.24 16:32:15] SUCCESS ADMTKD[268477111] -> 21370 Varka's Elite Guard admin_server_shutdown
[31.03.24 16:32:16] SUCCESS ADMTKD[268477111] -> 21370 Varka's Elite Guard admin_server_restart 2
[31.03.24 16:37:05] SUCCESS ADMTKD[268477111] -> ADMTKD[268477111] admin_setlevel 1
[31.03.24 16:37:11] SUCCESS ADMTKD[268477111] -> ADMTKD[268477111] admin_setlevel 99
[31.03.24 16:37:17] SUCCESS ADMTKD[268477111] -> ADMTKD[268477111] admin_setlevel 80
[31.03.24 16:37:28] SUCCESS ADMTKD[268477111] -> ADMTKD[268477111] admin_admin
[31.03.24 16:37:30] SUCCESS ADMTKD[268477111] -> ADMTKD[268477111] admin_invis
[31.03.24 16:37:44] SUCCESS ADMTKD[268477111] -> ADMTKD[268477111] admin_setinvul
[31.03.24 16:38:11] SUCCESS ADMTKD[268477111] -> 21350 Varka Silenos Recruit admin_gmspeed 4
[31.03.24 16:39:22] SUCCESS ADMTKD[268477111] -> 21350 Varka Silenos Recruit admin_admin
[31.03.24 16:39:23] SUCCESS ADMTKD[268477111] -> 21350 Varka Silenos Recruit admin_invis
[31.03.24 16:44:13] SUCCESS ADMTKD[268477111] admin_admin
[31.03.24 16:44:14] SUCCESS ADMTKD[268477111] admin_server admserver.htm
[31.03.24 16:44:15] SUCCESS ADMTKD[268477111] admin_server_shutdown
[31.03.24 16:44:16] SUCCESS ADMTKD[268477111] admin_server_restart 2
[31.03.24 16:48:21] SUCCESS ADMTKD[268477111] admin_admin
[31.03.24 16:48:22] SUCCESS ADMTKD[268477111] admin_invis
[31.03.24 16:48:25] SUCCESS ADMTKD[268477111] admin_admin
[31.03.24 16:48:27] SUCCESS ADMTKD[268477111] admin_server admserver.htm
[31.03.24 16:48:28] SUCCESS ADMTKD[268477111] admin_server_shutdown
[31.03.24 16:48:29] SUCCESS ADMTKD[268477111] admin_server_restart 1
[31.03.24 16:51:52] SUCCESS ADMTKD[268477111] admin_admin
[31.03.24 16:51:53] SUCCESS ADMTKD[268477111] admin_server admserver.htm
[31.03.24 16:51:53] SUCCESS ADMTKD[268477111] admin_server_shutdown
[31.03.24 16:51:54] SUCCESS ADMTKD[268477111] admin_server_restart 1
[31.03.24 16:52:49] SUCCESS ADMTKD[268477111] admin_admin
[31.03.24 16:52:50] SUCCESS ADMTKD[268477111] admin_server admserver.htm
[31.03.24 16:52:51] SUCCESS ADMTKD[268477111] admin_server_shutdown
[31.03.24 16:52:52] SUCCESS ADMTKD[268477111] admin_server_restart 2
[31.03.24 16:58:37] SUCCESS ADMTKD[268477111] admin_admin
[31.03.24 16:58:38] SUCCESS ADMTKD[268477111] admin_server admserver.htm
[31.03.24 16:58:39] SUCCESS ADMTKD[268477111] admin_server_shutdown
[31.03.24 16:58:40] SUCCESS ADMTKD[268477111] admin_server_restart 1
[31.03.24 17:05:30] SUCCESS ADMTKD[268477111] admin_admin
[31.03.24 17:05:31] SUCCESS ADMTKD[268477111] admin_server admserver.htm
[31.03.24 17:05:32] SUCCESS ADMTKD[268477111] admin_server_shutdown
[31.03.24 17:05:34] SUCCESS ADMTKD[268477111] admin_server_restart 1
[31.03.24 17:22:11] SUCCESS ADMTKD[268477111] admin_admin
[31.03.24 17:22:12] SUCCESS ADMTKD[268477111] admin_server admserver.htm
[31.03.24 17:22:12] SUCCESS ADMTKD[268477111] admin_server_shutdown
[31.03.24 17:22:14] SUCCESS ADMTKD[268477111] admin_server_restart 1
[31.03.24 17:51:50] SUCCESS ADMTKD[268477111] admin_admin
[31.03.24 17:51:51] SUCCESS ADMTKD[268477111] admin_server admserver.htm
[31.03.24 17:51:51] SUCCESS ADMTKD[268477111] admin_server_shutdown
[31.03.24 17:51:52] SUCCESS ADMTKD[268477111] admin_server_restart 1
