[05.08.24 00:00:17] SUCCESS ADMTKD[268544787] -> 20775 Bugbear Raider admin_admin
[05.08.24 00:00:24] SUCCESS ADMTKD[268544787] -> 20775 Bugbear Raider admin_show_moves
[05.08.24 00:00:25] SUCCESS ADMTKD[268544787] -> 20775 Bugbear Raider admin_show_html teleports/raid.htm
[05.08.24 00:00:26] SUCCESS ADMTKD[268544787] -> 20775 Bugbear Raider admin_show_html teleports/raid/raid_20.htm
[05.08.24 00:36:20] SUCCESS ADMTKD[268544787] -> 20775 Bugbear Raider admin_admin
[05.08.24 00:36:21] SUCCESS ADMTKD[268544787] -> 20775 Bugbear Raider admin_char_manage
[05.08.24 00:36:23] SUCCESS ADMTKD[268544787] -> 20775 Bugbear Raider admin_show_characters 0
[05.08.24 02:49:14] SUCCESS ADMTKD[268544787] -> 20775 Bugbear Raider admin_admin
[05.08.24 02:49:17] SUCCESS ADMTKD[268544787] -> 20775 Bugbear Raider admin_char_manage
[05.08.24 02:49:18] SUCCESS ADMTKD[268544787] -> 20775 Bugbear Raider admin_show_characters 0
[05.08.24 02:49:43] SUCCESS ADMTKD[268544787] -> OzzY[268544217] admin_character_list OzzY
[05.08.24 02:49:45] SUCCESS ADMTKD[268544787] -> OzzY[268544217] admin_character_actions
[05.08.24 02:49:46] SUCCESS ADMTKD[268544787] admin_teleportto OzzY
[05.08.24 02:51:08] SUCCESS ADMTKD[268544787] admin_admin
[05.08.24 02:51:12] SUCCESS ADMTKD[268544787] admin_show_moves
[05.08.24 02:51:16] SUCCESS ADMTKD[268544787] admin_admin
[05.08.24 02:51:17] SUCCESS ADMTKD[268544787] admin_char_manage
[05.08.24 02:51:17] SUCCESS ADMTKD[268544787] admin_show_characters 0
[05.08.24 02:51:28] SUCCESS ADMTKD[268544787] -> evanger[268544242] admin_character_list evanger
[05.08.24 02:51:29] SUCCESS ADMTKD[268544787] -> evanger[268544242] admin_character_actions
[05.08.24 02:51:31] FAIL    ADMTKD[268544787] admin_teleportto evanger
[05.08.24 02:51:34] SUCCESS ADMTKD[268544787] admin_admin
[05.08.24 02:51:35] SUCCESS ADMTKD[268544787] admin_char_manage
[05.08.24 02:51:37] SUCCESS ADMTKD[268544787] admin_show_characters 0
[05.08.24 02:54:17] SUCCESS ADMTKD[268544787] admin_show_characters 0
[05.08.24 02:54:17] SUCCESS ADMTKD[268544787] admin_show_characters 0
[05.08.24 02:54:17] SUCCESS ADMTKD[268544787] admin_show_characters 0
[05.08.24 03:38:01] SUCCESS ADMTKD[268544787] -> ADMTKD[268544787] admin_admin
[05.08.24 03:38:09] SUCCESS ADMTKD[268544787] -> ADMTKD[268544787] admin_invul
[05.08.24 04:41:06] SUCCESS ADMTKD[268544787] -> 40013 Item Mall admin_admin
[05.08.24 04:41:08] SUCCESS ADMTKD[268544787] -> 40013 Item Mall admin_enchant
[05.08.24 04:41:16] SUCCESS ADMTKD[268544787] -> ADMTKD[268544787] admin_setlevel 80
[05.08.24 04:41:48] SUCCESS ADMTKD[268544787] -> 40013 Item Mall admin_admin
[05.08.24 04:41:49] SUCCESS ADMTKD[268544787] -> 40013 Item Mall admin_invis
[05.08.24 04:41:52] SUCCESS ADMTKD[268544787] -> 40013 Item Mall admin_admin
[05.08.24 04:41:54] SUCCESS ADMTKD[268544787] -> 40013 Item Mall admin_gmshop
[05.08.24 04:42:06] SUCCESS ADMTKD[268544787] -> 40013 Item Mall admin_buy 9106
[05.08.24 05:06:06] SUCCESS ADMTKD[268544787] -> 40013 Item Mall admin_admin
[05.08.24 05:06:06] SUCCESS ADMTKD[268544787] -> 40013 Item Mall admin_char_manage
[05.08.24 05:06:07] SUCCESS ADMTKD[268544787] -> 40013 Item Mall admin_show_characters 0
[05.08.24 05:06:11] SUCCESS ADMTKD[268544787] -> 40013 Item Mall admin_admin
[05.08.24 05:06:12] SUCCESS ADMTKD[268544787] -> 40013 Item Mall admin_server admserver.htm
[05.08.24 05:06:13] SUCCESS ADMTKD[268544787] -> 40013 Item Mall admin_server_shutdown
[05.08.24 05:06:17] SUCCESS ADMTKD[268544787] -> 40013 Item Mall admin_server_restart 10
[05.08.24 16:40:02] SUCCESS Chupador[268536948] admin_admin
[05.08.24 16:40:03] SUCCESS Chupador[268536948] admin_char_manage
[05.08.24 16:40:04] SUCCESS Chupador[268536948] admin_show_characters 0
[05.08.24 16:40:05] SUCCESS Chupador[268536948] -> XxZinaxX[268536373] admin_character_list XxZinaxX
[05.08.24 16:40:07] SUCCESS Chupador[268536948] -> XxZinaxX[268536373] admin_character_actions
[05.08.24 16:40:09] SUCCESS Chupador[268536948] admin_teleportto XxZinaxX
[05.08.24 16:40:16] SUCCESS Chupador[268536948] admin_admin
[05.08.24 16:40:17] SUCCESS Chupador[268536948] admin_invis
[05.08.24 16:43:54] SUCCESS Chupador[268536948] admin_admin
[05.08.24 16:43:54] SUCCESS Chupador[268536948] admin_admin
[05.08.24 16:43:55] SUCCESS Chupador[268536948] admin_admin
[05.08.24 16:43:55] SUCCESS Chupador[268536948] admin_char_manage
[05.08.24 16:43:56] SUCCESS Chupador[268536948] admin_show_characters 0
[05.08.24 16:43:56] SUCCESS Chupador[268536948] admin_admin
[05.08.24 16:43:57] SUCCESS Chupador[268536948] admin_admin
[05.08.24 16:43:57] SUCCESS Chupador[268536948] admin_char_manage
[05.08.24 16:43:58] SUCCESS Chupador[268536948] admin_admin
[05.08.24 16:43:59] SUCCESS Chupador[268536948] admin_admin
[05.08.24 16:44:00] SUCCESS Chupador[268536948] admin_admin
[05.08.24 16:44:01] SUCCESS Chupador[268536948] admin_admin
[05.08.24 16:44:02] SUCCESS Chupador[268536948] admin_char_manage
[05.08.24 16:44:02] SUCCESS Chupador[268536948] admin_admin
[05.08.24 16:44:03] SUCCESS Chupador[268536948] admin_admin
[05.08.24 16:44:03] SUCCESS Chupador[268536948] admin_char_manage
[05.08.24 16:44:04] SUCCESS Chupador[268536948] admin_admin
[05.08.24 16:44:05] SUCCESS Chupador[268536948] admin_admin
[05.08.24 16:44:07] SUCCESS Chupador[268536948] admin_char_manage
[05.08.24 16:44:07] SUCCESS Chupador[268536948] admin_show_characters 0
[05.08.24 16:48:23] SUCCESS Chupador[268536948] admin_admin
[05.08.24 16:48:27] SUCCESS Chupador[268536948] admin_char_manage
[05.08.24 16:48:28] SUCCESS Chupador[268536948] admin_show_characters 0
[05.08.24 16:48:30] SUCCESS Chupador[268536948] -> XxZinaxX[268536373] admin_character_list XxZinaxX
[05.08.24 16:48:31] SUCCESS Chupador[268536948] -> XxZinaxX[268536373] admin_character_actions
[05.08.24 16:48:33] SUCCESS Chupador[268536948] -> XxZinaxX[268536373] admin_recall XxZinaxX
[05.08.24 16:55:42] SUCCESS Chupador[268536948] -> XxZinaxX[268536373] admin_admin
[05.08.24 16:55:43] SUCCESS Chupador[268536948] -> XxZinaxX[268536373] admin_gmshop
[05.08.24 16:55:46] SUCCESS Chupador[268536948] -> XxZinaxX[268536373] admin_buy 9105
[05.08.24 17:00:43] SUCCESS Chupador[268536948] -> XxZinaxX[268536373] admin_admin
[05.08.24 17:06:16] SUCCESS Chupador[268536948] -> XxZinaxX[268536373] admin_admin
[05.08.24 17:08:07] SUCCESS Chupador[268536948] -> XxZinaxX[268536373] admin_admin
[05.08.24 17:09:49] SUCCESS Chupador[268536948] -> Chupador[268536948] admin_setlevel 99
[05.08.24 17:27:44] SUCCESS Chupador[268536948] -> XxZinaxX[268536373] admin_admin
[05.08.24 17:27:49] SUCCESS Chupador[268536948] -> XxZinaxX[268536373] admin_admin
[05.08.24 17:28:47] SUCCESS Chupador[268536948] -> XxZinaxX[268536373] admin_admin
[05.08.24 17:28:50] SUCCESS Chupador[268536948] -> XxZinaxX[268536373] admin_gmshop
[05.08.24 17:28:53] SUCCESS Chupador[268536948] -> XxZinaxX[268536373] admin_buy 9106
[05.08.24 17:38:57] SUCCESS Chupador[268536948] admin_admin
[05.08.24 17:39:14] SUCCESS Chupador[268536948] -> 20092 Monster Eye admin_admin
[05.08.24 17:39:16] SUCCESS Chupador[268536948] -> 20092 Monster Eye admin_invis
[05.08.24 17:39:26] SUCCESS Chupador[268536948] admin_gmspeed 4
[05.08.24 17:40:09] SUCCESS Chupador[268536948] -> 20462 Cave Blade Spider admin_admin
[05.08.24 17:40:10] SUCCESS Chupador[268536948] -> 20462 Cave Blade Spider admin_char_manage
[05.08.24 17:40:11] SUCCESS Chupador[268536948] -> 20462 Cave Blade Spider admin_show_characters 0
[05.08.24 17:40:14] SUCCESS Chupador[268536948] -> XxZinaxX[268536373] admin_character_list XxZinaxX
[05.08.24 17:40:16] SUCCESS Chupador[268536948] -> XxZinaxX[268536373] admin_character_actions
[05.08.24 17:40:17] SUCCESS Chupador[268536948] -> XxZinaxX[268536373] admin_recall XxZinaxX
[05.08.24 17:40:33] SUCCESS Chupador[268536948] -> XxZinaxX[268536373] admin_admin
[05.08.24 17:40:34] SUCCESS Chupador[268536948] -> XxZinaxX[268536373] admin_invis
[05.08.24 18:00:05] SUCCESS Chupador[268536948] admin_admin
[05.08.24 18:00:58] SUCCESS Chupador[268536948] admin_admin
[05.08.24 18:00:59] SUCCESS Chupador[268536948] admin_char_manage
[05.08.24 18:00:59] SUCCESS Chupador[268536948] admin_show_characters 0
[05.08.24 18:01:00] SUCCESS Chupador[268536948] -> XxZinaxX[268536373] admin_character_list XxZinaxX
[05.08.24 18:01:01] SUCCESS Chupador[268536948] -> XxZinaxX[268536373] admin_character_actions
[05.08.24 18:01:02] SUCCESS Chupador[268536948] -> XxZinaxX[268536373] admin_recall XxZinaxX
[05.08.24 18:01:54] SUCCESS Chupador[268536948] -> XxZinaxX[268536373] admin_admin
[05.08.24 18:02:00] SUCCESS Chupador[268536948] -> XxZinaxX[268536373] admin_gmshop
[05.08.24 18:02:02] SUCCESS Chupador[268536948] -> XxZinaxX[268536373] admin_show_html gmshop/weapons.htm
[05.08.24 18:02:07] SUCCESS Chupador[268536948] -> XxZinaxX[268536373] admin_show_html gmshop/nogradew.htm
[05.08.24 18:02:12] SUCCESS Chupador[268536948] -> XxZinaxX[268536373] admin_buy 9236
[05.08.24 18:02:24] SUCCESS Chupador[268536948] -> XxZinaxX[268536373] admin_admin
[05.08.24 18:02:26] SUCCESS Chupador[268536948] -> XxZinaxX[268536373] admin_gmshop
[05.08.24 18:02:27] SUCCESS Chupador[268536948] -> XxZinaxX[268536373] admin_show_html gmshop/weapons.htm
[05.08.24 18:02:30] SUCCESS Chupador[268536948] -> XxZinaxX[268536373] admin_show_html gmshop/nogradew.htm
[05.08.24 18:02:33] SUCCESS Chupador[268536948] -> XxZinaxX[268536373] admin_buy 9237
[05.08.24 18:02:54] SUCCESS Chupador[268536948] -> XxZinaxX[268536373] admin_admin
[05.08.24 18:03:01] SUCCESS Chupador[268536948] -> XxZinaxX[268536373] admin_admin
[05.08.24 18:03:03] SUCCESS Chupador[268536948] -> XxZinaxX[268536373] admin_gmshop
[05.08.24 18:03:08] SUCCESS Chupador[268536948] -> XxZinaxX[268536373] admin_show_html gmshop/armors.htm
[05.08.24 18:03:09] SUCCESS Chupador[268536948] -> XxZinaxX[268536373] admin_show_html gmshop/nogradea.htm
[05.08.24 18:03:26] SUCCESS Chupador[268536948] -> XxZinaxX[268536373] admin_summon 1101 1
[05.08.24 18:03:31] SUCCESS Chupador[268536948] -> XxZinaxX[268536373] admin_summon 1101 1
[05.08.24 18:03:34] SUCCESS Chupador[268536948] -> Chupador[268536948] admin_summon 1101 1
[05.08.24 18:03:39] SUCCESS Chupador[268536948] -> Chupador[268536948] admin_summon 1104 1
[05.08.24 18:03:47] SUCCESS Chupador[268536948] -> Chupador[268536948] admin_admin
[05.08.24 18:03:48] SUCCESS Chupador[268536948] -> Chupador[268536948] admin_gmshop
[05.08.24 18:03:50] SUCCESS Chupador[268536948] -> Chupador[268536948] admin_show_html gmshop/armors.htm
[05.08.24 18:03:51] SUCCESS Chupador[268536948] -> Chupador[268536948] admin_show_html gmshop/nogradea.htm
[05.08.24 18:03:52] SUCCESS Chupador[268536948] -> Chupador[268536948] admin_buy 9165
[05.08.24 18:09:51] SUCCESS Chupador[268536948] -> 20606 Kuran Kobold admin_admin
[05.08.24 18:09:53] SUCCESS Chupador[268536948] -> 20606 Kuran Kobold admin_gmshop
[05.08.24 18:09:55] SUCCESS Chupador[268536948] -> 20606 Kuran Kobold admin_gmshop
[05.08.24 18:09:57] SUCCESS Chupador[268536948] admin_gmshop
[05.08.24 18:10:05] SUCCESS Chupador[268536948] admin_admin
[05.08.24 18:10:07] SUCCESS Chupador[268536948] admin_gmshop
[05.08.24 18:10:13] SUCCESS Chupador[268536948] admin_buy 9104
[05.08.24 18:33:24] SUCCESS Chupador[268536948] -> 40013 Item Mall admin_admin
[05.08.24 18:33:24] SUCCESS Chupador[268536948] -> 40013 Item Mall admin_admin
[05.08.24 18:33:25] SUCCESS Chupador[268536948] -> 40013 Item Mall admin_admin
[05.08.24 18:33:26] SUCCESS Chupador[268536948] -> 40013 Item Mall admin_admin
[05.08.24 18:33:26] SUCCESS Chupador[268536948] -> 40013 Item Mall admin_show_moves
[05.08.24 18:33:27] SUCCESS Chupador[268536948] -> 40013 Item Mall admin_admin
[05.08.24 18:33:28] SUCCESS Chupador[268536948] -> 40013 Item Mall admin_admin
[05.08.24 18:33:29] SUCCESS Chupador[268536948] -> 40013 Item Mall admin_admin
[05.08.24 18:33:30] SUCCESS Chupador[268536948] -> 40013 Item Mall admin_admin
[05.08.24 18:33:32] SUCCESS Chupador[268536948] -> 40013 Item Mall admin_show_moves
[05.08.24 18:33:33] SUCCESS Chupador[268536948] -> 40013 Item Mall admin_show_html teleports/raid.htm
[05.08.24 18:34:51] SUCCESS Chupador[268536948] -> 40013 Item Mall admin_admin
[05.08.24 18:35:02] SUCCESS Chupador[268536948] -> 40013 Item Mall admin_show_moves
[05.08.24 18:35:05] SUCCESS Chupador[268536948] -> 40013 Item Mall admin_admin
[05.08.24 18:35:07] SUCCESS Chupador[268536948] -> 40013 Item Mall admin_show_moves
[05.08.24 18:35:08] SUCCESS Chupador[268536948] -> 40013 Item Mall admin_show_html teleports/raid.htm
[05.08.24 18:35:09] SUCCESS Chupador[268536948] -> 40013 Item Mall admin_show_html teleports/raid/raid_20.htm
[05.08.24 18:35:11] SUCCESS Chupador[268536948] admin_move_to -3456 112864 -3456
[05.08.24 18:35:31] SUCCESS Chupador[268536948] -> 21093 Ratman Sub Chieftain admin_admin
[05.08.24 18:35:32] SUCCESS Chupador[268536948] -> 21093 Ratman Sub Chieftain admin_char_manage
[05.08.24 18:35:33] SUCCESS Chupador[268536948] admin_show_characters 0
[05.08.24 18:35:35] SUCCESS Chupador[268536948] -> XxZinaxX[268536373] admin_character_list XxZinaxX
[05.08.24 18:35:36] SUCCESS Chupador[268536948] -> XxZinaxX[268536373] admin_character_actions
[05.08.24 18:35:37] SUCCESS Chupador[268536948] -> XxZinaxX[268536373] admin_recall XxZinaxX
[05.08.24 18:36:43] SUCCESS Chupador[268536948] -> Chupador[268536948] admin_setlevel 21
[05.08.24 18:37:31] SUCCESS Chupador[268536948] -> 25357 Sukar Wererat Chief admin_admin
[05.08.24 18:37:33] SUCCESS Chupador[268536948] -> 25357 Sukar Wererat Chief admin_admin
[05.08.24 18:37:34] SUCCESS Chupador[268536948] -> 25357 Sukar Wererat Chief admin_admin
[05.08.24 18:37:35] SUCCESS Chupador[268536948] -> 25357 Sukar Wererat Chief admin_admin
[05.08.24 18:37:36] SUCCESS Chupador[268536948] -> 25357 Sukar Wererat Chief admin_admin
[05.08.24 18:37:37] SUCCESS Chupador[268536948] -> 25357 Sukar Wererat Chief admin_admin
[05.08.24 18:37:38] SUCCESS Chupador[268536948] -> 25357 Sukar Wererat Chief admin_admin
[05.08.24 18:37:39] SUCCESS Chupador[268536948] -> 25357 Sukar Wererat Chief admin_admin
[05.08.24 18:37:40] SUCCESS Chupador[268536948] -> 25357 Sukar Wererat Chief admin_admin
[05.08.24 18:37:41] SUCCESS Chupador[268536948] -> 25357 Sukar Wererat Chief admin_admin
[05.08.24 18:37:42] SUCCESS Chupador[268536948] -> 25357 Sukar Wererat Chief admin_admin
[05.08.24 18:37:43] SUCCESS Chupador[268536948] -> 25357 Sukar Wererat Chief admin_admin
[05.08.24 18:37:44] SUCCESS Chupador[268536948] -> 25357 Sukar Wererat Chief admin_admin
[05.08.24 18:37:45] SUCCESS Chupador[268536948] -> 20775 Bugbear Raider admin_admin
[05.08.24 18:40:24] SUCCESS Chupador[268536948] -> XxZinaxX[268536373] admin_admin
[05.08.24 18:40:26] SUCCESS Chupador[268536948] -> XxZinaxX[268536373] admin_gmshop
[05.08.24 18:40:28] SUCCESS Chupador[268536948] -> XxZinaxX[268536373] admin_admin
[05.08.24 18:40:28] SUCCESS Chupador[268536948] -> XxZinaxX[268536373] admin_show_moves
[05.08.24 18:40:29] SUCCESS Chupador[268536948] -> XxZinaxX[268536373] admin_show_html teleports/raid.htm
[05.08.24 18:40:30] SUCCESS Chupador[268536948] -> XxZinaxX[268536373] admin_show_html teleports/raid/raid_20.htm
[05.08.24 18:41:05] SUCCESS Chupador[268536948] admin_move_to -13056 215680 -3760
[05.08.24 18:41:36] SUCCESS Chupador[268536948] admin_admin
[05.08.24 18:42:04] SUCCESS Chupador[268536948] admin_char_manage
[05.08.24 18:42:05] SUCCESS Chupador[268536948] admin_show_characters 0
[05.08.24 18:42:06] SUCCESS Chupador[268536948] -> XxZinaxX[268536373] admin_character_list XxZinaxX
[05.08.24 18:42:07] SUCCESS Chupador[268536948] -> XxZinaxX[268536373] admin_character_actions
[05.08.24 18:42:08] SUCCESS Chupador[268536948] -> XxZinaxX[268536373] admin_recall XxZinaxX
[05.08.24 18:45:47] SUCCESS Chupador[268536948] admin_admin
[05.08.24 18:45:48] SUCCESS Chupador[268536948] admin_show_moves
[05.08.24 18:45:50] SUCCESS Chupador[268536948] admin_show_html teleports/townarea.htm
[05.08.24 18:45:52] SUCCESS Chupador[268536948] admin_show_html teleports.htm
[05.08.24 18:45:54] SUCCESS Chupador[268536948] admin_show_html teleports/raid.htm
[05.08.24 18:45:57] SUCCESS Chupador[268536948] admin_show_html teleports/raid/raid_20.htm
[05.08.24 18:45:59] SUCCESS Chupador[268536948] admin_move_to -47552 219232 -2413
[05.08.24 18:46:09] SUCCESS Chupador[268536948] admin_admin
[05.08.24 18:46:10] SUCCESS Chupador[268536948] admin_char_manage
[05.08.24 18:46:11] SUCCESS Chupador[268536948] admin_show_characters 0
[05.08.24 18:46:12] SUCCESS Chupador[268536948] -> XxZinaxX[268536373] admin_character_list XxZinaxX
[05.08.24 18:46:13] SUCCESS Chupador[268536948] -> XxZinaxX[268536373] admin_character_actions
[05.08.24 18:46:15] SUCCESS Chupador[268536948] -> XxZinaxX[268536373] admin_recall XxZinaxX
[05.08.24 18:46:19] SUCCESS Chupador[268536948] -> XxZinaxX[268536373] admin_admin
[05.08.24 18:52:13] SUCCESS Chupador[268536948] -> XxZinaxX[268536373] admin_admin
[05.08.24 18:52:15] SUCCESS Chupador[268536948] -> XxZinaxX[268536373] admin_show_moves
[05.08.24 18:52:16] SUCCESS Chupador[268536948] -> XxZinaxX[268536373] admin_show_html teleports/raid.htm
[05.08.24 18:52:19] SUCCESS Chupador[268536948] -> XxZinaxX[268536373] admin_show_html teleports/raid/raid_20.htm
[05.08.24 18:52:29] SUCCESS Chupador[268536948] admin_move_to -57360 186272 -4967
[05.08.24 18:52:38] SUCCESS Chupador[268536948] admin_admin
[05.08.24 18:52:39] SUCCESS Chupador[268536948] admin_show_moves
[05.08.24 18:52:43] SUCCESS Chupador[268536948] admin_admin
[05.08.24 18:52:44] SUCCESS Chupador[268536948] admin_char_manage
[05.08.24 18:52:44] SUCCESS Chupador[268536948] admin_show_characters 0
[05.08.24 18:52:45] SUCCESS Chupador[268536948] -> XxZinaxX[268536373] admin_character_list XxZinaxX
[05.08.24 18:52:47] SUCCESS Chupador[268536948] -> XxZinaxX[268536373] admin_character_actions
[05.08.24 18:52:48] SUCCESS Chupador[268536948] -> XxZinaxX[268536373] admin_recall XxZinaxX
[05.08.24 18:55:48] SUCCESS Chupador[268536948] admin_admin
[05.08.24 18:55:49] SUCCESS Chupador[268536948] admin_show_moves
[05.08.24 18:56:07] SUCCESS Chupador[268536948] admin_admin
[05.08.24 18:56:08] SUCCESS Chupador[268536948] admin_show_moves
[05.08.24 18:56:09] SUCCESS Chupador[268536948] admin_show_html teleports/raid.htm
[05.08.24 18:56:11] SUCCESS Chupador[268536948] admin_show_html teleports/raid/raid_20.htm
[05.08.24 18:56:19] SUCCESS Chupador[268536948] admin_move_to 49248 127792 -3552
[05.08.24 18:56:31] SUCCESS Chupador[268536948] admin_admin
[05.08.24 18:56:32] SUCCESS Chupador[268536948] admin_char_manage
[05.08.24 18:56:33] SUCCESS Chupador[268536948] admin_show_characters 0
[05.08.24 18:56:34] SUCCESS Chupador[268536948] -> XxZinaxX[268536373] admin_character_list XxZinaxX
[05.08.24 18:56:36] SUCCESS Chupador[268536948] -> XxZinaxX[268536373] admin_character_actions
[05.08.24 18:56:37] SUCCESS Chupador[268536948] -> XxZinaxX[268536373] admin_recall XxZinaxX
[05.08.24 18:57:38] SUCCESS Chupador[268536948] -> 25272 Partisan Leader Talakin admin_gmspeed 4
[05.08.24 18:57:45] SUCCESS Chupador[268536948] -> 25272 Partisan Leader Talakin admin_gmspeed 0
[05.08.24 19:00:25] SUCCESS Chupador[268536948] -> 25272 Partisan Leader Talakin admin_admin
[05.08.24 19:00:26] SUCCESS Chupador[268536948] -> 25272 Partisan Leader Talakin admin_show_moves
[05.08.24 19:00:27] SUCCESS Chupador[268536948] admin_show_html teleports/raid.htm
[05.08.24 19:00:29] SUCCESS Chupador[268536948] admin_show_html teleports/raid/raid_20.htm
[05.08.24 19:00:32] SUCCESS Chupador[268536948] admin_move_to -37856 198128 -2672
[05.08.24 19:00:38] SUCCESS Chupador[268536948] admin_admin
[05.08.24 19:00:48] SUCCESS Chupador[268536948] -> 21015 Ol Mahum Van Leader admin_gmshop
[05.08.24 19:00:50] SUCCESS Chupador[268536948] -> 21015 Ol Mahum Van Leader admin_char_manage
[05.08.24 19:00:51] SUCCESS Chupador[268536948] -> 21015 Ol Mahum Van Leader admin_show_characters 0
[05.08.24 19:00:52] SUCCESS Chupador[268536948] -> XxZinaxX[268536373] admin_character_list XxZinaxX
[05.08.24 19:00:53] SUCCESS Chupador[268536948] -> 21015 Ol Mahum Van Leader admin_character_actions
[05.08.24 19:01:06] SUCCESS Chupador[268536948] -> 21015 Ol Mahum Van Leader admin_admin
[05.08.24 19:01:07] SUCCESS Chupador[268536948] -> 21015 Ol Mahum Van Leader admin_char_manage
[05.08.24 19:01:08] SUCCESS Chupador[268536948] -> 21015 Ol Mahum Van Leader admin_show_characters 0
[05.08.24 19:01:09] SUCCESS Chupador[268536948] -> XxZinaxX[268536373] admin_character_list XxZinaxX
[05.08.24 19:01:10] SUCCESS Chupador[268536948] -> XxZinaxX[268536373] admin_character_actions
[05.08.24 19:01:13] SUCCESS Chupador[268536948] -> XxZinaxX[268536373] admin_recall XxZinaxX
[05.08.24 19:05:06] SUCCESS Chupador[268536948] admin_admin
[05.08.24 19:05:12] SUCCESS Chupador[268536948] admin_admin
[05.08.24 19:05:17] SUCCESS Chupador[268536948] admin_show_moves
[05.08.24 19:05:38] SUCCESS Chupador[268536948] admin_admin
[05.08.24 19:05:38] SUCCESS Chupador[268536948] admin_gmshop
[05.08.24 19:05:53] SUCCESS Chupador[268536948] admin_gmshop
[05.08.24 19:05:54] SUCCESS Chupador[268536948] admin_show_html gmshop/weapons.htm
[05.08.24 19:05:57] SUCCESS Chupador[268536948] admin_show_html gmshops.htm
[05.08.24 19:07:46] SUCCESS Chupador[268536948] admin_admin
[05.08.24 19:07:47] SUCCESS Chupador[268536948] admin_show_moves
[05.08.24 19:07:49] SUCCESS Chupador[268536948] admin_admin
[05.08.24 19:07:53] SUCCESS Chupador[268536948] admin_admin
[05.08.24 19:07:54] SUCCESS Chupador[268536948] admin_show_moves
[05.08.24 19:07:57] SUCCESS Chupador[268536948] admin_show_html teleports/raid.htm
[05.08.24 19:07:59] SUCCESS Chupador[268536948] admin_show_html teleports/raid/raid_20.htm
[05.08.24 19:08:10] SUCCESS Chupador[268536948] admin_move_to 29216 179280 -3624
[05.08.24 19:08:17] SUCCESS Chupador[268536948] admin_admin
[05.08.24 19:08:19] SUCCESS Chupador[268536948] admin_char_manage
[05.08.24 19:08:19] SUCCESS Chupador[268536948] admin_show_characters 0
[05.08.24 19:08:21] SUCCESS Chupador[268536948] -> XxZinaxX[268536373] admin_character_list XxZinaxX
[05.08.24 19:08:22] SUCCESS Chupador[268536948] -> XxZinaxX[268536373] admin_character_actions
[05.08.24 19:08:23] SUCCESS Chupador[268536948] -> XxZinaxX[268536373] admin_recall XxZinaxX
[05.08.24 19:10:22] SUCCESS Chupador[268536948] -> 20934 Wasp Worker admin_admin
[05.08.24 19:10:24] SUCCESS Chupador[268536948] -> 20934 Wasp Worker admin_server admserver.htm
[05.08.24 19:10:26] SUCCESS Chupador[268536948] admin_char_manage
[05.08.24 19:10:44] SUCCESS Chupador[268536948] admin_gmshop
[05.08.24 19:10:44] SUCCESS Chupador[268536948] admin_server admserver.htm
[05.08.24 19:10:45] SUCCESS Chupador[268536948] admin_server_shutdown
[05.08.24 19:10:58] SUCCESS Chupador[268536948] admin_server_restart 30
[05.08.24 19:43:28] SUCCESS ElfDagger[268536948] admin_admin
[05.08.24 21:24:41] SUCCESS ElfDagger[268536948] admin_admin
[05.08.24 21:24:43] SUCCESS ElfDagger[268536948] admin_char_manage
[05.08.24 21:24:43] SUCCESS ElfDagger[268536948] admin_show_characters 0
[05.08.24 21:36:23] SUCCESS ElfDagger[268536948] admin_admin
[05.08.24 21:36:24] SUCCESS ElfDagger[268536948] admin_show_moves
[05.08.24 21:36:25] SUCCESS ElfDagger[268536948] admin_show_html teleports/town.htm
[05.08.24 21:36:25] SUCCESS ElfDagger[268536948] admin_show_html teleports/town/giran.htm
[05.08.24 21:36:26] SUCCESS ElfDagger[268536948] admin_move_to 82698 148638 -3473
[05.08.24 21:44:35] SUCCESS ElfDagger[268536948] -> 40013 Item Mall admin_admin
[05.08.24 21:44:36] SUCCESS ElfDagger[268536948] -> 40013 Item Mall admin_admin
[05.08.24 21:44:37] SUCCESS ElfDagger[268536948] -> 40013 Item Mall admin_gmshop
[05.08.24 21:46:33] SUCCESS ElfDagger[268536948] -> ElfDagger[268536948] admin_setlevel 40
[05.08.24 21:46:50] SUCCESS ElfDagger[268536948] -> ElfDagger[268536948] admin_setlevel 37
[05.08.24 21:47:17] SUCCESS ElfDagger[268536948] -> 31860 Buzz the Cat admin_admin
[05.08.24 21:47:18] SUCCESS ElfDagger[268536948] -> 31860 Buzz the Cat admin_show_moves
[05.08.24 21:47:25] SUCCESS ElfDagger[268536948] -> 31860 Buzz the Cat admin_admin
[05.08.24 21:47:28] SUCCESS ElfDagger[268536948] -> 31860 Buzz the Cat admin_admin
[05.08.24 21:47:32] SUCCESS ElfDagger[268536948] -> 31860 Buzz the Cat admin_show_moves
[05.08.24 21:47:34] SUCCESS ElfDagger[268536948] -> 31860 Buzz the Cat admin_show_html teleports/townarea.htm
[05.08.24 21:47:35] SUCCESS ElfDagger[268536948] -> 31860 Buzz the Cat admin_show_html teleports/townarea/dion.htm
[05.08.24 21:47:41] SUCCESS ElfDagger[268536948] admin_move_to 17724 114004 -11672
[05.08.24 21:58:11] SUCCESS ElfDagger[268536948] -> 21035 Catherok admin_admin
[05.08.24 22:00:02] SUCCESS ElfDagger[268536948] -> 21035 Catherok admin_server admserver.htm
[05.08.24 22:00:03] SUCCESS ElfDagger[268536948] -> 21035 Catherok admin_server_shutdown
[05.08.24 22:00:05] SUCCESS ElfDagger[268536948] -> 20213 Porta admin_server_restart
[05.08.24 22:00:06] SUCCESS ElfDagger[268536948] -> 21035 Catherok admin_server_restart 1
[05.08.24 22:08:18] SUCCESS ADMTKD[268541639] admin_admin
[05.08.24 22:08:20] SUCCESS ADMTKD[268541639] admin_show_moves
[05.08.24 22:08:24] SUCCESS ADMTKD[268541639] admin_show_html teleports/raid.htm
[05.08.24 22:08:25] SUCCESS ADMTKD[268541639] admin_show_html teleports/raid/raid_20.htm
[05.08.24 22:08:51] SUCCESS ADMTKD[268541639] admin_admin
[05.08.24 22:08:52] SUCCESS ADMTKD[268541639] admin_show_moves
[05.08.24 22:08:53] SUCCESS ADMTKD[268541639] admin_show_html teleports/town.htm
[05.08.24 22:08:53] SUCCESS ADMTKD[268541639] admin_show_html teleports/town/giran.htm
[05.08.24 22:08:54] SUCCESS ADMTKD[268541639] admin_move_to 82698 148638 -3473
[05.08.24 22:28:51] SUCCESS ADMTKD[268541639] admin_admin
[05.08.24 22:28:56] SUCCESS ADMTKD[268541639] admin_show_moves
[05.08.24 22:29:13] SUCCESS ADMTKD[268541639] admin_tonpc 25372
[05.08.24 22:29:30] SUCCESS ADMTKD[268541639] admin_admin
[05.08.24 22:29:32] SUCCESS ADMTKD[268541639] admin_show_moves
[05.08.24 22:29:38] SUCCESS ADMTKD[268541639] admin_tonpc 25372
[05.08.24 22:52:01] SUCCESS ADMTKD[268541639] admin_loc
[05.08.24 23:08:16] SUCCESS ADMTKD[268541639] admin_admin
[05.08.24 23:08:17] SUCCESS ADMTKD[268541639] admin_char_manage
[05.08.24 23:08:18] SUCCESS ADMTKD[268541639] admin_show_characters 0
[05.08.24 23:08:19] SUCCESS ADMTKD[268541639] admin_admin
[05.08.24 23:08:20] SUCCESS ADMTKD[268541639] admin_server admserver.htm
[05.08.24 23:08:21] SUCCESS ADMTKD[268541639] admin_server_shutdown
[05.08.24 23:08:23] SUCCESS ADMTKD[268541639] admin_server_restart 1
[05.08.24 23:37:14] SUCCESS ADMTKD[268541639] admin_admin
[05.08.24 23:37:17] SUCCESS ADMTKD[268541639] admin_server admserver.htm
[05.08.24 23:37:18] SUCCESS ADMTKD[268541639] admin_server_shutdown
[05.08.24 23:37:21] SUCCESS ADMTKD[268541639] admin_server_restart 1
[05.08.24 23:46:32] SUCCESS ADMTKD[268541639] admin_admin
[05.08.24 23:46:33] SUCCESS ADMTKD[268541639] admin_invis
[05.08.24 23:46:49] SUCCESS ADMTKD[268541639] admin_admin
[05.08.24 23:48:06] SUCCESS ADMTKD[268541639] admin_admin
[05.08.24 23:48:07] SUCCESS ADMTKD[268541639] admin_server admserver.htm
[05.08.24 23:48:08] SUCCESS ADMTKD[268541639] admin_show_html reload.htm
[05.08.24 23:48:15] SUCCESS ADMTKD[268541639] admin_reload_spawn
[05.08.24 23:48:58] SUCCESS ADMTKD[268541639] admin_reload_translit
[05.08.24 23:49:42] SUCCESS ADMTKD[268541639] admin_admin
[05.08.24 23:49:43] SUCCESS ADMTKD[268541639] admin_server admserver.htm
[05.08.24 23:49:45] SUCCESS ADMTKD[268541639] admin_show_html reload.htm
[05.08.24 23:49:47] SUCCESS ADMTKD[268541639] admin_reload_config
[05.08.24 23:49:53] SUCCESS ADMTKD[268541639] admin_reload_npc
[05.08.24 23:50:15] SUCCESS ADMTKD[268541639] admin_admin
[05.08.24 23:50:16] SUCCESS ADMTKD[268541639] admin_server admserver.htm
[05.08.24 23:50:17] SUCCESS ADMTKD[268541639] admin_show_html reload.htm
[05.08.24 23:50:26] SUCCESS ADMTKD[268541639] admin_admin
[05.08.24 23:50:27] SUCCESS ADMTKD[268541639] admin_char_manage
[05.08.24 23:50:28] SUCCESS ADMTKD[268541639] admin_show_characters 0
[05.08.24 23:50:29] SUCCESS ADMTKD[268541639] admin_admin
[05.08.24 23:50:31] SUCCESS ADMTKD[268541639] admin_gmshop
[05.08.24 23:50:31] SUCCESS ADMTKD[268541639] admin_server admserver.htm
[05.08.24 23:50:32] SUCCESS ADMTKD[268541639] admin_server_shutdown
[05.08.24 23:50:33] SUCCESS ADMTKD[268541639] admin_server_restart 1
[05.08.24 23:59:03] SUCCESS ADMTKD[268541639] admin_admin
[05.08.24 23:59:05] SUCCESS ADMTKD[268541639] admin_show_html events/events.htm
[05.08.24 23:59:05] SUCCESS ADMTKD[268541639] admin_char_manage
[05.08.24 23:59:06] SUCCESS ADMTKD[268541639] admin_show_characters 0
