[26.03.24 04:53:37] SUCCESS ADMTKD[268477043] admin_admin
[26.03.24 04:53:41] SUCCESS ADMTKD[268477043] admin_invis
[26.03.24 04:55:09] SUCCESS ADMTKD[268477043] admin_admin
[26.03.24 04:58:12] SUCCESS ADMTKD[268477043] admin_admin
[26.03.24 04:58:25] SUCCESS ADMTKD[268477043] admin_server admserver.htm
[26.03.24 04:58:26] SUCCESS ADMTKD[268477043] admin_server_shutdown
[26.03.24 04:58:35] SUCCESS ADMTKD[268477043] admin_server_restart 10000
[26.03.24 04:58:44] SUCCESS ADMTKD[268477043] admin_admin
[26.03.24 04:58:48] SUCCESS ADMTKD[268477043] admin_server admserver.htm
[26.03.24 04:58:51] SUCCESS ADMTKD[268477043] admin_server_shutdown
[26.03.24 04:58:59] SUCCESS ADMTKD[268477043] admin_server_restart 3600
[26.03.24 05:32:47] SUCCESS ADMTKD[268477043] admin_admin
[26.03.24 05:32:48] SUCCESS ADMTKD[268477043] admin_server admserver.htm
[26.03.24 05:32:49] SUCCESS ADMTKD[268477043] admin_server_shutdown
[26.03.24 05:32:55] SUCCESS ADMTKD[268477043] admin_server_restart 1
[26.03.24 05:44:45] SUCCESS ADMTKD[268477043] -> ADMTKD[268477043] admin_setlevel 80
[26.03.24 05:46:51] SUCCESS ADMTKD[268477043] -> ADMTKD[268477043] admin_admin
[26.03.24 05:47:01] SUCCESS ADMTKD[268477043] -> ADMTKD[268477043] admin_admin
[26.03.24 05:47:04] SUCCESS ADMTKD[268477043] -> ADMTKD[268477043] admin_admin
[26.03.24 05:47:05] SUCCESS ADMTKD[268477043] -> ADMTKD[268477043] admin_server admserver.htm
[26.03.24 05:47:07] SUCCESS ADMTKD[268477043] -> ADMTKD[268477043] admin_server_shutdown
[26.03.24 05:47:08] SUCCESS ADMTKD[268477043] -> ADMTKD[268477043] admin_server_restart 1
[26.03.24 05:49:03] SUCCESS ADMTKD[268477043] admin_admin
[26.03.24 05:49:04] SUCCESS ADMTKD[268477043] admin_invis
[26.03.24 05:49:13] SUCCESS ADMTKD[268477043] -> ADMTKD[268477043] admin_setlevel 1
[26.03.24 05:49:21] SUCCESS ADMTKD[268477043] -> ADMTKD[268477043] admin_setlevel 80
[26.03.24 05:49:40] SUCCESS ADMTKD[268477043] -> ADMTKD[268477043] admin_setlevel 10
[26.03.24 05:49:47] SUCCESS ADMTKD[268477043] -> ADMTKD[268477043] admin_setlevel 80
[26.03.24 05:49:59] SUCCESS ADMTKD[268477043] -> ADMTKD[268477043] admin_setlevel 99
