[02.05.24 16:03:49] SUCCESS ADMTKD[268477111] admin_admin
[02.05.24 16:04:27] SUCCESS ADMTKD[268477111] admin_summon 6576 1
[02.05.24 16:04:33] SUCCESS ADMTKD[268477111] -> ADMTKD[268477111] admin_summon 6576 300
[02.05.24 16:06:00] SUCCESS ADMTKD[268477111] -> ADMTKD[268477111] admin_admin
[02.05.24 16:06:02] SUCCESS ADMTKD[268477111] -> ADMTKD[268477111] admin_server admserver.htm
[02.05.24 16:06:03] SUCCESS ADMTKD[268477111] -> ADMTKD[268477111] admin_server_shutdown
[02.05.24 16:06:04] SUCCESS ADMTKD[268477111] -> ADMTKD[268477111] admin_server_restart 1
[02.05.24 16:17:26] SUCCESS ADMTKD[268477111] admin_admin
[02.05.24 16:18:06] SUCCESS ADMTKD[268477111] admin_summon 6576 1
[02.05.24 16:18:09] SUCCESS ADMTKD[268477111] admin_summon 6576 4
[02.05.24 16:19:59] SUCCESS ADMTKD[268477111] admin_admin
[02.05.24 16:20:03] SUCCESS ADMTKD[268477111] admin_char_manage
[02.05.24 16:20:07] SUCCESS ADMTKD[268477111] admin_server admserver.htm
[02.05.24 16:20:08] SUCCESS ADMTKD[268477111] admin_server_shutdown
[02.05.24 16:20:09] SUCCESS ADMTKD[268477111] admin_server_restart 1
[02.05.24 16:31:39] SUCCESS ADMTKD[268477111] admin_summon 6576 7
[02.05.24 16:31:55] SUCCESS ADMTKD[268477111] admin_admin
[02.05.24 16:31:58] SUCCESS ADMTKD[268477111] admin_enchant
[02.05.24 16:32:01] SUCCESS ADMTKD[268477111] admin_setec 3
[02.05.24 17:04:08] SUCCESS ADMTKD[268477111] admin_summon 6576 1
[02.05.24 17:04:12] SUCCESS ADMTKD[268477111] admin_summon 6576 29
