[07.08.24 07:38:26] SUCCESS ADMTKD[268544779] admin_admin
[07.08.24 07:38:29] SUCCESS ADMTKD[268544779] admin_char_manage
[07.08.24 07:38:31] SUCCESS ADMTKD[268544779] admin_show_characters 0
[07.08.24 07:38:36] SUCCESS ADMTKD[268544779] admin_admin
[07.08.24 07:38:36] SUCCESS ADMTKD[268544779] admin_admin
[07.08.24 07:38:37] SUCCESS ADMTKD[268544779] admin_admin
[07.08.24 07:38:38] SUCCESS ADMTKD[268544779] admin_admin
[07.08.24 07:38:39] SUCCESS ADMTKD[268544779] admin_admin
[07.08.24 07:38:40] SUCCESS ADMTKD[268544779] admin_admin
[07.08.24 07:38:41] SUCCESS ADMTKD[268544779] admin_server admserver.htm
[07.08.24 07:38:41] SUCCESS ADMTKD[268544779] admin_admin
[07.08.24 07:38:42] SUCCESS ADMTKD[268544779] admin_admin
[07.08.24 07:38:44] SUCCESS ADMTKD[268544779] admin_server admserver.htm
[07.08.24 07:38:47] SUCCESS ADMTKD[268544779] admin_server_shutdown
[07.08.24 07:38:52] SUCCESS ADMTKD[268544779] admin_server_restart 10
[07.08.24 18:08:28] SUCCESS COVID19[268537848] admin_admin
[07.08.24 18:10:01] SUCCESS COVID19[268537848] admin_admin
[07.08.24 18:10:02] SUCCESS COVID19[268537848] admin_invis
[07.08.24 18:13:02] SUCCESS COVID19[268537848] admin_admin
[07.08.24 18:13:04] SUCCESS COVID19[268537848] admin_itemcreate
[07.08.24 18:13:16] SUCCESS COVID19[268537848] admin_create_item 57
[07.08.24 18:13:23] SUCCESS COVID19[268537848] -> COVID19[268537848] admin_create_item 57 99999999
[07.08.24 18:17:14] SUCCESS COVID19[268537848] -> 40013 Item Mall admin_admin
[07.08.24 18:17:17] SUCCESS COVID19[268537848] -> 40013 Item Mall admin_itemcreate
[07.08.24 18:17:31] SUCCESS COVID19[268537848] -> COVID19[268537848] admin_create_item 57
[07.08.24 18:17:41] SUCCESS COVID19[268537848] -> COVID19[268537848] admin_create_item 57 999999999999
[07.08.24 18:18:15] SUCCESS COVID19[268537848] -> COVID19[268537848] admin_setlevel 76
[07.08.24 18:23:28] SUCCESS COVID19[268537848] -> 22123 Monastic Crusader admin_admin
[07.08.24 18:23:31] SUCCESS COVID19[268537848] -> 22123 Monastic Crusader admin_gmshop
[07.08.24 18:23:33] SUCCESS COVID19[268537848] -> 22124 Solina Brother admin_buy 9104
[07.08.24 18:24:03] SUCCESS COVID19[268537848] -> 22123 Monastic Crusader admin_admin
[07.08.24 18:24:04] SUCCESS COVID19[268537848] -> 22123 Monastic Crusader admin_invis
[07.08.24 18:24:55] SUCCESS COVID19[268537848] -> COVID19[268537848] admin_spawn 40010
[07.08.24 18:25:07] SUCCESS COVID19[268537848] -> COVID19[268537848] admin_spawn 40013
[07.08.24 18:25:58] SUCCESS COVID19[268537848] -> 22124 Solina Brother admin_admin
[07.08.24 18:25:59] SUCCESS COVID19[268537848] -> 22124 Solina Brother admin_invis
[07.08.24 18:30:04] SUCCESS COVID19[268537848] admin_admin
[07.08.24 18:30:05] SUCCESS COVID19[268537848] admin_invis
[07.08.24 18:31:03] SUCCESS COVID19[268537848] admin_admin
[07.08.24 18:31:04] SUCCESS COVID19[268537848] admin_invis
[07.08.24 18:39:22] SUCCESS COVID19[268537848] -> 22122 Monastic Pilgrim admin_admin
[07.08.24 18:39:23] SUCCESS COVID19[268537848] -> 22122 Monastic Pilgrim admin_invis
[07.08.24 18:39:27] SUCCESS COVID19[268537848] -> 22122 Monastic Pilgrim admin_admin
[07.08.24 18:39:28] SUCCESS COVID19[268537848] -> 22122 Monastic Pilgrim admin_show_moves
[07.08.24 18:39:30] SUCCESS COVID19[268537848] -> 22122 Monastic Pilgrim admin_show_html teleports/town.htm
[07.08.24 18:39:31] SUCCESS COVID19[268537848] -> 22122 Monastic Pilgrim admin_show_html teleports.htm
[07.08.24 18:39:32] SUCCESS COVID19[268537848] -> 22122 Monastic Pilgrim admin_show_html teleports/townarea.htm
[07.08.24 18:39:35] SUCCESS COVID19[268537848] admin_show_html teleports/townarea/goddard.htm
[07.08.24 18:39:37] SUCCESS COVID19[268537848] admin_move_to 188191 -74959 -2738
[07.08.24 18:39:42] SUCCESS COVID19[268537848] admin_admin
[07.08.24 18:39:43] SUCCESS COVID19[268537848] admin_invis
[07.08.24 18:40:52] SUCCESS COVID19[268537848] -> 21397 Carrion Scarab admin_admin
[07.08.24 18:40:53] SUCCESS COVID19[268537848] -> 21397 Carrion Scarab admin_invis
[07.08.24 18:41:54] SUCCESS COVID19[268537848] -> 21400 Hexa Beetle admin_admin
[07.08.24 18:41:55] SUCCESS COVID19[268537848] -> 21400 Hexa Beetle admin_invis
[07.08.24 18:43:56] SUCCESS COVID19[268537848] admin_admin
[07.08.24 18:43:58] SUCCESS COVID19[268537848] admin_invis
[07.08.24 18:44:06] SUCCESS COVID19[268537848] admin_admin
[07.08.24 18:44:07] SUCCESS COVID19[268537848] admin_invis
[07.08.24 18:44:20] SUCCESS COVID19[268537848] admin_admin
[07.08.24 18:44:22] SUCCESS COVID19[268537848] admin_invis
[07.08.24 18:44:24] SUCCESS COVID19[268537848] admin_admin
[07.08.24 18:44:25] SUCCESS COVID19[268537848] admin_invis
[07.08.24 18:46:07] SUCCESS COVID19[268537848] admin_admin
[07.08.24 18:46:11] SUCCESS COVID19[268537848] admin_invis
[07.08.24 18:46:29] SUCCESS COVID19[268537848] admin_admin
[07.08.24 18:46:30] SUCCESS COVID19[268537848] admin_invis
[07.08.24 18:46:40] SUCCESS COVID19[268537848] -> COVID19[268537848] admin_spawn 40013
[07.08.24 18:47:18] SUCCESS COVID19[268537848] admin_admin
[07.08.24 18:47:19] SUCCESS COVID19[268537848] admin_invis
[07.08.24 18:47:27] SUCCESS COVID19[268537848] admin_admin
[07.08.24 18:47:28] SUCCESS COVID19[268537848] admin_invis
[07.08.24 18:47:33] SUCCESS COVID19[268537848] -> 21412 Ustralith admin_admin
[07.08.24 18:47:34] SUCCESS COVID19[268537848] -> 21412 Ustralith admin_invis
[07.08.24 18:59:40] SUCCESS COVID19[268537848] -> 21412 Ustralith admin_admin
[07.08.24 18:59:42] SUCCESS COVID19[268537848] -> 21412 Ustralith admin_invis
[07.08.24 19:02:15] SUCCESS COVID19[268537848] admin_admin
[07.08.24 21:50:50] SUCCESS COVID19[268537848] admin_admin
[07.08.24 21:50:51] SUCCESS COVID19[268537848] admin_char_manage
[07.08.24 21:50:52] SUCCESS COVID19[268537848] admin_show_characters 0
[07.08.24 21:50:54] SUCCESS COVID19[268537848] admin_admin
[07.08.24 21:50:57] SUCCESS COVID19[268537848] admin_admin
[07.08.24 21:50:58] SUCCESS COVID19[268537848] admin_gmshop
