[30.03.24 10:35:18] SUCCESS ADMTKD[268477043] admin_admin
[30.03.24 10:35:19] SUCCESS ADMTKD[268477043] admin_invis
[30.03.24 10:36:18] SUCCESS ADMTKD[268477043] admin_admin
[30.03.24 10:36:19] SUCCESS ADMTKD[268477043] admin_invis
[30.03.24 10:36:26] SUCCESS ADMTKD[268477043] -> ADMTKD[268477043] admin_admin
[30.03.24 10:36:29] SUCCESS ADMTKD[268477043] -> ADMTKD[268477043] admin_itemcreate
[30.03.24 10:36:39] SUCCESS ADMTKD[268477043] -> ADMTKD[268477043] admin_create_item 57
[30.03.24 10:36:39] SUCCESS ADMTKD[268477043] -> ADMTKD[268477043] admin_create_item 57
[30.03.24 10:36:45] SUCCESS ADMTKD[268477043] -> ADMTKD[268477043] admin_create_item 57 11111111111
[30.03.24 10:42:59] SUCCESS ADMTKD[268477043] -> ADMTKD[268477043] admin_admin
[30.03.24 10:43:01] SUCCESS ADMTKD[268477043] -> ADMTKD[268477043] admin_server admserver.htm
[30.03.24 10:43:03] SUCCESS ADMTKD[268477043] -> ADMTKD[268477043] admin_server_shutdown
[30.03.24 10:43:04] SUCCESS ADMTKD[268477043] -> ADMTKD[268477043] admin_server_restart
[30.03.24 10:43:06] SUCCESS ADMTKD[268477043] -> ADMTKD[268477043] admin_server_restart 1
[30.03.24 10:49:19] SUCCESS ADMTKD[268477043] admin_admin
[30.03.24 10:49:20] SUCCESS ADMTKD[268477043] admin_invis
[30.03.24 10:50:36] SUCCESS ADMTKD[268477043] admin_admin
[30.03.24 10:50:38] SUCCESS ADMTKD[268477043] admin_server admserver.htm
[30.03.24 10:50:38] SUCCESS ADMTKD[268477043] admin_server admserver.htm
[30.03.24 10:50:40] SUCCESS ADMTKD[268477043] admin_gmshop
[30.03.24 10:51:45] SUCCESS ADMTKD[268477043] admin_summon 1018007 1
[30.03.24 10:51:52] FAIL    ADMTKD[268477043] admin_summon 1018372 1
[30.03.24 10:51:56] FAIL    ADMTKD[268477043] admin_summon 1018371 1
[30.03.24 10:51:57] FAIL    ADMTKD[268477043] admin_summon 1018374 1
[30.03.24 10:51:58] FAIL    ADMTKD[268477043] admin_summon 1018381 1
[30.03.24 10:52:01] FAIL    ADMTKD[268477043] admin_summon 1018506 1
[30.03.24 10:52:02] FAIL    ADMTKD[268477043] admin_summon 1018504 1
[30.03.24 10:52:12] FAIL    ADMTKD[268477043] -> ADMTKD[268477043] admin_summon 1019782 1
[30.03.24 10:52:15] SUCCESS ADMTKD[268477043] -> ADMTKD[268477043] admin_summon 1029020 1
[30.03.24 10:52:22] SUCCESS ADMTKD[268477043] -> ADMTKD[268477043] admin_summon 1029025 1
[30.03.24 10:52:23] FAIL    ADMTKD[268477043] -> ADMTKD[268477043] admin_summon 1015962 1
[30.03.24 10:52:42] SUCCESS ADMTKD[268477043] -> 29025 Baium admin_admin
[30.03.24 10:52:47] SUCCESS ADMTKD[268477043] -> 29025 Baium admin_show_moves
[30.03.24 10:52:49] SUCCESS ADMTKD[268477043] -> 29025 Baium admin_show_html teleports/town.htm
[30.03.24 10:52:49] SUCCESS ADMTKD[268477043] -> 29025 Baium admin_show_html teleports/town/giran.htm
[30.03.24 10:52:50] SUCCESS ADMTKD[268477043] admin_move_to 82698 148638 -3473
[30.03.24 10:53:17] SUCCESS ADMTKD[268477043] -> ADMTKD[268477043] admin_gmspeed 4
[30.03.24 10:53:21] SUCCESS ADMTKD[268477043] -> ADMTKD[268477043] admin_admin
[30.03.24 11:08:01] SUCCESS ADMTKD[268477043] -> ADMTKD[268477043] admin_admin
[30.03.24 11:08:02] SUCCESS ADMTKD[268477043] -> ADMTKD[268477043] admin_server admserver.htm
[30.03.24 11:08:03] SUCCESS ADMTKD[268477043] -> ADMTKD[268477043] admin_server_shutdown
[30.03.24 11:08:04] SUCCESS ADMTKD[268477043] -> ADMTKD[268477043] admin_server_restart 1
