[09.08.24 23:52:27] =================================================
[09.08.24 23:52:27] Revision: ................ 1019:1049M
[09.08.24 23:52:27] Build date: .............. 2024.03.28 16:59
[09.08.24 23:52:27] Compiler version: ........ 1.8.0_202-b08 (Oracle Corporation)
[09.08.24 23:52:27] =================================================
[09.08.24 23:52:27] ChatFilters: loaded 3 filter(s).
[09.08.24 23:52:28] DatabaseFactory: Database connection tested and working.
[09.08.24 23:52:28] DBMS: MySQL Community Server - GPL 8.3.0 on Win64 x86_64
[09.08.24 23:52:28] Charset: utf8mb4 utf8mb4_0900_ai_ci
[09.08.24 23:52:28] Checking structure of 'legacy_e_3' database ...
[09.08.24 23:52:28] IdFactory: Clear characters online status.
[09.08.24 23:52:28] IdFactory: Extracted 19 used id's from characters
[09.08.24 23:52:28] IdFactory: Extracted 13 used id's from items
[09.08.24 23:52:28] IdFactory: Extracted total 32 used id's.
[09.08.24 23:52:28] IdFactory: 205824 id's available.
[09.08.24 23:52:28] Scripts: Loading...
[09.08.24 23:52:28] Scripts: Loaded 781 classes.
[09.08.24 23:52:28] Extensions: Loading...
[09.08.24 23:52:28] Extensions: Loaded 67 extension classes.
[09.08.24 23:52:28] GeoEngine: Loading Geodata...
[09.08.24 23:52:28] GeoEngine: Loading: 16_10.l2g
[09.08.24 23:52:28] GeoEngine: Loading: 16_11.l2g
[09.08.24 23:52:28] GeoEngine: Loading: 16_12.l2g
[09.08.24 23:52:28] GeoEngine: Loading: 16_13.l2g
[09.08.24 23:52:28] GeoEngine: Loading: 16_14.l2g
[09.08.24 23:52:28] GeoEngine: Loading: 16_15.l2g
[09.08.24 23:52:28] GeoEngine: Loading: 16_16.l2g
[09.08.24 23:52:28] GeoEngine: Loading: 16_17.l2g
[09.08.24 23:52:28] GeoEngine: Loading: 16_18.l2g
[09.08.24 23:52:28] GeoEngine: Loading: 16_19.l2g
[09.08.24 23:52:28] GeoEngine: Loading: 16_20.l2g
[09.08.24 23:52:28] GeoEngine: Loading: 16_21.l2g
[09.08.24 23:52:29] GeoEngine: Loading: 16_22.l2g
[09.08.24 23:52:29] GeoEngine: Loading: 16_23.l2g
[09.08.24 23:52:29] GeoEngine: Loading: 16_24.l2g
[09.08.24 23:52:29] GeoEngine: Loading: 16_25.l2g
[09.08.24 23:52:29] GeoEngine: Loading: 16_26.l2g
[09.08.24 23:52:29] GeoEngine: Loading: 17_10.l2g
[09.08.24 23:52:29] GeoEngine: Loading: 17_11.l2g
[09.08.24 23:52:29] GeoEngine: Loading: 17_12.l2g
[09.08.24 23:52:29] GeoEngine: Loading: 17_13.l2g
[09.08.24 23:52:29] GeoEngine: Loading: 17_14.l2g
[09.08.24 23:52:29] GeoEngine: Loading: 17_15.l2g
[09.08.24 23:52:29] GeoEngine: Loading: 17_16.l2g
[09.08.24 23:52:29] GeoEngine: Loading: 17_17.l2g
[09.08.24 23:52:29] GeoEngine: Loading: 17_18.l2g
[09.08.24 23:52:29] GeoEngine: Loading: 17_19.l2g
[09.08.24 23:52:29] GeoEngine: Loading: 17_20.l2g
[09.08.24 23:52:29] GeoEngine: Loading: 17_21.l2g
[09.08.24 23:52:29] GeoEngine: Loading: 17_22.l2g
[09.08.24 23:52:29] GeoEngine: Loading: 17_23.l2g
[09.08.24 23:52:29] GeoEngine: Loading: 17_24.l2g
[09.08.24 23:52:29] GeoEngine: Loading: 17_25.l2g
[09.08.24 23:52:29] GeoEngine: Loading: 17_26.l2g
[09.08.24 23:52:29] GeoEngine: Loading: 18_10.l2g
[09.08.24 23:52:29] GeoEngine: Loading: 18_11.l2g
[09.08.24 23:52:29] GeoEngine: Loading: 18_12.l2g
[09.08.24 23:52:29] GeoEngine: Loading: 18_13.l2g
[09.08.24 23:52:29] GeoEngine: Loading: 18_14.l2g
[09.08.24 23:52:29] GeoEngine: Loading: 18_15.l2g
[09.08.24 23:52:29] GeoEngine: Loading: 18_16.l2g
[09.08.24 23:52:29] GeoEngine: Loading: 18_17.l2g
[09.08.24 23:52:29] GeoEngine: Loading: 18_18.l2g
[09.08.24 23:52:29] GeoEngine: Loading: 18_19.l2g
[09.08.24 23:52:29] GeoEngine: Loading: 18_20.l2g
[09.08.24 23:52:29] GeoEngine: Loading: 18_21.l2g
[09.08.24 23:52:29] GeoEngine: Loading: 18_22.l2g
[09.08.24 23:52:29] GeoEngine: Loading: 18_23.l2g
[09.08.24 23:52:29] GeoEngine: Loading: 18_24.l2g
[09.08.24 23:52:29] GeoEngine: Loading: 18_25.l2g
[09.08.24 23:52:29] GeoEngine: Loading: 18_26.l2g
[09.08.24 23:52:29] GeoEngine: Loading: 19_10.l2g
[09.08.24 23:52:29] GeoEngine: Loading: 19_11.l2g
[09.08.24 23:52:29] GeoEngine: Loading: 19_12.l2g
[09.08.24 23:52:29] GeoEngine: Loading: 19_13.l2g
[09.08.24 23:52:29] GeoEngine: Loading: 19_14.l2g
[09.08.24 23:52:29] GeoEngine: Loading: 19_15.l2g
[09.08.24 23:52:29] GeoEngine: Loading: 19_16.l2g
[09.08.24 23:52:29] GeoEngine: Loading: 19_17.l2g
[09.08.24 23:52:29] GeoEngine: Loading: 19_18.l2g
[09.08.24 23:52:29] GeoEngine: Loading: 19_19.l2g
[09.08.24 23:52:30] GeoEngine: Loading: 19_20.l2g
[09.08.24 23:52:30] GeoEngine: Loading: 19_21.l2g
[09.08.24 23:52:30] GeoEngine: Loading: 19_22.l2g
[09.08.24 23:52:30] GeoEngine: Loading: 19_23.l2g
[09.08.24 23:52:30] GeoEngine: Loading: 19_24.l2g
[09.08.24 23:52:30] GeoEngine: Loading: 19_25.l2g
[09.08.24 23:52:30] GeoEngine: Loading: 19_26.l2g
[09.08.24 23:52:30] GeoEngine: Loading: 20_10.l2g
[09.08.24 23:52:30] GeoEngine: Loading: 20_11.l2g
[09.08.24 23:52:30] GeoEngine: Loading: 20_12.l2g
[09.08.24 23:52:30] GeoEngine: Loading: 20_13.l2g
[09.08.24 23:52:30] GeoEngine: Loading: 20_14.l2g
[09.08.24 23:52:30] GeoEngine: Loading: 20_15.l2g
[09.08.24 23:52:30] GeoEngine: Loading: 20_16.l2g
[09.08.24 23:52:30] GeoEngine: Loading: 20_17.l2g
[09.08.24 23:52:30] GeoEngine: Loading: 20_18.l2g
[09.08.24 23:52:30] GeoEngine: Loading: 20_19.l2g
[09.08.24 23:52:30] GeoEngine: Loading: 20_20.l2g
[09.08.24 23:52:30] GeoEngine: Loading: 20_21.l2g
[09.08.24 23:52:30] GeoEngine: Loading: 20_22.l2g
[09.08.24 23:52:30] GeoEngine: Loading: 20_23.l2g
[09.08.24 23:52:30] GeoEngine: Loading: 20_24.l2g
[09.08.24 23:52:30] GeoEngine: Loading: 20_25.l2g
[09.08.24 23:52:30] GeoEngine: Loading: 20_26.l2g
[09.08.24 23:52:30] GeoEngine: Loading: 21_10.l2g
[09.08.24 23:52:30] GeoEngine: Loading: 21_11.l2g
[09.08.24 23:52:30] GeoEngine: Loading: 21_12.l2g
[09.08.24 23:52:30] GeoEngine: Loading: 21_13.l2g
[09.08.24 23:52:30] GeoEngine: Loading: 21_14.l2g
[09.08.24 23:52:30] GeoEngine: Loading: 21_15.l2g
[09.08.24 23:52:30] GeoEngine: Loading: 21_16.l2g
[09.08.24 23:52:30] GeoEngine: Loading: 21_17.l2g
[09.08.24 23:52:30] GeoEngine: Loading: 21_18.l2g
[09.08.24 23:52:30] GeoEngine: Loading: 21_19.l2g
[09.08.24 23:52:30] GeoEngine: Loading: 21_20.l2g
[09.08.24 23:52:30] GeoEngine: Loading: 21_21.l2g
[09.08.24 23:52:31] GeoEngine: Loading: 21_22.l2g
[09.08.24 23:52:31] GeoEngine: Loading: 21_23.l2g
[09.08.24 23:52:31] GeoEngine: Loading: 21_24.l2g
[09.08.24 23:52:31] GeoEngine: Loading: 21_25.l2g
[09.08.24 23:52:31] GeoEngine: Loading: 22_10.l2g
[09.08.24 23:52:31] GeoEngine: Loading: 22_13.l2g
[09.08.24 23:52:31] GeoEngine: Loading: 22_14.l2g
[09.08.24 23:52:31] GeoEngine: Loading: 22_15.l2g
[09.08.24 23:52:31] GeoEngine: Loading: 22_16.l2g
[09.08.24 23:52:31] GeoEngine: Loading: 22_17.l2g
[09.08.24 23:52:31] GeoEngine: Loading: 22_18.l2g
[09.08.24 23:52:31] GeoEngine: Loading: 22_19.l2g
[09.08.24 23:52:31] GeoEngine: Loading: 22_20.l2g
[09.08.24 23:52:31] GeoEngine: Loading: 22_21.l2g
[09.08.24 23:52:31] GeoEngine: Loading: 22_22.l2g
[09.08.24 23:52:31] GeoEngine: Loading: 22_23.l2g
[09.08.24 23:52:31] GeoEngine: Loading: 22_24.l2g
[09.08.24 23:52:31] GeoEngine: Loading: 22_25.l2g
[09.08.24 23:52:31] GeoEngine: Loading: 22_26.l2g
[09.08.24 23:52:31] GeoEngine: Loading: 23_10.l2g
[09.08.24 23:52:31] GeoEngine: Loading: 23_11.l2g
[09.08.24 23:52:31] GeoEngine: Loading: 23_12.l2g
[09.08.24 23:52:31] GeoEngine: Loading: 23_13.l2g
[09.08.24 23:52:31] GeoEngine: Loading: 23_14.l2g
[09.08.24 23:52:31] GeoEngine: Loading: 23_15.l2g
[09.08.24 23:52:32] GeoEngine: Loading: 23_16.l2g
[09.08.24 23:52:32] GeoEngine: Loading: 23_17.l2g
[09.08.24 23:52:32] GeoEngine: Loading: 23_18.l2g
[09.08.24 23:52:32] GeoEngine: Loading: 23_19.l2g
[09.08.24 23:52:32] GeoEngine: Loading: 23_20.l2g
[09.08.24 23:52:32] GeoEngine: Loading: 23_21.l2g
[09.08.24 23:52:32] GeoEngine: Loading: 23_22.l2g
[09.08.24 23:52:32] GeoEngine: Loading: 23_23.l2g
[09.08.24 23:52:32] GeoEngine: Loading: 23_24.l2g
[09.08.24 23:52:32] GeoEngine: Loading: 23_25.l2g
[09.08.24 23:52:32] GeoEngine: Loading: 23_26.l2g
[09.08.24 23:52:32] GeoEngine: Loading: 24_10.l2g
[09.08.24 23:52:32] GeoEngine: Loading: 24_11.l2g
[09.08.24 23:52:32] GeoEngine: Loading: 24_12.l2g
[09.08.24 23:52:32] GeoEngine: Loading: 24_13.l2g
[09.08.24 23:52:32] GeoEngine: Loading: 24_14.l2g
[09.08.24 23:52:32] GeoEngine: Loading: 24_15.l2g
[09.08.24 23:52:32] GeoEngine: Loading: 24_16.l2g
[09.08.24 23:52:32] GeoEngine: Loading: 24_17.l2g
[09.08.24 23:52:32] GeoEngine: Loading: 24_18.l2g
[09.08.24 23:52:32] GeoEngine: Loading: 24_19.l2g
[09.08.24 23:52:32] GeoEngine: Loading: 24_20.l2g
[09.08.24 23:52:32] GeoEngine: Loading: 24_21.l2g
[09.08.24 23:52:32] GeoEngine: Loading: 24_22.l2g
[09.08.24 23:52:32] GeoEngine: Loading: 24_23.l2g
[09.08.24 23:52:32] GeoEngine: Loading: 24_24.l2g
[09.08.24 23:52:32] GeoEngine: Loading: 24_25.l2g
[09.08.24 23:52:32] GeoEngine: Loading: 24_26.l2g
[09.08.24 23:52:32] GeoEngine: Loading: 25_10.l2g
[09.08.24 23:52:32] GeoEngine: Loading: 25_11.l2g
[09.08.24 23:52:32] GeoEngine: Loading: 25_12.l2g
[09.08.24 23:52:33] GeoEngine: Loading: 25_14.l2g
[09.08.24 23:52:33] GeoEngine: Loading: 25_15.l2g
[09.08.24 23:52:33] GeoEngine: Loading: 25_16.l2g
[09.08.24 23:52:33] GeoEngine: Loading: 25_17.l2g
[09.08.24 23:52:33] GeoEngine: Loading: 25_18.l2g
[09.08.24 23:52:33] GeoEngine: Loading: 25_19.l2g
[09.08.24 23:52:33] GeoEngine: Loading: 25_20.l2g
[09.08.24 23:52:33] GeoEngine: Loading: 25_21.l2g
[09.08.24 23:52:33] GeoEngine: Loading: 26_11.l2g
[09.08.24 23:52:33] GeoEngine: Loading: 26_12.l2g
[09.08.24 23:52:33] GeoEngine: Loading: 26_14.l2g
[09.08.24 23:52:33] GeoEngine: Loading: 26_15.l2g
[09.08.24 23:52:33] GeoEngine: Loading: 26_16.l2g
[09.08.24 23:52:33] GeoEngine: Loaded 166 map(s), max layers: 21
[09.08.24 23:52:33] Loaded 418 translit entries.
[09.08.24 23:52:33] World Build: Creating regions: [192][272][32].
[09.08.24 23:52:33] HtmCache: disabled.
[09.08.24 23:52:33] StringHolder: load strings: 2071 for lang: RUSSIAN
[09.08.24 23:52:33] StringHolder: load strings: 2091 for lang: ENGLISH
[09.08.24 23:52:33] EnchantSkillHolder: loaded 258 enchant skill(s) count.
[09.08.24 23:52:33] Loading skills from 1-99.xml ...
[09.08.24 23:52:34] Loading skills from 100-199.xml ...
[09.08.24 23:52:34] Loading skills from 200-299.xml ...
[09.08.24 23:52:34] Loading skills from 300-399.xml ...
[09.08.24 23:52:34] Loading skills from 400-499.xml ...
[09.08.24 23:52:34] Loading skills from 600-699.xml ...
[09.08.24 23:52:34] Loading skills from 1000-1099.xml ...
[09.08.24 23:52:34] Loading skills from 1100-1199.xml ...
[09.08.24 23:52:35] Loading skills from 1200-1299.xml ...
[09.08.24 23:52:35] Loading skills from 1300-1399.xml ...
[09.08.24 23:52:35] Loading skills from 1400-1499.xml ...
[09.08.24 23:52:35] Loading skills from 2000-2099.xml ...
[09.08.24 23:52:35] Loading skills from 2100-2199.xml ...
[09.08.24 23:52:35] Loading skills from 2200-2299.xml ...
[09.08.24 23:52:35] Loading skills from 2300-2399.xml ...
[09.08.24 23:52:35] Loading skills from 2500-2599.xml ...
[09.08.24 23:52:35] Loading skills from 2600-2699.xml ...
[09.08.24 23:52:35] Loading skills from 2800-2899.xml ...
[09.08.24 23:52:35] Loading skills from 3000-3099.xml ...
[09.08.24 23:52:35] Loading skills from 3100-3199.xml ...
[09.08.24 23:52:35] Loading skills from 3200-3299.xml ...
[09.08.24 23:52:35] Loading skills from 3300-3399.xml ...
[09.08.24 23:52:35] Loading skills from 3400-3499.xml ...
[09.08.24 23:52:35] Loading skills from 3500-3599.xml ...
[09.08.24 23:52:35] Loading skills from 3600-3699.xml ...
[09.08.24 23:52:35] Loading skills from 3700-3799.xml ...
[09.08.24 23:52:35] Loading skills from 3800-3899.xml ...
[09.08.24 23:52:35] Loading skills from 3900-3999.xml ...
[09.08.24 23:52:35] Loading skills from 4000-4099.xml ...
[09.08.24 23:52:35] Loading skills from 4100-4199.xml ...
[09.08.24 23:52:35] Loading skills from 4200-4299.xml ...
[09.08.24 23:52:35] Loading skills from 4300-4399.xml ...
[09.08.24 23:52:35] Loading skills from 4400-4499.xml ...
[09.08.24 23:52:35] Loading skills from 4500-4599.xml ...
[09.08.24 23:52:35] Loading skills from 4600-4699.xml ...
[09.08.24 23:52:36] Loading skills from 4700-4799.xml ...
[09.08.24 23:52:36] Loading skills from 4800-4899.xml ...
[09.08.24 23:52:36] Loading skills from 4900-4999.xml ...
[09.08.24 23:52:36] Loading skills from 5000-5099.xml ...
[09.08.24 23:52:36] Loading skills from 5100-5199.xml ...
[09.08.24 23:52:36] Loading skills from 5200-5299.xml ...
[09.08.24 23:52:36] Loading skills from 5300-5399.xml ...
[09.08.24 23:52:36] Loading skills from 5400-5499.xml ...
[09.08.24 23:52:36] Loading skills from 5500-5599.xml ...
[09.08.24 23:52:36] Loading skills from 5600-5699.xml ...
[09.08.24 23:52:36] Loading skills from 5700-5799.xml ...
[09.08.24 23:52:36] Loading skills from 5800-5899.xml ...
[09.08.24 23:52:36] Loading skills from 5900-5999.xml ...
[09.08.24 23:52:36] Loading skills from 6000-6099.xml ...
[09.08.24 23:52:36] Loading skills from 6100-6199.xml ...
[09.08.24 23:52:36] Loading skills from 6200-6299.xml ...
[09.08.24 23:52:36] Loading skills from 6300-6399.xml ...
[09.08.24 23:52:36] Loading skills from 6400-6499.xml ...
[09.08.24 23:52:36] Loading skills from 6500-6599.xml ...
[09.08.24 23:52:36] Loading skills from 6600-6699.xml ...
[09.08.24 23:52:36] Loading skills from 6700-6799.xml ...
[09.08.24 23:52:36] Loading skills from 6800-6899.xml ...
[09.08.24 23:52:36] Loading skills from 6900-6999.xml ...
[09.08.24 23:52:36] Loading skills from 7000-7099.xml ...
[09.08.24 23:52:36] Loading skills from 8200-8299.xml ...
[09.08.24 23:52:36] Loading skills from 8500-8599.xml ...
[09.08.24 23:52:36] Loading skills from 9000-9099.xml ...
[09.08.24 23:52:36] Loading skills from 13100-13199.xml ...
[09.08.24 23:52:36] Loading skills from 13600-13699.xml ...
[09.08.24 23:52:36] Loading skills from 17100-17199.xml ...
[09.08.24 23:52:36] Loading skills from 17800-17899.xml ...
[09.08.24 23:52:36] Loading skills from 19000-19099.xml ...
[09.08.24 23:52:36] Loading skills from 21100-21199.xml ...
[09.08.24 23:52:36] Loading skills from 21200-21299.xml ...
[09.08.24 23:52:36] Loading skills from 23000-23099.xml ...
[09.08.24 23:52:36] Loading skills from 23200-23299.xml ...
[09.08.24 23:52:36] Loading skills from 27400-27499.xml ...
[09.08.24 23:52:36] Loading skills from 35000-35099.xml ...
[09.08.24 23:52:36] Loading skills from 39000-39099.xml ...
[09.08.24 23:52:36] Loading skills from 39100-39199.xml ...
[09.08.24 23:52:36] Loading skills from 39200-39299.xml ...
[09.08.24 23:52:36] Loading skills from 45000-45099.xml ...
[09.08.24 23:52:36] Loading skills from 50100-50199.xml ...
[09.08.24 23:52:36] Loading skills from 51000-51099.xml ...
[09.08.24 23:52:36] Loading skills from 51100-51199.xml ...
[09.08.24 23:52:36] Loading skills from 51300-51399.xml ...
[09.08.24 23:52:36] Loading skills from 54000-54099.xml ...
[09.08.24 23:52:36] Loading skills from 54100-54199.xml ...
[09.08.24 23:52:36] Loading skills from 55000-55099.xml ...
[09.08.24 23:52:36] Loading skills from 55100-55199.xml ...
[09.08.24 23:52:36] Loading skills from 55200-55299.xml ...
[09.08.24 23:52:36] Loading skills from 55300-55399.xml ...
[09.08.24 23:52:36] Loading skills from 55400-55499.xml ...
[09.08.24 23:52:36] Loading skills from 55500-55599.xml ...
[09.08.24 23:52:36] Loading skills from 55600-55699.xml ...
[09.08.24 23:52:36] Loading skills from 55700-55799.xml ...
[09.08.24 23:52:36] Loading skills from 59100-59199.xml ...
[09.08.24 23:52:36] Loading skills from 60000-60099.xml ...
[09.08.24 23:52:36] Loading skills from 90000-90099.xml ...
[09.08.24 23:52:36] SkillsEngine: Loaded 5600 skill templates from XML files. Max id: 90054, max level: 170
[09.08.24 23:52:36] OptionDataHolder: loaded 16600 option data(s) count.
[09.08.24 23:52:37] ItemHolder: loaded 10756 item(s) count.
[09.08.24 23:52:37] VariationGroupHolder: loaded 40 variation group(s) count.
[09.08.24 23:52:37] VariationChanceHolder: loaded 40 variation chance(s) count.
[09.08.24 23:52:37] CharacterTemplateHolder: loaded 178 character template(s) count.
[09.08.24 23:52:37] EnsoulFeeHolder: loaded 15 ensoul fee(s) count.
[09.08.24 23:52:37] EnsoulOptionHolder: loaded 660 ensoul option(s) count.
[09.08.24 23:52:39] NpcHolder: loaded 6723 npc(s) count.
[09.08.24 23:52:39] MapRegionManager: loaded 204 map region manager(s) count.
[09.08.24 23:52:39] MapRegionManager: loaded 204 map region manager(s) count.
[09.08.24 23:52:39] StaticObjectHolder: loaded 29 static object(s) count.
[09.08.24 23:52:39] DoorHolder: loaded 559 door(s) count.
[09.08.24 23:52:39] ZoneHolder: loaded 920 zone(s) count.
[09.08.24 23:52:39] SpawnHolder: loaded 28621 spawn(s) count.
[09.08.24 23:52:39] InstantZoneHolder: loaded 13 instant zone(s) count.
[09.08.24 23:52:40] SkillAcquireHolder: load 45663 normal learns for 89 classes.
[09.08.24 23:52:40] SkillAcquireHolder: load 553 fishing learns for 5 races.
[09.08.24 23:52:40] SkillAcquireHolder: load 64 pledge learns.
[09.08.24 23:52:40] SkillAcquireHolder: load 5 nobles skills.
[09.08.24 23:52:40] SkillAcquireHolder: load 5 hero skills.
[09.08.24 23:52:40] SkillAcquireHolder: load 4 clan leader skills.
[09.08.24 23:52:40] SkillAcquireHolder: load 0 premium account skills.
[09.08.24 23:52:40] SkillAcquireHolder: load 0 custom skills learns for 5 races.
[09.08.24 23:52:40] ClassLevelGainHolder: loaded 89 class level gain(s) count.
[09.08.24 23:52:40] KarmaIncreaseDataHolder: loaded 99 karma increase data(s) count.
[09.08.24 23:52:40] HitCondBonusHolder: loaded 7 hit cond bonus(s) count.
[09.08.24 23:52:40] ResidenceHolder: total size: 53
[09.08.24 23:52:40] ResidenceHolder:  - load 9 castle(s).
[09.08.24 23:52:40] ResidenceHolder:  - load 44 clanhall(s).
[09.08.24 23:52:40] RaidBossSpawnManager: Loaded 0 Statuses
[09.08.24 23:52:40] SevenSigns: Currently in the Quest Event Initialization period!
[09.08.24 23:52:40] SevenSigns: The Competition this week, if the trend continue, will end with a tie.
[09.08.24 23:52:40] SevenSigns: Next period begins in 0 days, 0 hours and 14 mins.
[09.08.24 23:52:40] EventHolder: loaded 66 event(s) count.
[09.08.24 23:52:40] CubicHolder: loaded 73 cubic(s) count.
[09.08.24 23:52:40] RecipeHolder: loaded 870 recipe(s) count.
[09.08.24 23:52:40] TradeController: Loaded 4 file(s).
[09.08.24 23:52:40] TradeController: Loaded 21598 Items.
[09.08.24 23:52:40] TradeController: Loaded 808 Buylists.
[09.08.24 23:52:40] MultiSell [10000] Production [0] [2383] price is lower than referenced | 17680000 > 15000000
[09.08.24 23:52:40] MultiSell [10000] Production [0] [374] price is lower than referenced | 18310000 > 15000000
[09.08.24 23:52:40] MultiSell [10003] Production [0] [6383] price is lower than referenced | 29930000 > 20000000
[09.08.24 23:52:40] MultiSell [10003] Production [0] [6379] price is lower than referenced | 17400000 > 10000000
[09.08.24 23:52:40] MultiSell [10003] Production [0] [6382] price is lower than referenced | 5370000 > 5000000
[09.08.24 23:52:40] MultiSell [10003] Production [0] [6383] price is lower than referenced | 17400000 > 5000000
[09.08.24 23:52:40] MultiSell [10003] Production [0] [6386] price is lower than referenced | 5370000 > 5000000
[09.08.24 23:52:40] MultiSell [10003] Production [0] [6374] price is lower than referenced | 8960000 > 5000000
[09.08.24 23:52:40] MultiSell [10003] Production [0] [6378] price is lower than referenced | 5370000 > 5000000
[09.08.24 23:52:40] MultiSell [10016] Production [0] [2512] price is lower than referenced | 1000000 > 800000
[09.08.24 23:52:40] MultiSell [10016] Production [0] [2513] price is lower than referenced | 1200000 > 1000000
[09.08.24 23:52:40] MultiSell [10016] Production [0] [3948] price is lower than referenced | 450000 > 400000
[09.08.24 23:52:40] MultiSell [10016] Production [0] [3949] price is lower than referenced | 900000 > 600000
[09.08.24 23:52:40] MultiSell [10016] Production [0] [3950] price is lower than referenced | 2450000 > 1500000
[09.08.24 23:52:40] MultiSell [10016] Production [0] [3951] price is lower than referenced | 2900000 > 1000000
[09.08.24 23:52:40] MultiSell [10016] Production [0] [3952] price is lower than referenced | 3500000 > 2000000
[09.08.24 23:52:40] MultiSell [10016] Production [0] [8874] price is lower than referenced | 2000000 > 1000000
[09.08.24 23:52:40] MultiSell [10016] Production [0] [8873] price is lower than referenced | 2000000 > 1000000
[09.08.24 23:52:40] MultiSell [10026] Production [0] [358] price is lower than referenced | 8593000 > 6000000
[09.08.24 23:52:40] MultiSell [10026] Production [0] [2391] price is lower than referenced | 6348000 > 6000000
[09.08.24 23:52:40] MultiSell [10026] Production [0] [2398] price is lower than referenced | 6738000 > 6000000
[09.08.24 23:52:40] MultiSell [10026] Production [0] [2381] price is lower than referenced | 8073000 > 6000000
[09.08.24 23:52:40] MultiSell [10026] Production [0] [2392] price is lower than referenced | 6348000 > 6000000
[09.08.24 23:52:40] MultiSell [10026] Production [0] [2399] price is lower than referenced | 6738000 > 6000000
[09.08.24 23:52:40] MultiSell [10027] Production [0] [356] price is lower than referenced | 3717000 > 3500000
[09.08.24 23:52:40] MultiSell [10030] Production [0] [8788] price is lower than referenced | 35300000 > 25000000
[09.08.24 23:52:40] MultiSell [10030] Production [0] [8789] price is lower than referenced | 35300000 > 25000000
[09.08.24 23:52:40] MultiSell [10030] Production [0] [8790] price is lower than referenced | 35000000 > 25000000
[09.08.24 23:52:40] MultiSell [10030] Production [0] [8791] price is lower than referenced | 35300000 > 25000000
[09.08.24 23:52:40] MultiSell [10030] Production [0] [8792] price is lower than referenced | 35000000 > 25000000
[09.08.24 23:52:40] MultiSell [10030] Production [0] [8793] price is lower than referenced | 35000000 > 25000000
[09.08.24 23:52:40] MultiSell [10030] Production [0] [8800] price is lower than referenced | 35300000 > 25000000
[09.08.24 23:52:40] MultiSell [10030] Production [0] [8801] price is lower than referenced | 35000000 > 25000000
[09.08.24 23:52:40] MultiSell [10030] Production [0] [8802] price is lower than referenced | 35000000 > 25000000
[09.08.24 23:52:40] MultiSell [10030] Production [0] [8806] price is lower than referenced | 35000000 > 25000000
[09.08.24 23:52:40] MultiSell [10030] Production [0] [8807] price is lower than referenced | 35300000 > 25000000
[09.08.24 23:52:40] MultiSell [10030] Production [0] [8808] price is lower than referenced | 35000000 > 25000000
[09.08.24 23:52:40] MultiSell [10030] Production [0] [8794] price is lower than referenced | 35000000 > 25000000
[09.08.24 23:52:40] MultiSell [10030] Production [0] [8795] price is lower than referenced | 35300000 > 25000000
[09.08.24 23:52:40] MultiSell [10030] Production [0] [8796] price is lower than referenced | 35300000 > 25000000
[09.08.24 23:52:40] MultiSell [10030] Production [0] [8815] price is lower than referenced | 35300000 > 25000000
[09.08.24 23:52:40] MultiSell [10030] Production [0] [8816] price is lower than referenced | 35300000 > 25000000
[09.08.24 23:52:40] MultiSell [10030] Production [0] [8817] price is lower than referenced | 35000000 > 25000000
[09.08.24 23:52:40] MultiSell [10030] Production [0] [5641] price is lower than referenced | 27000000 > 25000000
[09.08.24 23:52:40] MultiSell [10030] Production [0] [5642] price is lower than referenced | 27000000 > 25000000
[09.08.24 23:52:40] MultiSell [10030] Production [0] [5643] price is lower than referenced | 27000000 > 25000000
[09.08.24 23:52:40] MultiSell [10030] Production [0] [8818] price is lower than referenced | 35000000 > 25000000
[09.08.24 23:52:40] MultiSell [10030] Production [0] [8819] price is lower than referenced | 35300000 > 25000000
[09.08.24 23:52:40] MultiSell [10030] Production [0] [8820] price is lower than referenced | 35000000 > 25000000
[09.08.24 23:52:40] MultiSell [10030] Production [0] [8803] price is lower than referenced | 35300000 > 25000000
[09.08.24 23:52:40] MultiSell [10030] Production [0] [8804] price is lower than referenced | 35000000 > 25000000
[09.08.24 23:52:40] MultiSell [10030] Production [0] [8805] price is lower than referenced | 35300000 > 25000000
[09.08.24 23:52:40] MultiSell [10030] Production [0] [8809] price is lower than referenced | 35300000 > 25000000
[09.08.24 23:52:40] MultiSell [10030] Production [0] [8810] price is lower than referenced | 35300000 > 25000000
[09.08.24 23:52:40] MultiSell [10030] Production [0] [8811] price is lower than referenced | 35000000 > 25000000
[09.08.24 23:52:40] MultiSell [10030] Production [0] [8938] price is lower than referenced | 35300000 > 25000000
[09.08.24 23:52:40] MultiSell [10032] Production [0] [4708] price is lower than referenced | 6130000 > 3000000
[09.08.24 23:52:40] MultiSell [10032] Production [0] [4709] price is lower than referenced | 6130000 > 3000000
[09.08.24 23:52:40] MultiSell [10032] Production [0] [4710] price is lower than referenced | 6130000 > 3000000
[09.08.24 23:52:40] MultiSell [10032] Production [0] [6347] price is lower than referenced | 6130000 > 3000000
[09.08.24 23:52:40] MultiSell [10032] Production [0] [6347] price is lower than referenced | 6130000 > 3000000
[09.08.24 23:52:40] MultiSell [10032] Production [0] [6347] price is lower than referenced | 6130000 > 3000000
[09.08.24 23:52:40] MultiSell [10032] Production [0] [4774] price is lower than referenced | 6130000 > 3000000
[09.08.24 23:52:40] MultiSell [10032] Production [0] [4775] price is lower than referenced | 6130000 > 3000000
[09.08.24 23:52:40] MultiSell [10032] Production [0] [4776] price is lower than referenced | 6130000 > 3000000
[09.08.24 23:52:40] MultiSell [10032] Production [0] [6358] price is lower than referenced | 6130000 > 3000000
[09.08.24 23:52:40] MultiSell [10032] Production [0] [4822] price is lower than referenced | 6130000 > 3000000
[09.08.24 23:52:40] MultiSell [10032] Production [0] [4823] price is lower than referenced | 6130000 > 3000000
[09.08.24 23:52:40] MultiSell [10032] Production [0] [4824] price is lower than referenced | 6130000 > 3000000
[09.08.24 23:52:40] MultiSell [10032] Production [0] [4744] price is lower than referenced | 6130000 > 3000000
[09.08.24 23:52:40] MultiSell [10032] Production [0] [4745] price is lower than referenced | 6130000 > 3000000
[09.08.24 23:52:40] MultiSell [10032] Production [0] [4746] price is lower than referenced | 6130000 > 3000000
[09.08.24 23:52:40] MultiSell [10032] Production [0] [6313] price is lower than referenced | 4300000 > 3000000
[09.08.24 23:52:40] MultiSell [10032] Production [0] [6314] price is lower than referenced | 4300000 > 3000000
[09.08.24 23:52:40] MultiSell [10032] Production [0] [6315] price is lower than referenced | 4300000 > 3000000
[09.08.24 23:52:40] MultiSell [10032] Production [0] [4894] price is lower than referenced | 6130000 > 3000000
[09.08.24 23:52:40] MultiSell [10032] Production [0] [4895] price is lower than referenced | 6130000 > 3000000
[09.08.24 23:52:40] MultiSell [10032] Production [0] [4896] price is lower than referenced | 6130000 > 3000000
[09.08.24 23:52:40] MultiSell [10032] Production [0] [4888] price is lower than referenced | 6130000 > 3000000
[09.08.24 23:52:40] MultiSell [10032] Production [0] [4889] price is lower than referenced | 6130000 > 3000000
[09.08.24 23:52:40] MultiSell [10032] Production [0] [4890] price is lower than referenced | 6130000 > 3000000
[09.08.24 23:52:40] MultiSell [10032] Production [0] [4852] price is lower than referenced | 6130000 > 3000000
[09.08.24 23:52:40] MultiSell [10032] Production [0] [4853] price is lower than referenced | 6130000 > 3000000
[09.08.24 23:52:40] MultiSell [10032] Production [0] [4854] price is lower than referenced | 6130000 > 3000000
[09.08.24 23:52:40] MultiSell [10032] Production [0] [4795] price is lower than referenced | 6130000 > 3000000
[09.08.24 23:52:40] MultiSell [10032] Production [0] [4796] price is lower than referenced | 6130000 > 3000000
[09.08.24 23:52:40] MultiSell [10032] Production [0] [4797] price is lower than referenced | 6130000 > 3000000
[09.08.24 23:52:40] MultiSell [10032] Production [0] [2582] price is lower than referenced | 6130000 > 3000000
[09.08.24 23:52:41] PurchaseLimitCraftHolder: loaded 1 purchase limit craft(s) count.
[09.08.24 23:52:41] HennaHolder: loaded 180 henna(s) count.
[09.08.24 23:52:41] EnchantItemHolder: load 34 enchant item(s).
[09.08.24 23:52:41] SoulCrystalHolder: loaded 39 soul crystal(s) count.
[09.08.24 23:52:41] ArmorSetsHolder: loaded 51 armor sets(s) count.
[09.08.24 23:52:41] FishDataHolder: load 278 fish(es).
[09.08.24 23:52:41] FishDataHolder: load 30 lure(s).
[09.08.24 23:52:41] FishDataHolder: load 4 distribution(s).
[09.08.24 23:52:41] CapsuleItemHolder: loaded 411 capsule item(s) count.
[09.08.24 23:52:41] OneDayRewardHolder: loaded 83 one day reward(s) count.
[09.08.24 23:52:41] CombinationDataHolder: loaded 711 combination data(s) count.
[09.08.24 23:52:41] TeleportListHolder: loaded 87 teleport list(s) count.
[09.08.24 23:52:41] CrestCache: Loaded 0 crests
[09.08.24 23:52:41] SkillTreeTable: Loaded 0 enchanted skills.
[09.08.24 23:52:41] SpawnManager: spawned 1000 npc for group: ALL
[09.08.24 23:52:41] SpawnManager: spawned 3000 npc for group: ALL
[09.08.24 23:52:41] SpawnManager: spawned 4000 npc for group: ALL
[09.08.24 23:52:41] MoveRouteHolder: loaded 150 move route(s) count.
[09.08.24 23:52:42] SpawnManager: spawned 13000 npc for group: ALL
[09.08.24 23:52:42] SpawnManager: spawned 328 npc; spawns: 110; group: [guard_of_andreas]
[09.08.24 23:52:42] SpawnManager: spawned 21000 npc for group: ALL
[09.08.24 23:52:43] SpawnManager: spawned 28000 npc for group: ALL
[09.08.24 23:52:43] SpawnManager: spawned 40000 npc for group: ALL
[09.08.24 23:52:43] SpawnManager: spawned 41000 npc for group: ALL
[09.08.24 23:52:44] SpawnManager: spawned 45000 npc for group: ALL
[09.08.24 23:52:44] SpawnManager: spawned 51000 npc for group: ALL
[09.08.24 23:52:44] SpawnManager: spawned 59000 npc for group: ALL
[09.08.24 23:52:44] SpawnManager: spawned 64000 npc for group: ALL
[09.08.24 23:52:44] SpawnManager: spawned 66000 npc for group: ALL
[09.08.24 23:52:44] SpawnManager: spawned 69000 npc for group: ALL
[09.08.24 23:52:44] SpawnManager: spawned 75000 npc for group: ALL
[09.08.24 23:52:44] SpawnManager: spawned 78000 npc for group: ALL
[09.08.24 23:52:44] SpawnManager: spawned 82000 npc for group: ALL
[09.08.24 23:52:44] SpawnManager: spawned 84821 npc; spawns: 14339; group: ALL
[09.08.24 23:52:44] SpawnManager: spawned 15 npc; spawns: 15; group: [event_gate]
[09.08.24 23:52:44] SpawnManager: spawned 17 npc; spawns: 17; group: [global_gatekeeper]
[09.08.24 23:52:44] SpawnManager: spawned 17 npc; spawns: 17; group: [npc_buffer]
[09.08.24 23:52:44] SpawnManager: spawned 17 npc; spawns: 17; group: [gm_shop]
[09.08.24 23:52:44] SpawnManager: spawned 17 npc; spawns: 17; group: [auctioner]
[09.08.24 23:52:44] SpawnManager: spawned 17 npc; spawns: 17; group: [global_services]
[09.08.24 23:52:44] SpawnManager: spawned 10 npc; spawns: 10; group: [pvp_event_manager]
[09.08.24 23:52:45] SpawnManager: spawned 2000 npc for group: [treasure_box]
[09.08.24 23:52:45] SpawnManager: spawned 2741 npc; spawns: 2172; group: [treasure_box]
[09.08.24 23:52:45] SpawnManager: spawned 18 npc; spawns: 18; group: [lotto_manager]
[09.08.24 23:52:45] SpawnManager: spawned 39 npc; spawns: 39; group: class_master
[09.08.24 23:52:45] BoatHolder: loaded 5 boat(s) count.
[09.08.24 23:52:45] BoatHolder: Spawning: RunePrimevalBoat
[09.08.24 23:52:45] BoatHolder: Spawning: RuneGludinBoat
[09.08.24 23:52:45] BoatHolder: Spawning: InnadrilPleasureBoat
[09.08.24 23:52:45] BoatHolder: Spawning: GludinTalkingIslandBoat
[09.08.24 23:52:45] BoatHolder: Spawning: GiranTalkingIslandBoat
[09.08.24 23:52:45] StaticObjectHolder: spawned: 29 static object(s).
[09.08.24 23:52:45] PetDataHolder: loaded 71112 pet data(s) count.
[09.08.24 23:52:45] Achievements: Loaded 0 achievement(s) for 0 category(ies).
[09.08.24 23:52:45] AntharasManager: State of Antharas is null.
[09.08.24 23:52:45] Scripts: Failed running bosses.AntharasManager.onLoad()
java.lang.NullPointerException: Cannot invoke "bosses.EpicBossState$State.equals(Object)" because the return value of "bosses.EpicBossState.getState()" is null
	at bosses.AntharasManager.init(Unknown Source)
	at bosses.AntharasManager.onLoad(Unknown Source)
	at l2.gameserver.scripts.Scripts.init(Unknown Source)
	at l2.gameserver.GameServer.<init>(Unknown Source)
	at l2.gameserver.GameServer.main(Unknown Source)
[09.08.24 23:52:45] BaiumManager: State of Baium is null.
[09.08.24 23:52:45] Scripts: Failed running bosses.BaiumManager.onLoad()
java.lang.NullPointerException: Cannot invoke "bosses.EpicBossState$State.equals(Object)" because the return value of "bosses.EpicBossState.getState()" is null
	at bosses.BaiumManager.init(Unknown Source)
	at bosses.BaiumManager.onLoad(Unknown Source)
	at l2.gameserver.scripts.Scripts.init(Unknown Source)
	at l2.gameserver.GameServer.<init>(Unknown Source)
	at l2.gameserver.GameServer.main(Unknown Source)
[09.08.24 23:52:45] FrintezzaManager: State of Frintezza is null.
[09.08.24 23:52:45] Scripts: Failed running bosses.FrintezzaManager.onLoad()
java.lang.NullPointerException: Cannot invoke "bosses.EpicBossState$State.equals(Object)" because the return value of "bosses.EpicBossState.getState()" is null
	at bosses.FrintezzaManager.init(Unknown Source)
	at bosses.FrintezzaManager.onLoad(Unknown Source)
	at l2.gameserver.scripts.Scripts.init(Unknown Source)
	at l2.gameserver.GameServer.<init>(Unknown Source)
	at l2.gameserver.GameServer.main(Unknown Source)
[09.08.24 23:52:45] SailrenManager: State of Sailren is null.
[09.08.24 23:52:45] Scripts: Failed running bosses.SailrenManager.onLoad()
java.lang.NullPointerException: Cannot invoke "bosses.EpicBossState$State.equals(Object)" because the return value of "bosses.EpicBossState.getState()" is null
	at bosses.SailrenManager.init(Unknown Source)
	at bosses.SailrenManager.onLoad(Unknown Source)
	at l2.gameserver.scripts.Scripts.init(Unknown Source)
	at l2.gameserver.GameServer.<init>(Unknown Source)
	at l2.gameserver.GameServer.main(Unknown Source)
[09.08.24 23:52:45] ValakasManager: State of Valakas is null.
[09.08.24 23:52:45] Scripts: Failed running bosses.ValakasManager.onLoad()
java.lang.NullPointerException: Cannot invoke "bosses.EpicBossState$State.equals(Object)" because the return value of "bosses.EpicBossState.getState()" is null
	at bosses.ValakasManager.init(Unknown Source)
	at bosses.ValakasManager.onLoad(Unknown Source)
	at l2.gameserver.scripts.Scripts.init(Unknown Source)
	at l2.gameserver.GameServer.<init>(Unknown Source)
	at l2.gameserver.GameServer.main(Unknown Source)
[09.08.24 23:52:45] Loaded Event: Adventure Helper [state: deactivated]
[09.08.24 23:52:45] Loaded Event: 'Attendance' [state: deactivated]
[09.08.24 23:52:45] Loaded Event: Christmas [state: deactivated]
[09.08.24 23:52:45] Loaded Event: Coffer of Shadows [state: deactivated]
[09.08.24 23:52:45] Loaded Event: Dragon Pendants [state: deactivated]
[09.08.24 23:52:45] Loaded Event: Drop Event [state: deactivated]
[09.08.24 23:52:45] Loaded Event: 'Finder' [state: deactivated]
[09.08.24 23:52:45] Loaded Event: GvG [state: deactivated]
[09.08.24 23:52:45] Loaded Event: 'HalloweenEvent' [state: deactivated]
[09.08.24 23:52:45] Loaded Event: Kamaloka [state: deactivated]
[09.08.24 23:52:45] Loaded Event: PcCafePointsExchange [state: deactivated]
[09.08.24 23:52:45] Loaded Event: SavingSnowman [state: deactivated]
[09.08.24 23:52:45] Loaded Event: StraightHands [state: deactivated]
[09.08.24 23:52:45] Loaded Event: The Fall Harvest [state: deactivated]
[09.08.24 23:52:45] Loaded Event: Trick of Trnasmutation [state: deactivated]
[09.08.24 23:52:45] Loaded Event: TvT [state: deactivated]
[09.08.24 23:52:45] PvPEvent: [state: inactive]
[09.08.24 23:52:45] Loaded Event: TvT Arena 1 [state: deactivated]
[09.08.24 23:52:45] Loaded Event: TvT Arena 2 [state: deactivated]
[09.08.24 23:52:45] Loaded Event: TvT Arena 3 [state: deactivated]
[09.08.24 23:52:45] Loaded Event: L2 Medal Collection Event [state: deactivated]
[09.08.24 23:52:45] Loaded Event: Change of Heart[state: deactivated]
[09.08.24 23:52:45] Loaded Event: l2day [state: deactivated]
[09.08.24 23:52:45] ManorManager: Loaded 246 seeds
[09.08.24 23:52:45] ACPService: Loaded
[09.08.24 23:52:45] Buffer: Loaded 217 buff template(s).
[09.08.24 23:52:45] Buffer: Loaded 1 buff item(s).
[09.08.24 23:52:45] ClanHelperService: Loaded 3 entry(s).
[09.08.24 23:52:45] ItemFakeAppearance: Disabled.
[09.08.24 23:52:45] PromoCodeHolder: loaded 1 promo code(s) count.
[09.08.24 23:52:45] QuestSellService: Loading ...
[09.08.24 23:52:45] QuestSellService: Loading ...
[09.08.24 23:52:45] StatModifier: Disabled.
[09.08.24 23:52:45] SupportMagic: Loaded 14 newbie buff(s).
[09.08.24 23:52:45] TeleportToRaid: Loaded 1 bosses schemes.
[09.08.24 23:52:45] CommunityBoard: Clan Community service loaded.
[09.08.24 23:52:45] CommunityBoard: service loaded.
[09.08.24 23:52:45] CommunityBoard: Manage Favorites service loaded.
[09.08.24 23:52:45] CommunityBoard: Manage Friends service loaded.
[09.08.24 23:52:45] CommunityBoard: Manage Memo service loaded.
[09.08.24 23:52:45] CommunityBoard: Private Mail service loaded.
[09.08.24 23:52:45] CommunityBoard: Region service loaded.
[09.08.24 23:52:45] CommunityBoard: Custom Community Config loaded.
[09.08.24 23:52:45] CommunityBoard: CommunityServices loaded.
[09.08.24 23:52:45] CommunityBoard: CommunityTeleport loaded.
[09.08.24 23:52:45] AutoBuffZone: Loaded 0 auto buff zone(s).
[09.08.24 23:52:45] AutoBuffZone: Loaded 0 classed auto buff zone(s).
[09.08.24 23:52:45] Player limit zone : Loaded 0 capacity restricted zones.
[09.08.24 23:52:45] Player limit zone : Loaded 0 capacity restricted zones.
[09.08.24 23:52:45] Siege Limit Zone: Loaded 0 clan siege limit zone(s).
[09.08.24 23:52:45] ClassIdLimitZone: Loaded 0 player class id limit zone(s).
[09.08.24 23:52:45] CronZoneSwitcher: Loaded 0 cron zone enable pattern(s) and 0 cron zone disable pattern(s).
[09.08.24 23:52:45] KillRewardZone: Loaded 0 player kill reward zone(s).
[09.08.24 23:52:45] LevelLimitZone: Loaded 1 player level limit zone(s).
[09.08.24 23:52:46] DimensionalRiftManager: Loaded 7 room types with 58 rooms.
[09.08.24 23:52:46] DimensionalRiftManager: Loaded 150 dimensional rift spawns, 0 errors.
[09.08.24 23:52:46] ClanEntryManager: Loaded 0 clan entry.
[09.08.24 23:52:46] ClanEntryManager: Loaded 0 players in waiting list.
[09.08.24 23:52:46] ClanEntryManager: Loaded 0 player applications.
[09.08.24 23:52:46] SSF: Error while getting scores
[09.08.24 23:52:46] oracle=1 festivalId=0 offsetId0 _signsCycle0
[09.08.24 23:52:46] _festivalData={}
[09.08.24 23:52:46] 
java.lang.NullPointerException: Cannot invoke "java.util.Map.get(Object)" because the return value of "java.util.Map.get(Object)" is null
	at l2.gameserver.model.entity.SevenSignsFestival.SevenSignsFestival.getHighestScoreData(Unknown Source)
	at l2.gameserver.model.entity.SevenSignsFestival.SevenSignsFestival.getHighestScore(Unknown Source)
	at l2.gameserver.model.entity.SevenSigns.updateFestivalScore(Unknown Source)
	at l2.gameserver.GameServer.<init>(Unknown Source)
	at l2.gameserver.GameServer.main(Unknown Source)
[09.08.24 23:52:46] SevenSignsFestival: Data missing for Revolutionaries of Dusk, FestivalID = 0 (Current Cycle 0)
[09.08.24 23:52:46] SSF: Error while getting scores
[09.08.24 23:52:46] oracle=2 festivalId=0 offsetId5 _signsCycle0
[09.08.24 23:52:46] _festivalData={}
[09.08.24 23:52:46] 
java.lang.NullPointerException: Cannot invoke "java.util.Map.get(Object)" because the return value of "java.util.Map.get(Object)" is null
	at l2.gameserver.model.entity.SevenSignsFestival.SevenSignsFestival.getHighestScoreData(Unknown Source)
	at l2.gameserver.model.entity.SevenSignsFestival.SevenSignsFestival.getHighestScore(Unknown Source)
	at l2.gameserver.model.entity.SevenSigns.updateFestivalScore(Unknown Source)
	at l2.gameserver.GameServer.<init>(Unknown Source)
	at l2.gameserver.GameServer.main(Unknown Source)
[09.08.24 23:52:46] SevenSignsFestival: Data missing for Lords of Dawn, FestivalID = 0 (Current Cycle 0)
[09.08.24 23:52:46] SSF: Error while getting scores
[09.08.24 23:52:46] oracle=1 festivalId=1 offsetId1 _signsCycle0
[09.08.24 23:52:46] _festivalData={}
[09.08.24 23:52:46] 
java.lang.NullPointerException: Cannot invoke "java.util.Map.get(Object)" because the return value of "java.util.Map.get(Object)" is null
	at l2.gameserver.model.entity.SevenSignsFestival.SevenSignsFestival.getHighestScoreData(Unknown Source)
	at l2.gameserver.model.entity.SevenSignsFestival.SevenSignsFestival.getHighestScore(Unknown Source)
	at l2.gameserver.model.entity.SevenSigns.updateFestivalScore(Unknown Source)
	at l2.gameserver.GameServer.<init>(Unknown Source)
	at l2.gameserver.GameServer.main(Unknown Source)
[09.08.24 23:52:46] SevenSignsFestival: Data missing for Revolutionaries of Dusk, FestivalID = 1 (Current Cycle 0)
[09.08.24 23:52:46] SSF: Error while getting scores
[09.08.24 23:52:46] oracle=2 festivalId=1 offsetId6 _signsCycle0
[09.08.24 23:52:46] _festivalData={}
[09.08.24 23:52:46] 
java.lang.NullPointerException: Cannot invoke "java.util.Map.get(Object)" because the return value of "java.util.Map.get(Object)" is null
	at l2.gameserver.model.entity.SevenSignsFestival.SevenSignsFestival.getHighestScoreData(Unknown Source)
	at l2.gameserver.model.entity.SevenSignsFestival.SevenSignsFestival.getHighestScore(Unknown Source)
	at l2.gameserver.model.entity.SevenSigns.updateFestivalScore(Unknown Source)
	at l2.gameserver.GameServer.<init>(Unknown Source)
	at l2.gameserver.GameServer.main(Unknown Source)
[09.08.24 23:52:46] SevenSignsFestival: Data missing for Lords of Dawn, FestivalID = 1 (Current Cycle 0)
[09.08.24 23:52:46] SSF: Error while getting scores
[09.08.24 23:52:46] oracle=1 festivalId=2 offsetId2 _signsCycle0
[09.08.24 23:52:46] _festivalData={}
[09.08.24 23:52:46] 
java.lang.NullPointerException: Cannot invoke "java.util.Map.get(Object)" because the return value of "java.util.Map.get(Object)" is null
	at l2.gameserver.model.entity.SevenSignsFestival.SevenSignsFestival.getHighestScoreData(Unknown Source)
	at l2.gameserver.model.entity.SevenSignsFestival.SevenSignsFestival.getHighestScore(Unknown Source)
	at l2.gameserver.model.entity.SevenSigns.updateFestivalScore(Unknown Source)
	at l2.gameserver.GameServer.<init>(Unknown Source)
	at l2.gameserver.GameServer.main(Unknown Source)
[09.08.24 23:52:46] SevenSignsFestival: Data missing for Revolutionaries of Dusk, FestivalID = 2 (Current Cycle 0)
[09.08.24 23:52:46] SSF: Error while getting scores
[09.08.24 23:52:46] oracle=2 festivalId=2 offsetId7 _signsCycle0
[09.08.24 23:52:46] _festivalData={}
[09.08.24 23:52:46] 
java.lang.NullPointerException: Cannot invoke "java.util.Map.get(Object)" because the return value of "java.util.Map.get(Object)" is null
	at l2.gameserver.model.entity.SevenSignsFestival.SevenSignsFestival.getHighestScoreData(Unknown Source)
	at l2.gameserver.model.entity.SevenSignsFestival.SevenSignsFestival.getHighestScore(Unknown Source)
	at l2.gameserver.model.entity.SevenSigns.updateFestivalScore(Unknown Source)
	at l2.gameserver.GameServer.<init>(Unknown Source)
	at l2.gameserver.GameServer.main(Unknown Source)
[09.08.24 23:52:46] SevenSignsFestival: Data missing for Lords of Dawn, FestivalID = 2 (Current Cycle 0)
[09.08.24 23:52:46] SSF: Error while getting scores
[09.08.24 23:52:46] oracle=1 festivalId=3 offsetId3 _signsCycle0
[09.08.24 23:52:46] _festivalData={}
[09.08.24 23:52:46] 
java.lang.NullPointerException: Cannot invoke "java.util.Map.get(Object)" because the return value of "java.util.Map.get(Object)" is null
	at l2.gameserver.model.entity.SevenSignsFestival.SevenSignsFestival.getHighestScoreData(Unknown Source)
	at l2.gameserver.model.entity.SevenSignsFestival.SevenSignsFestival.getHighestScore(Unknown Source)
	at l2.gameserver.model.entity.SevenSigns.updateFestivalScore(Unknown Source)
	at l2.gameserver.GameServer.<init>(Unknown Source)
	at l2.gameserver.GameServer.main(Unknown Source)
[09.08.24 23:52:46] SevenSignsFestival: Data missing for Revolutionaries of Dusk, FestivalID = 3 (Current Cycle 0)
[09.08.24 23:52:46] SSF: Error while getting scores
[09.08.24 23:52:46] oracle=2 festivalId=3 offsetId8 _signsCycle0
[09.08.24 23:52:46] _festivalData={}
[09.08.24 23:52:46] 
java.lang.NullPointerException: Cannot invoke "java.util.Map.get(Object)" because the return value of "java.util.Map.get(Object)" is null
	at l2.gameserver.model.entity.SevenSignsFestival.SevenSignsFestival.getHighestScoreData(Unknown Source)
	at l2.gameserver.model.entity.SevenSignsFestival.SevenSignsFestival.getHighestScore(Unknown Source)
	at l2.gameserver.model.entity.SevenSigns.updateFestivalScore(Unknown Source)
	at l2.gameserver.GameServer.<init>(Unknown Source)
	at l2.gameserver.GameServer.main(Unknown Source)
[09.08.24 23:52:46] SevenSignsFestival: Data missing for Lords of Dawn, FestivalID = 3 (Current Cycle 0)
[09.08.24 23:52:46] SSF: Error while getting scores
[09.08.24 23:52:46] oracle=1 festivalId=4 offsetId4 _signsCycle0
[09.08.24 23:52:46] _festivalData={}
[09.08.24 23:52:46] 
java.lang.NullPointerException: Cannot invoke "java.util.Map.get(Object)" because the return value of "java.util.Map.get(Object)" is null
	at l2.gameserver.model.entity.SevenSignsFestival.SevenSignsFestival.getHighestScoreData(Unknown Source)
	at l2.gameserver.model.entity.SevenSignsFestival.SevenSignsFestival.getHighestScore(Unknown Source)
	at l2.gameserver.model.entity.SevenSigns.updateFestivalScore(Unknown Source)
	at l2.gameserver.GameServer.<init>(Unknown Source)
	at l2.gameserver.GameServer.main(Unknown Source)
[09.08.24 23:52:46] SevenSignsFestival: Data missing for Revolutionaries of Dusk, FestivalID = 4 (Current Cycle 0)
[09.08.24 23:52:46] SSF: Error while getting scores
[09.08.24 23:52:46] oracle=2 festivalId=4 offsetId9 _signsCycle0
[09.08.24 23:52:46] _festivalData={}
[09.08.24 23:52:46] 
java.lang.NullPointerException: Cannot invoke "java.util.Map.get(Object)" because the return value of "java.util.Map.get(Object)" is null
	at l2.gameserver.model.entity.SevenSignsFestival.SevenSignsFestival.getHighestScoreData(Unknown Source)
	at l2.gameserver.model.entity.SevenSignsFestival.SevenSignsFestival.getHighestScore(Unknown Source)
	at l2.gameserver.model.entity.SevenSigns.updateFestivalScore(Unknown Source)
	at l2.gameserver.GameServer.<init>(Unknown Source)
	at l2.gameserver.GameServer.main(Unknown Source)
[09.08.24 23:52:46] SevenSignsFestival: Data missing for Lords of Dawn, FestivalID = 4 (Current Cycle 0)
[09.08.24 23:52:46] NoblesController: loaded 0 nobleses.
[09.08.24 23:52:46] NoblesController: Computing ranks.
[09.08.24 23:52:46] OlyController: Season 1 started.
[09.08.24 23:52:46] OlyController: Season 1 end schedule at 00:00:00 01.09.2024
[09.08.24 23:52:46] OlyController: Season 1 nomination schedule at 12:00:00 01.09.2024
[09.08.24 23:52:46] OlyController: Season 1 competitions schedule at [;23:53:46 09.08.2024-00:00:00 10.08.2024;18:00:00 10.08.2024-00:00:00 11.08.2024;18:00:00 11.08.2024-00:00:00 12.08.2024;18:00:00 12.08.2024-00:00:00 13.08.2024;18:00:00 13.08.2024-00:00:00 14.08.2024;18:00:00 14.08.2024-00:00:00 15.08.2024;18:00:00 15.08.2024-00:00:00 16.08.2024;18:00:00 16.08.2024-00:00:00 17.08.2024;18:00:00 17.08.2024-00:00:00 18.08.2024;18:00:00 18.08.2024-00:00:00 19.08.2024;18:00:00 19.08.2024-00:00:00 20.08.2024;18:00:00 20.08.2024-00:00:00 21.08.2024;18:00:00 21.08.2024-00:00:00 22.08.2024;18:00:00 22.08.2024-00:00:00 23.08.2024;18:00:00 23.08.2024-00:00:00 24.08.2024;18:00:00 24.08.2024-00:00:00 25.08.2024;18:00:00 25.08.2024-00:00:00 26.08.2024;18:00:00 26.08.2024-00:00:00 27.08.2024;18:00:00 27.08.2024-00:00:00 28.08.2024;18:00:00 28.08.2024-00:00:00 29.08.2024;18:00:00 29.08.2024-00:00:00 30.08.2024;18:00:00 30.08.2024-00:00:00 31.08.2024;18:00:00 31.08.2024-23:55:00 31.08.2024]
[09.08.24 23:52:46] OlyController: Season 1 bonuses schedule at [;18:30:00 16.08.2024;18:30:00 23.08.2024;18:30:00 30.08.2024]
[09.08.24 23:52:46] Initializing PetitionManager
[09.08.24 23:52:46] AdminCommandHandler: loaded 408 admin command handler(s) count.
[09.08.24 23:52:46] UserCommandHandler: loaded 15 user command handler(s) count.
[09.08.24 23:52:46] VoicedCommandHandler: loaded 61 voiced command handler(s) count.
[09.08.24 23:52:46] =[Events]=========================================
[09.08.24 23:52:46] CastleSiegeEvent: Gludio Castle time - 16:00 11.08.2024
[09.08.24 23:52:46] CastleSiegeEvent: Dion Castle time - 16:00 11.08.2024
[09.08.24 23:52:46] CastleSiegeEvent: Giran Castle time - 20:00 11.08.2024
[09.08.24 23:52:46] CastleSiegeEvent: Oren Castle time - 20:00 11.08.2024
[09.08.24 23:52:46] CastleSiegeEvent: Aden Castle time - 16:00 11.08.2024
[09.08.24 23:52:46] CastleSiegeEvent: Innadril Castle time - 20:00 11.08.2024
[09.08.24 23:52:46] CastleSiegeEvent: Goddard Castle time - 20:00 11.08.2024
[09.08.24 23:52:47] CastleSiegeEvent: Rune Castle time - 16:00 11.08.2024
[09.08.24 23:52:47] CastleSiegeEvent: Schuttgart Castle time - 16:00 11.08.2024
[09.08.24 23:52:47] ClanHallNpcSiegeEvent: Fortress Of Resistance time - 18:00 19.08.2024
[09.08.24 23:52:47] ClanHallAuctionEvent: Moonstone Hall time - 15:00 05.08.2024
[09.08.24 23:52:47] ClanHallAuctionEvent: Onyx Hall time - 15:00 05.08.2024
[09.08.24 23:52:47] ClanHallAuctionEvent: Topaz Hall time - 15:00 05.08.2024
[09.08.24 23:52:47] ClanHallAuctionEvent: Ruby Hall time - 15:00 05.08.2024
[09.08.24 23:52:47] ClanHallAuctionEvent: Crystal Hall time - 15:00 05.08.2024
[09.08.24 23:52:47] ClanHallAuctionEvent: Onyx Hall time - 15:00 05.08.2024
[09.08.24 23:52:47] ClanHallAuctionEvent: Sapphire Hall time - 15:00 05.08.2024
[09.08.24 23:52:47] ClanHallAuctionEvent: Moonstone Hall time - 15:00 05.08.2024
[09.08.24 23:52:47] ClanHallAuctionEvent: Emerald Hall time - 15:00 05.08.2024
[09.08.24 23:52:47] ClanHallAuctionEvent: The Atramental Barracks time - 15:00 05.08.2024
[09.08.24 23:52:47] ClanHallAuctionEvent: The Scarlet Barracks time - 15:00 05.08.2024
[09.08.24 23:52:47] ClanHallAuctionEvent: The Viridian Barracks time - 15:00 05.08.2024
[09.08.24 23:52:47] ClanHallSiegeEvent: Devastated Castle time - 18:00 10.08.2024
[09.08.24 23:52:47] ClanHallTeamBattleEvent: Bandit Stronghold time - 22:00 10.08.2024
[09.08.24 23:52:47] ClanHallAuctionEvent: The Golden Chamber time - 15:00 05.08.2024
[09.08.24 23:52:47] ClanHallAuctionEvent: The Silver Chamber time - 15:00 05.08.2024
[09.08.24 23:52:47] ClanHallAuctionEvent: The Mithril Chamber time - 15:00 05.08.2024
[09.08.24 23:52:47] ClanHallAuctionEvent: Silver Manor time - 15:00 05.08.2024
[09.08.24 23:52:47] ClanHallAuctionEvent: Gold Manor time - 15:00 05.08.2024
[09.08.24 23:52:47] ClanHallAuctionEvent: The Bronze Chamber time - 15:00 05.08.2024
[09.08.24 23:52:47] ClanHallAuctionEvent: The Golden Chamber time - 15:00 05.08.2024
[09.08.24 23:52:47] ClanHallAuctionEvent: The Silver Chamber time - 15:00 05.08.2024
[09.08.24 23:52:47] ClanHallAuctionEvent: The Mithril Chamber time - 15:00 05.08.2024
[09.08.24 23:52:47] ClanHallAuctionEvent: The Bronze Chamber time - 15:00 05.08.2024
[09.08.24 23:52:47] ClanHallAuctionEvent: Silver Manor time - 15:00 05.08.2024
[09.08.24 23:52:47] ClanHallAuctionEvent: Moonstone Hall time - 15:00 05.08.2024
[09.08.24 23:52:47] ClanHallAuctionEvent: Onyx Hall time - 15:00 05.08.2024
[09.08.24 23:52:47] ClanHallAuctionEvent: Emerald Hall time - 15:00 05.08.2024
[09.08.24 23:52:47] ClanHallAuctionEvent: Sapphire Hall time - 15:00 05.08.2024
[09.08.24 23:52:47] ClanHallAuctionEvent: Mont Chamber time - 15:00 05.08.2024
[09.08.24 23:52:47] ClanHallAuctionEvent: Astaire Chamber time - 15:00 05.08.2024
[09.08.24 23:52:47] ClanHallAuctionEvent: Aria Chamber time - 15:00 05.08.2024
[09.08.24 23:52:47] ClanHallAuctionEvent: Yiana Chamber time - 15:00 05.08.2024
[09.08.24 23:52:47] ClanHallAuctionEvent: Roien Chamber time - 15:00 05.08.2024
[09.08.24 23:52:47] ClanHallAuctionEvent: Luna Chamber time - 15:00 05.08.2024
[09.08.24 23:52:47] ClanHallAuctionEvent: Traban Chamber time - 15:00 05.08.2024
[09.08.24 23:52:47] ClanHallAuctionEvent: Eisen Hall time - 15:00 05.08.2024
[09.08.24 23:52:47] ClanHallAuctionEvent: Heavy Metal Hall time - 15:00 05.08.2024
[09.08.24 23:52:47] ClanHallAuctionEvent: Molten Ore Hall time - 15:00 05.08.2024
[09.08.24 23:52:47] ClanHallAuctionEvent: Titan Hall time - 15:00 05.08.2024
[09.08.24 23:52:47] ClanHallMiniGameEvent: Rainbow Springs time - 22:00 10.08.2024
[09.08.24 23:52:47] ClanHallTeamBattleEvent: Wild Beast Reserve time - 21:00 10.08.2024
[09.08.24 23:52:47] ClanHallSiegeEvent: Fortress of Dead time - 18:00 10.08.2024
[09.08.24 23:52:47] ==================================================
[09.08.24 23:52:47] Manor System: Initializing...
[09.08.24 23:52:47] IdFactory: Free ObjectID's remaining: 1878948486
[09.08.24 23:52:47] Initializing CoupleManager
[09.08.24 23:52:47] Loaded: 0 couples(s)
[09.08.24 23:52:47] CursedWeaponsManager: Loaded 2 cursed weapon(s).
[09.08.24 23:52:47] GameServer Started
[09.08.24 23:52:47] Maximum Numbers of Connected Players: 3000
[09.08.24 23:52:47] PacketFilterHolder: loaded 101 packet filter(s) count.
[09.08.24 23:52:47] CGDefaultModule: Initializing default CGModule.
[09.08.24 23:52:47] Connecting to authserver on 127.0.0.1:9014
[09.08.24 23:52:47] Telnet server is currently disabled.
[09.08.24 23:52:47] =================================================
[09.08.24 23:52:47] Registered on authserver as 1 [Bartz]
[09.08.24 23:52:47] AllowedMemory: ........... 5242880 KB
[09.08.24 23:52:47]      Allocated: .......... 4038656 KB (77.0313%)
[09.08.24 23:52:47]      Non-Allocated: ...... 1204224 KB (22.9688%)
[09.08.24 23:52:47] AllocatedMemory: ......... 4038656 KB
[09.08.24 23:52:47]      Used: ............... 2985984 KB (56.9531%)
[09.08.24 23:52:47]      Unused (cached): .... 1052672 KB (20.0781%)
[09.08.24 23:52:47] UseableMemory: ........... 2256896 KB (43.0469%)
[09.08.24 23:52:47] =================================================
[09.08.24 23:52:47] SpawnManager: spawned 1096 npc; spawns: 122; group: DAY
[09.08.24 23:53:00] Manor System: Under maintenance mode started
[09.08.24 23:53:17] Restored 0 offline traders
[09.08.24 23:53:46] OlyStadiumPool: allocated 22 stadiums.
[09.08.24 23:53:46] OlyParticipantPool: Allocated 4 particiant pools.
[09.08.24 23:53:46] OlyController: Season 1 comp 7 started.
[09.08.24 23:54:00] Manor System: Next period started
[10.08.24 00:00:00] OlyStadiumPool: stadiums cleared.
[10.08.24 00:00:00] OlyParticipantPool: pools cleared.
[10.08.24 00:00:00] OlyController: Season 1 comp 7 ended.
[10.08.24 00:07:40] SevenSignsPeriodChange: old=0
[10.08.24 00:07:40] Exception: RunnableImpl.run(): java.lang.NullPointerException: Cannot invoke "java.lang.Integer.intValue()" because the return value of "java.util.Map.get(Object)" is null
java.lang.NullPointerException: Cannot invoke "java.lang.Integer.intValue()" because the return value of "java.util.Map.get(Object)" is null
	at l2.gameserver.model.entity.SevenSigns.saveSevenSignsData(Unknown Source)
	at l2.gameserver.model.entity.SevenSigns$SevenSignsPeriodChange.runImpl(Unknown Source)
	at l2.commons.threading.RunnableImpl.run(Unknown Source)
	at java.base/java.util.concurrent.Executors$RunnableAdapter.call(Executors.java:572)
	at java.base/java.util.concurrent.FutureTask.run(FutureTask.java:317)
	at java.base/java.util.concurrent.ScheduledThreadPoolExecutor$ScheduledFutureTask.run(ScheduledThreadPoolExecutor.java:304)
	at java.base/java.util.concurrent.ThreadPoolExecutor.runWorker(ThreadPoolExecutor.java:1144)
	at java.base/java.util.concurrent.ThreadPoolExecutor$Worker.run(ThreadPoolExecutor.java:642)
	at java.base/java.lang.Thread.run(Thread.java:1583)
[10.08.24 01:00:00] SpawnManager: spawned 1734 npc; spawns: 273; group: NIGHT
[10.08.24 02:00:00] SpawnManager: spawned 1096 npc; spawns: 122; group: DAY
[10.08.24 05:00:00] SpawnManager: spawned 1734 npc; spawns: 273; group: NIGHT
[10.08.24 06:00:00] Manor System: Next period approved
[10.08.24 06:00:00] SpawnManager: spawned 1096 npc; spawns: 122; group: DAY
[10.08.24 06:30:00] OneDayRewardDailyResetTask: start.
[10.08.24 06:30:00] OneDayRewardDailyResetTask: done in 1 ms.
[10.08.24 09:00:00] SpawnManager: spawned 1734 npc; spawns: 273; group: NIGHT
[10.08.24 10:00:00] SpawnManager: spawned 1096 npc; spawns: 122; group: DAY
[10.08.24 13:00:00] SpawnManager: spawned 1734 npc; spawns: 273; group: NIGHT
[10.08.24 14:00:00] SpawnManager: spawned 1096 npc; spawns: 122; group: DAY
[10.08.24 17:00:00] SpawnManager: spawned 1734 npc; spawns: 273; group: NIGHT
[10.08.24 18:00:00] SpawnManager: spawned 1096 npc; spawns: 122; group: DAY
[10.08.24 18:00:00] OlyStadiumPool: allocated 22 stadiums.
[10.08.24 18:00:00] OlyParticipantPool: Allocated 4 particiant pools.
[10.08.24 18:00:00] OlyController: Season 1 comp 8 started.
[10.08.24 20:00:00] Manor System: Under maintenance mode started
[10.08.24 20:06:00] Manor System: Next period started
[10.08.24 21:00:00] SpawnManager: spawned 1734 npc; spawns: 273; group: NIGHT
[10.08.24 22:00:00] SpawnManager: spawned 1096 npc; spawns: 122; group: DAY
[11.08.24 00:00:00] OlyStadiumPool: stadiums cleared.
[11.08.24 00:00:00] OlyParticipantPool: pools cleared.
[11.08.24 00:00:00] OlyController: Season 1 comp 8 ended.
[11.08.24 01:00:00] SpawnManager: spawned 1734 npc; spawns: 273; group: NIGHT
[11.08.24 02:00:00] SpawnManager: spawned 1096 npc; spawns: 122; group: DAY
[11.08.24 05:00:00] SpawnManager: spawned 1734 npc; spawns: 273; group: NIGHT
[11.08.24 06:00:00] Manor System: Next period approved
[11.08.24 06:00:00] SpawnManager: spawned 1096 npc; spawns: 122; group: DAY
[11.08.24 06:30:00] OneDayRewardDailyResetTask: start.
[11.08.24 06:30:00] OneDayRewardDailyResetTask: done in 1 ms.
[11.08.24 08:03:18] Unknown packet B, state: CONNECTED
