[08.08.24 01:22:03] [Levelup] [eco-268538359] Levelup on - 1 and old level - 1 bought for 57 amount 1000
[08.08.24 01:22:04] [Levelup] [eco-268538359] Levelup on - 1 and old level - 2 bought for 57 amount 1000
[08.08.24 01:22:05] [Levelup] [eco-268538359] Levelup on - 1 and old level - 3 bought for 57 amount 1000
[08.08.24 01:22:06] [Levelup] [eco-268538359] Levelup on - 1 and old level - 4 bought for 57 amount 1000
[08.08.24 01:22:07] [Levelup] [eco-268538359] Levelup on - 1 and old level - 5 bought for 57 amount 1000
[08.08.24 01:22:08] [Levelup] [eco-268538359] Levelup on - 1 and old level - 6 bought for 57 amount 1000
[08.08.24 01:22:09] [Levelup] [eco-268538359] Levelup on - 1 and old level - 7 bought for 57 amount 1000
[08.08.24 01:22:10] [Levelup] [eco-268538359] Levelup on - 1 and old level - 8 bought for 57 amount 1000
[08.08.24 01:22:11] [Levelup] [eco-268538359] Levelup on - 1 and old level - 9 bought for 57 amount 1000
[08.08.24 01:22:12] [Levelup] [eco-268538359] Levelup on - 1 and old level - 10 bought for 57 amount 1000
[08.08.24 01:22:13] [Levelup] [eco-268538359] Levelup on - 1 and old level - 11 bought for 57 amount 1000
[08.08.24 01:22:14] [Levelup] [eco-268538359] Levelup on - 1 and old level - 12 bought for 57 amount 1000
[08.08.24 01:22:15] [Levelup] [eco-268538359] Levelup on - 1 and old level - 13 bought for 57 amount 1000
[08.08.24 01:22:16] [Levelup] [eco-268538359] Levelup on - 1 and old level - 14 bought for 57 amount 1000
[08.08.24 01:22:17] [Levelup] [eco-268538359] Levelup on - 1 and old level - 15 bought for 57 amount 1000
[08.08.24 01:22:17] [Levelup] [eco-268538359] Levelup on - 1 and old level - 16 bought for 57 amount 1000
[08.08.24 01:22:18] [Levelup] [eco-268538359] Levelup on - 1 and old level - 17 bought for 57 amount 1000
[08.08.24 01:22:19] [Levelup] [eco-268538359] Levelup on - 1 and old level - 18 bought for 57 amount 1000
[08.08.24 01:22:20] [Levelup] [eco-268538359] Levelup on - 1 and old level - 19 bought for 57 amount 1000
[08.08.24 01:22:21] [Levelup] [eco-268538359] Levelup on - 1 and old level - 20 bought for 57 amount 1000
[08.08.24 01:22:22] [Levelup] [eco-268538359] Levelup on - 1 and old level - 21 bought for 57 amount 1000
[08.08.24 01:22:22] [Levelup] [eco-268538359] Levelup on - 1 and old level - 22 bought for 57 amount 1000
[08.08.24 01:22:23] [Levelup] [eco-268538359] Levelup on - 1 and old level - 23 bought for 57 amount 1000
[08.08.24 01:22:24] [Levelup] [eco-268538359] Levelup on - 1 and old level - 24 bought for 57 amount 1000
[08.08.24 01:22:25] [Levelup] [eco-268538359] Levelup on - 1 and old level - 25 bought for 57 amount 1000
[08.08.24 01:22:26] [Levelup] [eco-268538359] Levelup on - 1 and old level - 26 bought for 57 amount 1000
[08.08.24 01:22:27] [Levelup] [eco-268538359] Levelup on - 1 and old level - 27 bought for 57 amount 1000
[08.08.24 01:22:28] [Levelup] [eco-268538359] Levelup on - 1 and old level - 28 bought for 57 amount 1000
[08.08.24 01:22:29] [Levelup] [eco-268538359] Levelup on - 1 and old level - 29 bought for 57 amount 1000
[08.08.24 01:22:29] [Levelup] [eco-268538359] Levelup on - 1 and old level - 30 bought for 57 amount 1000
[08.08.24 01:22:30] [Levelup] [eco-268538359] Levelup on - 1 and old level - 31 bought for 57 amount 1000
[08.08.24 01:22:31] [Levelup] [eco-268538359] Levelup on - 1 and old level - 32 bought for 57 amount 1000
[08.08.24 01:22:32] [Levelup] [eco-268538359] Levelup on - 1 and old level - 33 bought for 57 amount 1000
[08.08.24 01:22:33] [Levelup] [eco-268538359] Levelup on - 1 and old level - 34 bought for 57 amount 1000
[08.08.24 01:22:34] [Levelup] [eco-268538359] Levelup on - 1 and old level - 35 bought for 57 amount 1000
[08.08.24 01:22:35] [Levelup] [eco-268538359] Levelup on - 1 and old level - 36 bought for 57 amount 1000
[08.08.24 01:22:36] [Levelup] [eco-268538359] Levelup on - 1 and old level - 37 bought for 57 amount 1000
[08.08.24 01:22:37] [Levelup] [eco-268538359] Levelup on - 1 and old level - 38 bought for 57 amount 1000
[08.08.24 01:22:38] [Levelup] [eco-268538359] Levelup on - 1 and old level - 39 bought for 57 amount 1000
[08.08.24 01:22:39] [Levelup] [eco-268538359] Levelup on - 1 and old level - 40 bought for 57 amount 1000
[08.08.24 01:22:39] [Levelup] [eco-268538359] Levelup on - 1 and old level - 41 bought for 57 amount 1000
[08.08.24 01:22:40] [Levelup] [eco-268538359] Levelup on - 1 and old level - 42 bought for 57 amount 1000
[08.08.24 01:22:41] [Levelup] [eco-268538359] Levelup on - 1 and old level - 43 bought for 57 amount 1000
[08.08.24 01:22:42] [Levelup] [eco-268538359] Levelup on - 1 and old level - 44 bought for 57 amount 1000
[08.08.24 01:22:42] [Levelup] [eco-268538359] Levelup on - 1 and old level - 45 bought for 57 amount 1000
[08.08.24 01:23:16] [NpcClassMaster] [eco-268538359]  got a classId dark_wizard
[08.08.24 01:23:24] [NpcClassMaster] [eco-268538359]  got a classId spellhowler
[08.08.24 02:08:24] [Levelup] [Gnomeu-268540263] Levelup on - 1 and old level - 1 bought for 57 amount 1000
[08.08.24 02:08:26] [Levelup] [Gnomeu-268540263] Levelup on - 1 and old level - 2 bought for 57 amount 1000
[08.08.24 02:08:27] [Levelup] [Gnomeu-268540263] Levelup on - 1 and old level - 3 bought for 57 amount 1000
[08.08.24 02:08:28] [Levelup] [Gnomeu-268540263] Levelup on - 1 and old level - 4 bought for 57 amount 1000
[08.08.24 02:08:29] [Levelup] [Gnomeu-268540263] Levelup on - 1 and old level - 5 bought for 57 amount 1000
[08.08.24 02:08:30] [Levelup] [Gnomeu-268540263] Levelup on - 1 and old level - 6 bought for 57 amount 1000
[08.08.24 02:08:31] [Levelup] [Gnomeu-268540263] Levelup on - 1 and old level - 7 bought for 57 amount 1000
[08.08.24 02:08:31] [Levelup] [Gnomeu-268540263] Levelup on - 1 and old level - 8 bought for 57 amount 1000
[08.08.24 02:08:32] [Levelup] [Gnomeu-268540263] Levelup on - 1 and old level - 9 bought for 57 amount 1000
[08.08.24 02:08:33] [Levelup] [Gnomeu-268540263] Levelup on - 1 and old level - 10 bought for 57 amount 1000
[08.08.24 02:08:34] [Levelup] [Gnomeu-268540263] Levelup on - 1 and old level - 11 bought for 57 amount 1000
[08.08.24 02:08:35] [Levelup] [Gnomeu-268540263] Levelup on - 1 and old level - 12 bought for 57 amount 1000
[08.08.24 02:08:36] [Levelup] [Gnomeu-268540263] Levelup on - 1 and old level - 13 bought for 57 amount 1000
[08.08.24 02:08:36] [Levelup] [Gnomeu-268540263] Levelup on - 1 and old level - 14 bought for 57 amount 1000
[08.08.24 02:08:37] [Levelup] [Gnomeu-268540263] Levelup on - 1 and old level - 15 bought for 57 amount 1000
[08.08.24 02:08:38] [Levelup] [Gnomeu-268540263] Levelup on - 1 and old level - 16 bought for 57 amount 1000
[08.08.24 02:08:40] [Levelup] [Gnomeu-268540263] Levelup on - 1 and old level - 17 bought for 57 amount 1000
[08.08.24 02:08:40] [Levelup] [Gnomeu-268540263] Levelup on - 1 and old level - 18 bought for 57 amount 1000
[08.08.24 02:08:41] [Levelup] [Gnomeu-268540263] Levelup on - 1 and old level - 19 bought for 57 amount 1000
[08.08.24 02:08:42] [Levelup] [Gnomeu-268540263] Levelup on - 1 and old level - 20 bought for 57 amount 1000
[08.08.24 02:08:43] [Levelup] [Gnomeu-268540263] Levelup on - 1 and old level - 21 bought for 57 amount 1000
[08.08.24 02:08:44] [Levelup] [Gnomeu-268540263] Levelup on - 1 and old level - 22 bought for 57 amount 1000
[08.08.24 02:08:44] [Levelup] [Gnomeu-268540263] Levelup on - 1 and old level - 23 bought for 57 amount 1000
[08.08.24 02:08:45] [Levelup] [Gnomeu-268540263] Levelup on - 1 and old level - 24 bought for 57 amount 1000
[08.08.24 02:08:46] [Levelup] [Gnomeu-268540263] Levelup on - 1 and old level - 25 bought for 57 amount 1000
[08.08.24 02:08:47] [Levelup] [Gnomeu-268540263] Levelup on - 1 and old level - 26 bought for 57 amount 1000
[08.08.24 02:08:47] [Levelup] [Gnomeu-268540263] Levelup on - 1 and old level - 27 bought for 57 amount 1000
[08.08.24 02:08:48] [Levelup] [Gnomeu-268540263] Levelup on - 1 and old level - 28 bought for 57 amount 1000
[08.08.24 02:08:49] [Levelup] [Gnomeu-268540263] Levelup on - 1 and old level - 29 bought for 57 amount 1000
[08.08.24 02:08:50] [Levelup] [Gnomeu-268540263] Levelup on - 1 and old level - 30 bought for 57 amount 1000
[08.08.24 02:08:50] [Levelup] [Gnomeu-268540263] Levelup on - 1 and old level - 31 bought for 57 amount 1000
[08.08.24 02:08:51] [Levelup] [Gnomeu-268540263] Levelup on - 1 and old level - 32 bought for 57 amount 1000
[08.08.24 02:08:52] [Levelup] [Gnomeu-268540263] Levelup on - 1 and old level - 33 bought for 57 amount 1000
[08.08.24 02:08:53] [Levelup] [Gnomeu-268540263] Levelup on - 1 and old level - 34 bought for 57 amount 1000
[08.08.24 02:08:53] [Levelup] [Gnomeu-268540263] Levelup on - 1 and old level - 35 bought for 57 amount 1000
[08.08.24 02:08:54] [Levelup] [Gnomeu-268540263] Levelup on - 1 and old level - 36 bought for 57 amount 1000
[08.08.24 02:08:55] [Levelup] [Gnomeu-268540263] Levelup on - 1 and old level - 37 bought for 57 amount 1000
[08.08.24 02:08:56] [Levelup] [Gnomeu-268540263] Levelup on - 1 and old level - 38 bought for 57 amount 1000
[08.08.24 02:08:57] [Levelup] [Gnomeu-268540263] Levelup on - 1 and old level - 39 bought for 57 amount 1000
[08.08.24 02:08:58] [Levelup] [Gnomeu-268540263] Levelup on - 1 and old level - 40 bought for 57 amount 1000
[08.08.24 02:08:58] [Levelup] [Gnomeu-268540263] Levelup on - 1 and old level - 41 bought for 57 amount 1000
[08.08.24 02:08:59] [Levelup] [Gnomeu-268540263] Levelup on - 1 and old level - 42 bought for 57 amount 1000
[08.08.24 02:09:00] [Levelup] [Gnomeu-268540263] Levelup on - 1 and old level - 43 bought for 57 amount 1000
[08.08.24 02:09:01] [Levelup] [Gnomeu-268540263] Levelup on - 1 and old level - 44 bought for 57 amount 1000
[08.08.24 02:09:02] [Levelup] [Gnomeu-268540263] Levelup on - 1 and old level - 45 bought for 57 amount 1000
[08.08.24 02:09:03] [Levelup] [Gnomeu-268540263] Levelup on - 1 and old level - 46 bought for 57 amount 1000
[08.08.24 02:09:21] [NpcClassMaster] [Gnomeu-268540263]  got a classId cleric
[08.08.24 02:09:28] [NpcClassMaster] [Gnomeu-268540263]  got a classId bishop
