[07.08.24 15:28:13] [Levelup] [becka-268538260] Levelup on - 1 and old level - 7 bought for 57 amount 1000
[07.08.24 15:28:19] [Levelup] [becka-268538260] Levelup on - 1 and old level - 8 bought for 57 amount 1000
[07.08.24 15:28:20] [Levelup] [becka-268538260] Levelup on - 1 and old level - 9 bought for 57 amount 1000
[07.08.24 15:28:20] [Levelup] [becka-268538260] Levelup on - 1 and old level - 10 bought for 57 amount 1000
[07.08.24 15:28:21] [Levelup] [becka-268538260] Levelup on - 1 and old level - 11 bought for 57 amount 1000
[07.08.24 15:28:24] [Levelup] [becka-268538260] Levelup on - 1 and old level - 12 bought for 57 amount 1000
[07.08.24 15:28:26] [Levelup] [becka-268538260] Levelup on - 1 and old level - 13 bought for 57 amount 1000
[07.08.24 15:28:27] [Levelup] [becka-268538260] Levelup on - 1 and old level - 14 bought for 57 amount 1000
[07.08.24 15:28:28] [Levelup] [becka-268538260] Levelup on - 1 and old level - 15 bought for 57 amount 1000
[07.08.24 15:28:29] [Levelup] [becka-268538260] Levelup on - 1 and old level - 16 bought for 57 amount 1000
[07.08.24 15:28:30] [Levelup] [becka-268538260] Levelup on - 1 and old level - 17 bought for 57 amount 1000
[07.08.24 15:28:31] [Levelup] [becka-268538260] Levelup on - 1 and old level - 18 bought for 57 amount 1000
[07.08.24 15:28:31] [Levelup] [becka-268538260] Levelup on - 1 and old level - 19 bought for 57 amount 1000
[07.08.24 15:28:32] [Levelup] [becka-268538260] Levelup on - 1 and old level - 20 bought for 57 amount 1000
[07.08.24 15:28:33] [Levelup] [becka-268538260] Levelup on - 1 and old level - 21 bought for 57 amount 1000
[07.08.24 15:28:34] [Levelup] [becka-268538260] Levelup on - 1 and old level - 22 bought for 57 amount 1000
[07.08.24 15:28:35] [Levelup] [becka-268538260] Levelup on - 1 and old level - 23 bought for 57 amount 1000
[07.08.24 15:28:36] [Levelup] [becka-268538260] Levelup on - 1 and old level - 24 bought for 57 amount 1000
[07.08.24 15:28:37] [Levelup] [becka-268538260] Levelup on - 1 and old level - 25 bought for 57 amount 1000
[07.08.24 15:28:38] [Levelup] [becka-268538260] Levelup on - 1 and old level - 26 bought for 57 amount 1000
[07.08.24 15:28:38] [Levelup] [becka-268538260] Levelup on - 1 and old level - 27 bought for 57 amount 1000
[07.08.24 15:28:39] [Levelup] [becka-268538260] Levelup on - 1 and old level - 28 bought for 57 amount 1000
[07.08.24 15:28:40] [Levelup] [becka-268538260] Levelup on - 1 and old level - 29 bought for 57 amount 1000
[07.08.24 15:28:41] [Levelup] [becka-268538260] Levelup on - 1 and old level - 30 bought for 57 amount 1000
[07.08.24 15:28:42] [Levelup] [becka-268538260] Levelup on - 1 and old level - 31 bought for 57 amount 1000
[07.08.24 15:28:42] [Levelup] [becka-268538260] Levelup on - 1 and old level - 32 bought for 57 amount 1000
[07.08.24 15:28:43] [Levelup] [becka-268538260] Levelup on - 1 and old level - 33 bought for 57 amount 1000
[07.08.24 15:28:44] [Levelup] [becka-268538260] Levelup on - 1 and old level - 34 bought for 57 amount 1000
[07.08.24 15:28:45] [Levelup] [becka-268538260] Levelup on - 1 and old level - 35 bought for 57 amount 1000
[07.08.24 15:28:46] [Levelup] [becka-268538260] Levelup on - 1 and old level - 36 bought for 57 amount 1000
[07.08.24 15:28:47] [Levelup] [becka-268538260] Levelup on - 1 and old level - 37 bought for 57 amount 1000
[07.08.24 15:28:47] [Levelup] [becka-268538260] Levelup on - 1 and old level - 38 bought for 57 amount 1000
[07.08.24 15:28:48] [Levelup] [becka-268538260] Levelup on - 1 and old level - 39 bought for 57 amount 1000
[07.08.24 15:28:50] [Levelup] [becka-268538260] Levelup on - 1 and old level - 40 bought for 57 amount 1000
[07.08.24 15:28:51] [Levelup] [becka-268538260] Levelup on - 1 and old level - 41 bought for 57 amount 1000
[07.08.24 15:28:52] [Levelup] [becka-268538260] Levelup on - 1 and old level - 42 bought for 57 amount 1000
[07.08.24 15:28:53] [Levelup] [becka-268538260] Levelup on - 1 and old level - 43 bought for 57 amount 1000
[07.08.24 15:28:54] [Levelup] [becka-268538260] Levelup on - 1 and old level - 44 bought for 57 amount 1000
[07.08.24 15:29:21] [NpcClassMaster] [becka-268538260]  got a classId elven_wizard
[07.08.24 15:29:31] [NpcClassMaster] [becka-268538260]  got a classId spellsinger
[07.08.24 15:29:49] [Levelup] [cabuloso-268538385] Levelup on - 1 and old level - 3 bought for 57 amount 1000
[07.08.24 15:29:50] [Levelup] [cabuloso-268538385] Levelup on - 1 and old level - 4 bought for 57 amount 1000
[07.08.24 15:29:51] [Levelup] [cabuloso-268538385] Levelup on - 1 and old level - 5 bought for 57 amount 1000
[07.08.24 15:29:52] [Levelup] [cabuloso-268538385] Levelup on - 1 and old level - 6 bought for 57 amount 1000
[07.08.24 15:29:53] [Levelup] [cabuloso-268538385] Levelup on - 1 and old level - 7 bought for 57 amount 1000
[07.08.24 15:29:54] [Levelup] [cabuloso-268538385] Levelup on - 1 and old level - 8 bought for 57 amount 1000
[07.08.24 15:29:55] [Levelup] [cabuloso-268538385] Levelup on - 1 and old level - 9 bought for 57 amount 1000
[07.08.24 15:29:56] [Levelup] [cabuloso-268538385] Levelup on - 1 and old level - 10 bought for 57 amount 1000
[07.08.24 15:29:57] [Levelup] [cabuloso-268538385] Levelup on - 1 and old level - 11 bought for 57 amount 1000
[07.08.24 15:29:58] [Levelup] [cabuloso-268538385] Levelup on - 1 and old level - 12 bought for 57 amount 1000
[07.08.24 15:29:59] [Levelup] [cabuloso-268538385] Levelup on - 1 and old level - 13 bought for 57 amount 1000
[07.08.24 15:30:00] [Levelup] [cabuloso-268538385] Levelup on - 1 and old level - 14 bought for 57 amount 1000
[07.08.24 15:30:01] [Levelup] [cabuloso-268538385] Levelup on - 1 and old level - 15 bought for 57 amount 1000
[07.08.24 15:30:02] [Levelup] [cabuloso-268538385] Levelup on - 1 and old level - 16 bought for 57 amount 1000
[07.08.24 15:30:03] [Levelup] [cabuloso-268538385] Levelup on - 1 and old level - 17 bought for 57 amount 1000
[07.08.24 15:30:04] [Levelup] [cabuloso-268538385] Levelup on - 1 and old level - 18 bought for 57 amount 1000
[07.08.24 15:30:05] [Levelup] [cabuloso-268538385] Levelup on - 1 and old level - 19 bought for 57 amount 1000
[07.08.24 15:30:05] [Levelup] [cabuloso-268538385] Levelup on - 1 and old level - 20 bought for 57 amount 1000
[07.08.24 15:30:06] [Levelup] [cabuloso-268538385] Levelup on - 1 and old level - 21 bought for 57 amount 1000
[07.08.24 15:30:07] [Levelup] [cabuloso-268538385] Levelup on - 1 and old level - 22 bought for 57 amount 1000
[07.08.24 15:30:08] [Levelup] [cabuloso-268538385] Levelup on - 1 and old level - 23 bought for 57 amount 1000
[07.08.24 15:30:12] [Levelup] [cabuloso-268538385] Levelup on - 1 and old level - 24 bought for 57 amount 1000
[07.08.24 15:30:16] [Levelup] [cabuloso-268538385] Levelup on - 1 and old level - 25 bought for 57 amount 1000
[07.08.24 15:30:17] [Levelup] [cabuloso-268538385] Levelup on - 1 and old level - 26 bought for 57 amount 1000
[07.08.24 15:30:19] [Levelup] [cabuloso-268538385] Levelup on - 1 and old level - 27 bought for 57 amount 1000
[07.08.24 15:30:20] [Levelup] [cabuloso-268538385] Levelup on - 1 and old level - 28 bought for 57 amount 1000
[07.08.24 15:30:21] [Levelup] [cabuloso-268538385] Levelup on - 1 and old level - 29 bought for 57 amount 1000
[07.08.24 15:30:22] [Levelup] [cabuloso-268538385] Levelup on - 1 and old level - 30 bought for 57 amount 1000
[07.08.24 15:30:23] [Levelup] [cabuloso-268538385] Levelup on - 1 and old level - 31 bought for 57 amount 1000
[07.08.24 15:30:24] [Levelup] [cabuloso-268538385] Levelup on - 1 and old level - 32 bought for 57 amount 1000
[07.08.24 15:30:25] [Levelup] [cabuloso-268538385] Levelup on - 1 and old level - 33 bought for 57 amount 1000
[07.08.24 15:30:26] [Levelup] [cabuloso-268538385] Levelup on - 1 and old level - 34 bought for 57 amount 1000
[07.08.24 15:30:27] [Levelup] [cabuloso-268538385] Levelup on - 1 and old level - 35 bought for 57 amount 1000
[07.08.24 15:30:28] [Levelup] [cabuloso-268538385] Levelup on - 1 and old level - 36 bought for 57 amount 1000
[07.08.24 15:30:29] [Levelup] [cabuloso-268538385] Levelup on - 1 and old level - 37 bought for 57 amount 1000
[07.08.24 15:30:30] [Levelup] [cabuloso-268538385] Levelup on - 1 and old level - 38 bought for 57 amount 1000
[07.08.24 15:30:31] [Levelup] [cabuloso-268538385] Levelup on - 1 and old level - 39 bought for 57 amount 1000
[07.08.24 15:30:32] [Levelup] [cabuloso-268538385] Levelup on - 1 and old level - 40 bought for 57 amount 1000
[07.08.24 15:30:33] [Levelup] [cabuloso-268538385] Levelup on - 1 and old level - 41 bought for 57 amount 1000
[07.08.24 15:30:34] [Levelup] [cabuloso-268538385] Levelup on - 1 and old level - 42 bought for 57 amount 1000
[07.08.24 15:30:50] [NpcClassMaster] [cabuloso-268538385]  got a classId orc_raider
[07.08.24 15:30:57] [NpcClassMaster] [cabuloso-268538385]  got a classId destroyer
[07.08.24 17:07:18] [NpcClassMaster] [XxZiinaxX-268538899]  got a classId orc_shaman
[07.08.24 17:35:05] [Levelup] [XxZiinaxX-268538899] Levelup on - 1 and old level - 26 bought for 57 amount 1000
[07.08.24 17:35:07] [Levelup] [XxZiinaxX-268538899] Levelup on - 1 and old level - 27 bought for 57 amount 1000
[07.08.24 17:35:08] [Levelup] [XxZiinaxX-268538899] Levelup on - 1 and old level - 28 bought for 57 amount 1000
[07.08.24 17:35:09] [Levelup] [XxZiinaxX-268538899] Levelup on - 1 and old level - 29 bought for 57 amount 1000
[07.08.24 17:35:09] [Levelup] [XxZiinaxX-268538899] Levelup on - 1 and old level - 30 bought for 57 amount 1000
[07.08.24 17:35:10] [Levelup] [XxZiinaxX-268538899] Levelup on - 1 and old level - 31 bought for 57 amount 1000
[07.08.24 17:35:11] [Levelup] [XxZiinaxX-268538899] Levelup on - 1 and old level - 32 bought for 57 amount 1000
[07.08.24 17:35:11] [Levelup] [XxZiinaxX-268538899] Levelup on - 1 and old level - 33 bought for 57 amount 1000
[07.08.24 17:35:12] [Levelup] [XxZiinaxX-268538899] Levelup on - 1 and old level - 34 bought for 57 amount 1000
[07.08.24 17:35:13] [Levelup] [XxZiinaxX-268538899] Levelup on - 1 and old level - 35 bought for 57 amount 1000
[07.08.24 17:35:13] [Levelup] [XxZiinaxX-268538899] Levelup on - 1 and old level - 36 bought for 57 amount 1000
[07.08.24 17:35:14] [Levelup] [XxZiinaxX-268538899] Levelup on - 1 and old level - 37 bought for 57 amount 1000
[07.08.24 17:35:15] [Levelup] [XxZiinaxX-268538899] Levelup on - 1 and old level - 38 bought for 57 amount 1000
[07.08.24 17:35:16] [Levelup] [XxZiinaxX-268538899] Levelup on - 1 and old level - 39 bought for 57 amount 1000
[07.08.24 17:37:41] [NpcClassMaster] [XxZiinaxX-268538899]  got a classId overlord
[07.08.24 17:38:43] [Levelup] [XxZiinaxX-268538899] Levelup on - 1 and old level - 40 bought for 57 amount 1000
[07.08.24 17:38:44] [Levelup] [XxZiinaxX-268538899] Levelup on - 1 and old level - 41 bought for 57 amount 1000
[07.08.24 17:38:44] [Levelup] [XxZiinaxX-268538899] Levelup on - 1 and old level - 42 bought for 57 amount 1000
[07.08.24 17:38:45] [Levelup] [XxZiinaxX-268538899] Levelup on - 1 and old level - 43 bought for 57 amount 1000
[07.08.24 17:38:45] [Levelup] [XxZiinaxX-268538899] Levelup on - 1 and old level - 44 bought for 57 amount 1000
[07.08.24 17:38:46] [Levelup] [XxZiinaxX-268538899] Levelup on - 1 and old level - 45 bought for 57 amount 1000
[07.08.24 17:38:46] [Levelup] [XxZiinaxX-268538899] Levelup on - 1 and old level - 46 bought for 57 amount 1000
[07.08.24 17:38:48] [Levelup] [XxZiinaxX-268538899] Levelup on - 1 and old level - 47 bought for 57 amount 1000
[07.08.24 17:38:48] [Levelup] [XxZiinaxX-268538899] Levelup on - 1 and old level - 48 bought for 57 amount 1000
[07.08.24 17:38:49] [Levelup] [XxZiinaxX-268538899] Levelup on - 1 and old level - 49 bought for 57 amount 1000
[07.08.24 17:38:51] [Levelup] [XxZiinaxX-268538899] Levelup on - 1 and old level - 50 bought for 57 amount 1000
[07.08.24 17:39:15] [QuestSell] [XxZiinaxX-268538899] bought a quest _001_LettersOfLove
[07.08.24 17:39:32] [TitleColor] [XxZiinaxX-268538899] change title color on 10066329 for 57 amount 110
[07.08.24 17:39:41] [NickColor] [XxZiinaxX-268538899] change nick color on 8145404 for 57 amount 102
[07.08.24 17:46:33] [Levelup] [XxZiinaxX-268538899] Levelup on - 1 and old level - 51 bought for 57 amount 1000
[07.08.24 17:46:33] [Levelup] [XxZiinaxX-268538899] Levelup on - 1 and old level - 52 bought for 57 amount 1000
[07.08.24 17:46:34] [Levelup] [XxZiinaxX-268538899] Levelup on - 1 and old level - 53 bought for 57 amount 1000
[07.08.24 17:46:34] [Levelup] [XxZiinaxX-268538899] Levelup on - 1 and old level - 54 bought for 57 amount 1000
[07.08.24 17:46:35] [Levelup] [XxZiinaxX-268538899] Levelup on - 1 and old level - 55 bought for 57 amount 1000
[07.08.24 17:46:36] [Levelup] [XxZiinaxX-268538899] Levelup on - 1 and old level - 56 bought for 57 amount 1000
[07.08.24 17:46:36] [Levelup] [XxZiinaxX-268538899] Levelup on - 1 and old level - 57 bought for 57 amount 1000
[07.08.24 17:46:37] [Levelup] [XxZiinaxX-268538899] Levelup on - 1 and old level - 58 bought for 57 amount 1000
[07.08.24 17:46:37] [Levelup] [XxZiinaxX-268538899] Levelup on - 1 and old level - 59 bought for 57 amount 1000
[07.08.24 17:46:38] [Levelup] [XxZiinaxX-268538899] Levelup on - 1 and old level - 60 bought for 57 amount 1000
[07.08.24 17:46:39] [Levelup] [XxZiinaxX-268538899] Levelup on - 1 and old level - 61 bought for 57 amount 1000
[07.08.24 17:46:39] [Levelup] [XxZiinaxX-268538899] Levelup on - 1 and old level - 62 bought for 57 amount 1000
[07.08.24 17:46:40] [Levelup] [XxZiinaxX-268538899] Levelup on - 1 and old level - 63 bought for 57 amount 1000
[07.08.24 17:46:41] [Levelup] [XxZiinaxX-268538899] Levelup on - 1 and old level - 64 bought for 57 amount 1000
[07.08.24 17:46:41] [Levelup] [XxZiinaxX-268538899] Levelup on - 1 and old level - 65 bought for 57 amount 1000
[07.08.24 17:46:42] [Levelup] [XxZiinaxX-268538899] Levelup on - 1 and old level - 66 bought for 57 amount 1000
[07.08.24 17:46:44] [Levelup] [XxZiinaxX-268538899] Levelup on - 1 and old level - 67 bought for 57 amount 1000
[07.08.24 17:46:44] [Levelup] [XxZiinaxX-268538899] Levelup on - 1 and old level - 68 bought for 57 amount 1000
[07.08.24 17:46:45] [Levelup] [XxZiinaxX-268538899] Levelup on - 1 and old level - 69 bought for 57 amount 1000
[07.08.24 17:46:45] [Levelup] [XxZiinaxX-268538899] Levelup on - 1 and old level - 70 bought for 57 amount 1000
[07.08.24 17:46:46] [Levelup] [XxZiinaxX-268538899] Levelup on - 1 and old level - 71 bought for 57 amount 1000
[07.08.24 17:46:46] [Levelup] [XxZiinaxX-268538899] Levelup on - 1 and old level - 72 bought for 57 amount 1000
[07.08.24 17:46:47] [Levelup] [XxZiinaxX-268538899] Levelup on - 1 and old level - 73 bought for 57 amount 1000
[07.08.24 17:46:48] [Levelup] [XxZiinaxX-268538899] Levelup on - 1 and old level - 74 bought for 57 amount 1000
[07.08.24 17:46:49] [Levelup] [XxZiinaxX-268538899] Levelup on - 1 and old level - 75 bought for 57 amount 1000
[07.08.24 17:48:49] [ExpandInventory] [XxZiinaxX-268538899] increased inventory 1 slots for 57 amount 1000
[07.08.24 17:48:51] [ExpandInventory] [XxZiinaxX-268538899] increased inventory 1 slots for 57 amount 1000
[07.08.24 17:48:52] [ExpandInventory] [XxZiinaxX-268538899] increased inventory 1 slots for 57 amount 1000
[07.08.24 17:48:53] [ExpandInventory] [XxZiinaxX-268538899] increased inventory 1 slots for 57 amount 1000
[07.08.24 17:48:53] [ExpandInventory] [XxZiinaxX-268538899] increased inventory 1 slots for 57 amount 1000
[07.08.24 17:48:53] [ExpandInventory] [XxZiinaxX-268538899] increased inventory 1 slots for 57 amount 1000
[07.08.24 17:48:54] [ExpandInventory] [XxZiinaxX-268538899] increased inventory 1 slots for 57 amount 1000
[07.08.24 17:48:54] [ExpandInventory] [XxZiinaxX-268538899] increased inventory 1 slots for 57 amount 1000
[07.08.24 17:48:55] [ExpandInventory] [XxZiinaxX-268538899] increased inventory 1 slots for 57 amount 1000
[07.08.24 17:48:55] [ExpandInventory] [XxZiinaxX-268538899] increased inventory 1 slots for 57 amount 1000
[07.08.24 17:48:55] [ExpandInventory] [XxZiinaxX-268538899] increased inventory 1 slots for 57 amount 1000
[07.08.24 17:48:56] [ExpandInventory] [XxZiinaxX-268538899] increased inventory 1 slots for 57 amount 1000
[07.08.24 17:48:56] [ExpandInventory] [XxZiinaxX-268538899] increased inventory 1 slots for 57 amount 1000
[07.08.24 17:48:57] [ExpandInventory] [XxZiinaxX-268538899] increased inventory 1 slots for 57 amount 1000
[07.08.24 17:48:57] [ExpandInventory] [XxZiinaxX-268538899] increased inventory 1 slots for 57 amount 1000
[07.08.24 17:48:58] [ExpandInventory] [XxZiinaxX-268538899] increased inventory 1 slots for 57 amount 1000
[07.08.24 17:48:58] [ExpandInventory] [XxZiinaxX-268538899] increased inventory 1 slots for 57 amount 1000
[07.08.24 17:49:11] [NpcClassMaster] [XxZiinaxX-268538899]  got a classId dominator
[07.08.24 17:49:28] [HeroSell] [XxZiinaxX-268538899] bought a custom hero for a period 86400 for 57 amount 1000
[07.08.24 17:49:37] [NoblesSell] [XxZiinaxX-268538899] Buy Nobles status bought for 57 1000
[07.08.24 17:51:48] [Levelup] [COVID19-268537848] Levelup on - 1 and old level - 4 bought for 57 amount 1000
[07.08.24 17:51:49] [Levelup] [COVID19-268537848] Levelup on - 1 and old level - 5 bought for 57 amount 1000
[07.08.24 17:51:50] [Levelup] [COVID19-268537848] Levelup on - 1 and old level - 6 bought for 57 amount 1000
[07.08.24 17:51:50] [Levelup] [COVID19-268537848] Levelup on - 1 and old level - 7 bought for 57 amount 1000
[07.08.24 17:51:51] [Levelup] [COVID19-268537848] Levelup on - 1 and old level - 8 bought for 57 amount 1000
[07.08.24 17:51:51] [Levelup] [COVID19-268537848] Levelup on - 1 and old level - 9 bought for 57 amount 1000
[07.08.24 17:51:51] [Levelup] [COVID19-268537848] Levelup on - 1 and old level - 10 bought for 57 amount 1000
[07.08.24 17:51:51] [Levelup] [COVID19-268537848] Levelup on - 1 and old level - 11 bought for 57 amount 1000
[07.08.24 17:51:52] [Levelup] [COVID19-268537848] Levelup on - 1 and old level - 12 bought for 57 amount 1000
[07.08.24 17:51:52] [Levelup] [COVID19-268537848] Levelup on - 1 and old level - 13 bought for 57 amount 1000
[07.08.24 17:52:07] [Levelup] [COVID19-268537848] Levelup on - 1 and old level - 14 bought for 57 amount 1000
[07.08.24 17:52:08] [Levelup] [COVID19-268537848] Levelup on - 1 and old level - 15 bought for 57 amount 1000
[07.08.24 17:52:08] [Levelup] [COVID19-268537848] Levelup on - 1 and old level - 16 bought for 57 amount 1000
[07.08.24 17:52:09] [Levelup] [COVID19-268537848] Levelup on - 1 and old level - 17 bought for 57 amount 1000
[07.08.24 17:52:10] [Levelup] [COVID19-268537848] Levelup on - 1 and old level - 18 bought for 57 amount 1000
[07.08.24 17:52:12] [Levelup] [COVID19-268537848] Levelup on - 1 and old level - 19 bought for 57 amount 1000
[07.08.24 17:52:42] [NpcClassMaster] [COVID19-268537848]  got a classId scavenger
[07.08.24 17:55:46] [Levelup] [COVID19-268537848] Levelup on - 1 and old level - 20 bought for 57 amount 1000
[07.08.24 17:55:47] [Levelup] [COVID19-268537848] Levelup on - 1 and old level - 21 bought for 57 amount 1000
[07.08.24 17:55:48] [Levelup] [COVID19-268537848] Levelup on - 1 and old level - 22 bought for 57 amount 1000
[07.08.24 17:55:48] [Levelup] [COVID19-268537848] Levelup on - 1 and old level - 23 bought for 57 amount 1000
[07.08.24 17:55:48] [Levelup] [COVID19-268537848] Levelup on - 1 and old level - 24 bought for 57 amount 1000
[07.08.24 17:55:49] [Levelup] [COVID19-268537848] Levelup on - 1 and old level - 25 bought for 57 amount 1000
[07.08.24 17:55:49] [Levelup] [COVID19-268537848] Levelup on - 1 and old level - 26 bought for 57 amount 1000
[07.08.24 17:55:49] [Levelup] [COVID19-268537848] Levelup on - 1 and old level - 27 bought for 57 amount 1000
[07.08.24 17:55:49] [Levelup] [COVID19-268537848] Levelup on - 1 and old level - 28 bought for 57 amount 1000
[07.08.24 17:55:50] [Levelup] [COVID19-268537848] Levelup on - 1 and old level - 29 bought for 57 amount 1000
[07.08.24 17:55:50] [Levelup] [COVID19-268537848] Levelup on - 1 and old level - 30 bought for 57 amount 1000
[07.08.24 17:55:50] [Levelup] [COVID19-268537848] Levelup on - 1 and old level - 31 bought for 57 amount 1000
[07.08.24 17:55:50] [Levelup] [COVID19-268537848] Levelup on - 1 and old level - 32 bought for 57 amount 1000
[07.08.24 17:55:51] [Levelup] [COVID19-268537848] Levelup on - 1 and old level - 33 bought for 57 amount 1000
[07.08.24 17:55:51] [Levelup] [COVID19-268537848] Levelup on - 1 and old level - 34 bought for 57 amount 1000
[07.08.24 17:55:51] [Levelup] [COVID19-268537848] Levelup on - 1 and old level - 35 bought for 57 amount 1000
[07.08.24 17:55:52] [Levelup] [COVID19-268537848] Levelup on - 1 and old level - 36 bought for 57 amount 1000
[07.08.24 17:55:52] [Levelup] [COVID19-268537848] Levelup on - 1 and old level - 37 bought for 57 amount 1000
[07.08.24 17:55:52] [Levelup] [COVID19-268537848] Levelup on - 1 and old level - 38 bought for 57 amount 1000
[07.08.24 17:55:53] [Levelup] [COVID19-268537848] Levelup on - 1 and old level - 39 bought for 57 amount 1000
[07.08.24 17:55:53] [Levelup] [COVID19-268537848] Levelup on - 1 and old level - 40 bought for 57 amount 1000
[07.08.24 17:55:53] [Levelup] [COVID19-268537848] Levelup on - 1 and old level - 41 bought for 57 amount 1000
[07.08.24 17:55:53] [Levelup] [COVID19-268537848] Levelup on - 1 and old level - 42 bought for 57 amount 1000
[07.08.24 17:55:54] [Levelup] [COVID19-268537848] Levelup on - 1 and old level - 43 bought for 57 amount 1000
[07.08.24 17:55:54] [Levelup] [COVID19-268537848] Levelup on - 1 and old level - 44 bought for 57 amount 1000
[07.08.24 17:55:54] [Levelup] [COVID19-268537848] Levelup on - 1 and old level - 45 bought for 57 amount 1000
[07.08.24 17:55:54] [Levelup] [COVID19-268537848] Levelup on - 1 and old level - 46 bought for 57 amount 1000
[07.08.24 17:55:55] [Levelup] [COVID19-268537848] Levelup on - 1 and old level - 47 bought for 57 amount 1000
[07.08.24 17:55:55] [Levelup] [COVID19-268537848] Levelup on - 1 and old level - 48 bought for 57 amount 1000
[07.08.24 17:55:55] [Levelup] [COVID19-268537848] Levelup on - 1 and old level - 49 bought for 57 amount 1000
[07.08.24 17:55:56] [Levelup] [COVID19-268537848] Levelup on - 1 and old level - 50 bought for 57 amount 1000
[07.08.24 17:55:56] [Levelup] [COVID19-268537848] Levelup on - 1 and old level - 51 bought for 57 amount 1000
[07.08.24 17:55:56] [Levelup] [COVID19-268537848] Levelup on - 1 and old level - 52 bought for 57 amount 1000
[07.08.24 17:55:56] [Levelup] [COVID19-268537848] Levelup on - 1 and old level - 53 bought for 57 amount 1000
[07.08.24 17:55:57] [Levelup] [COVID19-268537848] Levelup on - 1 and old level - 54 bought for 57 amount 1000
[07.08.24 17:55:57] [Levelup] [COVID19-268537848] Levelup on - 1 and old level - 55 bought for 57 amount 1000
[07.08.24 17:55:57] [Levelup] [COVID19-268537848] Levelup on - 1 and old level - 56 bought for 57 amount 1000
[07.08.24 17:55:58] [Levelup] [COVID19-268537848] Levelup on - 1 and old level - 57 bought for 57 amount 1000
[07.08.24 17:55:58] [Levelup] [COVID19-268537848] Levelup on - 1 and old level - 58 bought for 57 amount 1000
[07.08.24 17:55:58] [Levelup] [COVID19-268537848] Levelup on - 1 and old level - 59 bought for 57 amount 1000
[07.08.24 17:55:58] [Levelup] [COVID19-268537848] Levelup on - 1 and old level - 60 bought for 57 amount 1000
[07.08.24 17:55:59] [Levelup] [COVID19-268537848] Levelup on - 1 and old level - 61 bought for 57 amount 1000
[07.08.24 17:55:59] [Levelup] [COVID19-268537848] Levelup on - 1 and old level - 62 bought for 57 amount 1000
[07.08.24 17:55:59] [Levelup] [COVID19-268537848] Levelup on - 1 and old level - 63 bought for 57 amount 1000
[07.08.24 17:56:00] [Levelup] [COVID19-268537848] Levelup on - 1 and old level - 64 bought for 57 amount 1000
[07.08.24 17:56:00] [Levelup] [COVID19-268537848] Levelup on - 1 and old level - 65 bought for 57 amount 1000
[07.08.24 17:56:00] [Levelup] [COVID19-268537848] Levelup on - 1 and old level - 66 bought for 57 amount 1000
[07.08.24 17:56:00] [Levelup] [COVID19-268537848] Levelup on - 1 and old level - 67 bought for 57 amount 1000
[07.08.24 17:56:01] [Levelup] [COVID19-268537848] Levelup on - 1 and old level - 68 bought for 57 amount 1000
[07.08.24 17:56:01] [Levelup] [COVID19-268537848] Levelup on - 1 and old level - 69 bought for 57 amount 1000
[07.08.24 17:56:12] [Levelup] [COVID19-268537848] Levelup on - 1 and old level - 70 bought for 57 amount 1000
[07.08.24 17:56:12] [Levelup] [COVID19-268537848] Levelup on - 1 and old level - 71 bought for 57 amount 1000
[07.08.24 17:56:12] [Levelup] [COVID19-268537848] Levelup on - 1 and old level - 72 bought for 57 amount 1000
[07.08.24 17:56:13] [Levelup] [COVID19-268537848] Levelup on - 1 and old level - 73 bought for 57 amount 1000
[07.08.24 17:56:14] [Levelup] [COVID19-268537848] Levelup on - 1 and old level - 74 bought for 57 amount 1000
[07.08.24 17:56:14] [Levelup] [COVID19-268537848] Levelup on - 1 and old level - 75 bought for 57 amount 1000
[07.08.24 17:56:15] [Levelup] [COVID19-268537848] Levelup on - 1 and old level - 76 bought for 57 amount 1000
[07.08.24 17:56:16] [Levelup] [COVID19-268537848] Levelup on - 1 and old level - 77 bought for 57 amount 1000
[07.08.24 17:56:17] [Levelup] [COVID19-268537848] Levelup on - 1 and old level - 78 bought for 57 amount 1000
[07.08.24 17:56:17] [Levelup] [COVID19-268537848] Levelup on - 1 and old level - 79 bought for 57 amount 1000
[07.08.24 18:02:21] [Levelup] [XxZiinaxX-268538899] Levelup on - 1 and old level - 76 bought for 57 amount 1000
[07.08.24 18:02:22] [Levelup] [XxZiinaxX-268538899] Levelup on - 1 and old level - 77 bought for 57 amount 1000
[07.08.24 18:02:23] [Levelup] [XxZiinaxX-268538899] Levelup on - 1 and old level - 78 bought for 57 amount 1000
[07.08.24 18:02:24] [Levelup] [XxZiinaxX-268538899] Levelup on - 1 and old level - 79 bought for 57 amount 1000
[07.08.24 18:04:33] [Levelup] [Gaulesco-268538213] Levelup on - 1 and old level - 8 bought for 57 amount 1000
[07.08.24 18:04:34] [Levelup] [Gaulesco-268538213] Levelup on - 1 and old level - 9 bought for 57 amount 1000
[07.08.24 18:04:35] [Levelup] [Gaulesco-268538213] Levelup on - 1 and old level - 10 bought for 57 amount 1000
[07.08.24 18:04:36] [Levelup] [Gaulesco-268538213] Levelup on - 1 and old level - 11 bought for 57 amount 1000
[07.08.24 18:04:37] [Levelup] [Gaulesco-268538213] Levelup on - 1 and old level - 12 bought for 57 amount 1000
[07.08.24 18:04:39] [Levelup] [Gaulesco-268538213] Levelup on - 1 and old level - 13 bought for 57 amount 1000
[07.08.24 18:04:40] [Levelup] [Gaulesco-268538213] Levelup on - 1 and old level - 14 bought for 57 amount 1000
[07.08.24 18:04:41] [Levelup] [Gaulesco-268538213] Levelup on - 1 and old level - 15 bought for 57 amount 1000
[07.08.24 18:04:42] [Levelup] [Gaulesco-268538213] Levelup on - 1 and old level - 16 bought for 57 amount 1000
[07.08.24 18:04:43] [Levelup] [Gaulesco-268538213] Levelup on - 1 and old level - 17 bought for 57 amount 1000
[07.08.24 18:04:44] [Levelup] [Gaulesco-268538213] Levelup on - 1 and old level - 18 bought for 57 amount 1000
[07.08.24 18:04:44] [Levelup] [Gaulesco-268538213] Levelup on - 1 and old level - 19 bought for 57 amount 1000
[07.08.24 18:04:45] [Levelup] [Gaulesco-268538213] Levelup on - 1 and old level - 20 bought for 57 amount 1000
[07.08.24 18:04:46] [Levelup] [Gaulesco-268538213] Levelup on - 1 and old level - 21 bought for 57 amount 1000
[07.08.24 18:04:47] [Levelup] [Gaulesco-268538213] Levelup on - 1 and old level - 22 bought for 57 amount 1000
[07.08.24 18:04:48] [Levelup] [Gaulesco-268538213] Levelup on - 1 and old level - 23 bought for 57 amount 1000
[07.08.24 18:04:49] [Levelup] [Gaulesco-268538213] Levelup on - 1 and old level - 24 bought for 57 amount 1000
[07.08.24 18:04:50] [Levelup] [Gaulesco-268538213] Levelup on - 1 and old level - 25 bought for 57 amount 1000
[07.08.24 18:04:51] [Levelup] [Gaulesco-268538213] Levelup on - 1 and old level - 26 bought for 57 amount 1000
[07.08.24 18:04:52] [Levelup] [Gaulesco-268538213] Levelup on - 1 and old level - 27 bought for 57 amount 1000
[07.08.24 18:04:53] [Levelup] [Gaulesco-268538213] Levelup on - 1 and old level - 28 bought for 57 amount 1000
[07.08.24 18:04:53] [Levelup] [Gaulesco-268538213] Levelup on - 1 and old level - 29 bought for 57 amount 1000
[07.08.24 18:04:54] [Levelup] [Gaulesco-268538213] Levelup on - 1 and old level - 30 bought for 57 amount 1000
[07.08.24 18:04:55] [Levelup] [Gaulesco-268538213] Levelup on - 1 and old level - 31 bought for 57 amount 1000
[07.08.24 18:04:56] [Levelup] [Gaulesco-268538213] Levelup on - 1 and old level - 32 bought for 57 amount 1000
[07.08.24 18:04:59] [ExpandInventory] [XxZiinaxX-268538899] increased inventory 1 slots for 57 amount 1000
[07.08.24 18:05:00] [ExpandInventory] [XxZiinaxX-268538899] increased inventory 1 slots for 57 amount 1000
[07.08.24 18:05:00] [ExpandInventory] [XxZiinaxX-268538899] increased inventory 1 slots for 57 amount 1000
[07.08.24 18:05:01] [ExpandInventory] [XxZiinaxX-268538899] increased inventory 1 slots for 57 amount 1000
[07.08.24 18:05:01] [ExpandInventory] [XxZiinaxX-268538899] increased inventory 1 slots for 57 amount 1000
[07.08.24 18:05:02] [ExpandInventory] [XxZiinaxX-268538899] increased inventory 1 slots for 57 amount 1000
[07.08.24 18:05:02] [ExpandInventory] [XxZiinaxX-268538899] increased inventory 1 slots for 57 amount 1000
[07.08.24 18:05:03] [Levelup] [Gaulesco-268538213] Levelup on - 1 and old level - 33 bought for 57 amount 1000
[07.08.24 18:05:03] [ExpandInventory] [XxZiinaxX-268538899] increased inventory 1 slots for 57 amount 1000
[07.08.24 18:05:04] [ExpandInventory] [XxZiinaxX-268538899] increased inventory 1 slots for 57 amount 1000
[07.08.24 18:05:04] [Levelup] [Gaulesco-268538213] Levelup on - 1 and old level - 34 bought for 57 amount 1000
[07.08.24 18:05:04] [ExpandInventory] [XxZiinaxX-268538899] increased inventory 1 slots for 57 amount 1000
[07.08.24 18:05:04] [ExpandInventory] [XxZiinaxX-268538899] increased inventory 1 slots for 57 amount 1000
[07.08.24 18:05:05] [ExpandInventory] [XxZiinaxX-268538899] increased inventory 1 slots for 57 amount 1000
[07.08.24 18:05:05] [Levelup] [Gaulesco-268538213] Levelup on - 1 and old level - 35 bought for 57 amount 1000
[07.08.24 18:05:05] [ExpandInventory] [XxZiinaxX-268538899] increased inventory 1 slots for 57 amount 1000
[07.08.24 18:05:06] [ExpandInventory] [XxZiinaxX-268538899] increased inventory 1 slots for 57 amount 1000
[07.08.24 18:05:06] [Levelup] [Gaulesco-268538213] Levelup on - 1 and old level - 36 bought for 57 amount 1000
[07.08.24 18:05:06] [Levelup] [Gaulesco-268538213] Levelup on - 1 and old level - 37 bought for 57 amount 1000
[07.08.24 18:05:07] [Levelup] [Gaulesco-268538213] Levelup on - 1 and old level - 38 bought for 57 amount 1000
[07.08.24 18:05:08] [Levelup] [Gaulesco-268538213] Levelup on - 1 and old level - 39 bought for 57 amount 1000
[07.08.24 18:05:09] [Levelup] [Gaulesco-268538213] Levelup on - 1 and old level - 40 bought for 57 amount 1000
[07.08.24 18:05:10] [Levelup] [Gaulesco-268538213] Levelup on - 1 and old level - 41 bought for 57 amount 1000
[07.08.24 18:05:11] [Levelup] [Gaulesco-268538213] Levelup on - 1 and old level - 42 bought for 57 amount 1000
[07.08.24 18:05:12] [Levelup] [Gaulesco-268538213] Levelup on - 1 and old level - 43 bought for 57 amount 1000
[07.08.24 18:05:13] [Levelup] [Gaulesco-268538213] Levelup on - 1 and old level - 44 bought for 57 amount 1000
[07.08.24 18:05:14] [Levelup] [Gaulesco-268538213] Levelup on - 1 and old level - 45 bought for 57 amount 1000
[07.08.24 18:05:15] [Levelup] [Gaulesco-268538213] Levelup on - 1 and old level - 46 bought for 57 amount 1000
[07.08.24 18:05:30] [NpcClassMaster] [Gaulesco-268538213]  got a classId scavenger
[07.08.24 18:05:36] [NpcClassMaster] [Gaulesco-268538213]  got a classId bounty_hunter
[07.08.24 18:11:22] [Levelup] [zinabre-268536356] Levelup on - 1 and old level - 3 bought for 57 amount 1000
[07.08.24 18:11:22] [Levelup] [zinabre-268536356] Levelup on - 1 and old level - 4 bought for 57 amount 1000
[07.08.24 18:11:23] [Levelup] [zinabre-268536356] Levelup on - 1 and old level - 5 bought for 57 amount 1000
[07.08.24 18:11:23] [Levelup] [zinabre-268536356] Levelup on - 1 and old level - 6 bought for 57 amount 1000
[07.08.24 18:11:24] [Levelup] [zinabre-268536356] Levelup on - 1 and old level - 7 bought for 57 amount 1000
[07.08.24 18:11:25] [Levelup] [zinabre-268536356] Levelup on - 1 and old level - 8 bought for 57 amount 1000
[07.08.24 18:11:25] [Levelup] [zinabre-268536356] Levelup on - 1 and old level - 9 bought for 57 amount 1000
[07.08.24 18:11:25] [Levelup] [zinabre-268536356] Levelup on - 1 and old level - 10 bought for 57 amount 1000
[07.08.24 18:11:26] [Levelup] [zinabre-268536356] Levelup on - 1 and old level - 11 bought for 57 amount 1000
[07.08.24 18:11:27] [Levelup] [zinabre-268536356] Levelup on - 1 and old level - 12 bought for 57 amount 1000
[07.08.24 18:11:27] [Levelup] [zinabre-268536356] Levelup on - 1 and old level - 13 bought for 57 amount 1000
[07.08.24 18:11:28] [Levelup] [zinabre-268536356] Levelup on - 1 and old level - 14 bought for 57 amount 1000
[07.08.24 18:11:28] [Levelup] [zinabre-268536356] Levelup on - 1 and old level - 15 bought for 57 amount 1000
[07.08.24 18:11:29] [Levelup] [zinabre-268536356] Levelup on - 1 and old level - 16 bought for 57 amount 1000
[07.08.24 18:11:29] [Levelup] [zinabre-268536356] Levelup on - 1 and old level - 17 bought for 57 amount 1000
[07.08.24 18:11:30] [Levelup] [zinabre-268536356] Levelup on - 1 and old level - 18 bought for 57 amount 1000
[07.08.24 18:11:30] [Levelup] [zinabre-268536356] Levelup on - 1 and old level - 19 bought for 57 amount 1000
[07.08.24 18:11:31] [Levelup] [zinabre-268536356] Levelup on - 1 and old level - 20 bought for 57 amount 1000
[07.08.24 18:11:31] [Levelup] [zinabre-268536356] Levelup on - 1 and old level - 21 bought for 57 amount 1000
[07.08.24 18:11:32] [Levelup] [zinabre-268536356] Levelup on - 1 and old level - 22 bought for 57 amount 1000
[07.08.24 18:11:32] [Levelup] [zinabre-268536356] Levelup on - 1 and old level - 23 bought for 57 amount 1000
[07.08.24 18:11:33] [Levelup] [zinabre-268536356] Levelup on - 1 and old level - 24 bought for 57 amount 1000
[07.08.24 18:11:33] [Levelup] [zinabre-268536356] Levelup on - 1 and old level - 25 bought for 57 amount 1000
[07.08.24 18:11:34] [Levelup] [zinabre-268536356] Levelup on - 1 and old level - 26 bought for 57 amount 1000
[07.08.24 18:11:34] [Levelup] [zinabre-268536356] Levelup on - 1 and old level - 27 bought for 57 amount 1000
[07.08.24 18:11:35] [Levelup] [zinabre-268536356] Levelup on - 1 and old level - 28 bought for 57 amount 1000
[07.08.24 18:11:35] [Levelup] [zinabre-268536356] Levelup on - 1 and old level - 29 bought for 57 amount 1000
[07.08.24 18:11:36] [Levelup] [zinabre-268536356] Levelup on - 1 and old level - 30 bought for 57 amount 1000
[07.08.24 18:11:36] [Levelup] [zinabre-268536356] Levelup on - 1 and old level - 31 bought for 57 amount 1000
[07.08.24 18:11:37] [Levelup] [zinabre-268536356] Levelup on - 1 and old level - 32 bought for 57 amount 1000
[07.08.24 18:11:37] [Levelup] [zinabre-268536356] Levelup on - 1 and old level - 33 bought for 57 amount 1000
[07.08.24 18:11:38] [Levelup] [zinabre-268536356] Levelup on - 1 and old level - 34 bought for 57 amount 1000
[07.08.24 18:11:38] [Levelup] [zinabre-268536356] Levelup on - 1 and old level - 35 bought for 57 amount 1000
[07.08.24 18:11:38] [Levelup] [zinabre-268536356] Levelup on - 1 and old level - 36 bought for 57 amount 1000
[07.08.24 18:11:39] [Levelup] [zinabre-268536356] Levelup on - 1 and old level - 37 bought for 57 amount 1000
[07.08.24 18:11:39] [Levelup] [zinabre-268536356] Levelup on - 1 and old level - 38 bought for 57 amount 1000
[07.08.24 18:11:41] [Levelup] [zinabre-268536356] Levelup on - 1 and old level - 39 bought for 57 amount 1000
[07.08.24 18:12:50] [NpcClassMaster] [zinabre-268536356]  got a classId dark_wizard
[07.08.24 18:12:55] [NpcClassMaster] [zinabre-268536356]  got a classId spellhowler
[07.08.24 18:17:13] [Levelup] [zinabre-268536356] Levelup on - 1 and old level - 39 bought for 57 amount 1000
[07.08.24 18:17:21] [Levelup] [zinabre-268536356] Levelup on - 1 and old level - 40 bought for 57 amount 1000
[07.08.24 18:17:22] [Levelup] [zinabre-268536356] Levelup on - 1 and old level - 41 bought for 57 amount 1000
[07.08.24 18:17:22] [Levelup] [zinabre-268536356] Levelup on - 1 and old level - 42 bought for 57 amount 1000
[07.08.24 18:17:23] [Levelup] [zinabre-268536356] Levelup on - 1 and old level - 43 bought for 57 amount 1000
[07.08.24 18:17:23] [Levelup] [zinabre-268536356] Levelup on - 1 and old level - 44 bought for 57 amount 1000
[07.08.24 18:17:24] [Levelup] [zinabre-268536356] Levelup on - 1 and old level - 45 bought for 57 amount 1000
[07.08.24 18:17:26] [Levelup] [zinabre-268536356] Levelup on - 1 and old level - 46 bought for 57 amount 1000
[07.08.24 18:17:30] [Levelup] [zinabre-268536356] Levelup on - 1 and old level - 47 bought for 57 amount 1000
[07.08.24 18:17:30] [Levelup] [zinabre-268536356] Levelup on - 1 and old level - 48 bought for 57 amount 1000
[07.08.24 18:17:30] [Levelup] [zinabre-268536356] Levelup on - 1 and old level - 49 bought for 57 amount 1000
[07.08.24 18:17:31] [Levelup] [zinabre-268536356] Levelup on - 1 and old level - 50 bought for 57 amount 1000
[07.08.24 18:17:32] [Levelup] [zinabre-268536356] Levelup on - 1 and old level - 51 bought for 57 amount 1000
[07.08.24 18:17:32] [Levelup] [zinabre-268536356] Levelup on - 1 and old level - 52 bought for 57 amount 1000
[07.08.24 18:17:33] [Levelup] [zinabre-268536356] Levelup on - 1 and old level - 53 bought for 57 amount 1000
[07.08.24 18:17:33] [Levelup] [zinabre-268536356] Levelup on - 1 and old level - 54 bought for 57 amount 1000
[07.08.24 18:17:34] [Levelup] [zinabre-268536356] Levelup on - 1 and old level - 55 bought for 57 amount 1000
[07.08.24 18:17:35] [Levelup] [zinabre-268536356] Levelup on - 1 and old level - 56 bought for 57 amount 1000
[07.08.24 18:17:35] [Levelup] [zinabre-268536356] Levelup on - 1 and old level - 57 bought for 57 amount 1000
[07.08.24 18:17:36] [Levelup] [zinabre-268536356] Levelup on - 1 and old level - 58 bought for 57 amount 1000
[07.08.24 18:17:37] [Levelup] [zinabre-268536356] Levelup on - 1 and old level - 59 bought for 57 amount 1000
[07.08.24 18:17:38] [Levelup] [zinabre-268536356] Levelup on - 1 and old level - 60 bought for 57 amount 1000
[07.08.24 18:17:39] [Levelup] [zinabre-268536356] Levelup on - 1 and old level - 61 bought for 57 amount 1000
[07.08.24 18:17:39] [Levelup] [zinabre-268536356] Levelup on - 1 and old level - 62 bought for 57 amount 1000
[07.08.24 18:17:40] [Levelup] [zinabre-268536356] Levelup on - 1 and old level - 63 bought for 57 amount 1000
[07.08.24 18:17:41] [Levelup] [zinabre-268536356] Levelup on - 1 and old level - 64 bought for 57 amount 1000
[07.08.24 18:17:42] [Levelup] [zinabre-268536356] Levelup on - 1 and old level - 65 bought for 57 amount 1000
[07.08.24 18:17:42] [Levelup] [zinabre-268536356] Levelup on - 1 and old level - 66 bought for 57 amount 1000
[07.08.24 18:17:43] [Levelup] [zinabre-268536356] Levelup on - 1 and old level - 67 bought for 57 amount 1000
[07.08.24 18:17:43] [Levelup] [zinabre-268536356] Levelup on - 1 and old level - 68 bought for 57 amount 1000
[07.08.24 18:17:44] [Levelup] [zinabre-268536356] Levelup on - 1 and old level - 69 bought for 57 amount 1000
[07.08.24 18:17:45] [Levelup] [zinabre-268536356] Levelup on - 1 and old level - 70 bought for 57 amount 1000
[07.08.24 18:17:46] [Levelup] [zinabre-268536356] Levelup on - 1 and old level - 71 bought for 57 amount 1000
[07.08.24 18:17:47] [Levelup] [zinabre-268536356] Levelup on - 1 and old level - 72 bought for 57 amount 1000
[07.08.24 18:17:48] [Levelup] [zinabre-268536356] Levelup on - 1 and old level - 73 bought for 57 amount 1000
[07.08.24 18:17:49] [Levelup] [zinabre-268536356] Levelup on - 1 and old level - 74 bought for 57 amount 1000
[07.08.24 18:17:53] [Levelup] [zinabre-268536356] Levelup on - 1 and old level - 75 bought for 57 amount 1000
[07.08.24 18:17:57] [Levelup] [zinabre-268536356] Levelup on - 1 and old level - 76 bought for 57 amount 1000
[07.08.24 18:17:58] [Levelup] [zinabre-268536356] Levelup on - 1 and old level - 77 bought for 57 amount 1000
[07.08.24 18:19:31] [NpcClassMaster] [COVID19-268537848]  got a classId bounty_hunter
[07.08.24 18:19:35] [NpcClassMaster] [COVID19-268537848]  got a classId fortune_seeker
[07.08.24 18:24:10] [NpcClassMaster] [zinabre-268536356]  got a classId storm_screamer
[07.08.24 18:46:19] [HeroSell] [zinabre-268536356] bought a custom hero for a period 86400 for 57 amount 1000
[07.08.24 18:46:31] [Levelup] [zinabre-268536356] Levelup on - 1 and old level - 77 bought for 57 amount 1000
[07.08.24 18:46:31] [Levelup] [zinabre-268536356] Levelup on - 1 and old level - 78 bought for 57 amount 1000
[07.08.24 18:46:41] [QuestSell] [zinabre-268536356] bought a quest _001_LettersOfLove
[07.08.24 18:46:47] [NoblesSell] [zinabre-268536356] Buy Nobles status bought for 57 1000
[07.08.24 18:47:05] [NickColor] [zinabre-268536356] change nick color on 8145404 for 57 amount 102
[07.08.24 19:04:15] [Levelup] [zinas-268538559] Levelup on - 1 and old level - 2 bought for 57 amount 1000
[07.08.24 19:04:15] [Levelup] [zinas-268538559] Levelup on - 1 and old level - 3 bought for 57 amount 1000
[07.08.24 19:04:16] [Levelup] [zinas-268538559] Levelup on - 1 and old level - 4 bought for 57 amount 1000
[07.08.24 19:04:17] [Levelup] [zinas-268538559] Levelup on - 1 and old level - 5 bought for 57 amount 1000
[07.08.24 19:04:17] [Levelup] [zinas-268538559] Levelup on - 1 and old level - 6 bought for 57 amount 1000
[07.08.24 19:04:18] [Levelup] [zinas-268538559] Levelup on - 1 and old level - 7 bought for 57 amount 1000
[07.08.24 19:04:18] [Levelup] [zinas-268538559] Levelup on - 1 and old level - 8 bought for 57 amount 1000
[07.08.24 19:04:19] [Levelup] [zinas-268538559] Levelup on - 1 and old level - 9 bought for 57 amount 1000
[07.08.24 19:04:19] [Levelup] [zinas-268538559] Levelup on - 1 and old level - 10 bought for 57 amount 1000
[07.08.24 19:04:20] [Levelup] [zinas-268538559] Levelup on - 1 and old level - 11 bought for 57 amount 1000
[07.08.24 19:04:20] [Levelup] [zinas-268538559] Levelup on - 1 and old level - 12 bought for 57 amount 1000
[07.08.24 19:04:21] [Levelup] [zinas-268538559] Levelup on - 1 and old level - 13 bought for 57 amount 1000
[07.08.24 19:04:21] [Levelup] [zinas-268538559] Levelup on - 1 and old level - 14 bought for 57 amount 1000
[07.08.24 19:04:22] [Levelup] [zinas-268538559] Levelup on - 1 and old level - 15 bought for 57 amount 1000
[07.08.24 19:04:22] [Levelup] [zinas-268538559] Levelup on - 1 and old level - 16 bought for 57 amount 1000
[07.08.24 19:04:23] [Levelup] [zinas-268538559] Levelup on - 1 and old level - 17 bought for 57 amount 1000
[07.08.24 19:04:23] [Levelup] [zinas-268538559] Levelup on - 1 and old level - 18 bought for 57 amount 1000
[07.08.24 19:04:24] [Levelup] [zinas-268538559] Levelup on - 1 and old level - 19 bought for 57 amount 1000
[07.08.24 19:04:25] [Levelup] [zinas-268538559] Levelup on - 1 and old level - 20 bought for 57 amount 1000
[07.08.24 19:05:36] [NpcClassMaster] [zinas-268538559]  got a classId rogue
[07.08.24 19:06:08] [Levelup] [zinas-268538559] Levelup on - 1 and old level - 21 bought for 57 amount 1000
[07.08.24 19:06:09] [Levelup] [zinas-268538559] Levelup on - 1 and old level - 22 bought for 57 amount 1000
[07.08.24 19:06:09] [Levelup] [zinas-268538559] Levelup on - 1 and old level - 23 bought for 57 amount 1000
[07.08.24 19:06:10] [Levelup] [zinas-268538559] Levelup on - 1 and old level - 24 bought for 57 amount 1000
[07.08.24 19:06:10] [Levelup] [zinas-268538559] Levelup on - 1 and old level - 25 bought for 57 amount 1000
[07.08.24 19:06:11] [Levelup] [zinas-268538559] Levelup on - 1 and old level - 26 bought for 57 amount 1000
[07.08.24 19:06:11] [Levelup] [zinas-268538559] Levelup on - 1 and old level - 27 bought for 57 amount 1000
[07.08.24 19:06:12] [Levelup] [zinas-268538559] Levelup on - 1 and old level - 28 bought for 57 amount 1000
[07.08.24 19:06:12] [Levelup] [zinas-268538559] Levelup on - 1 and old level - 29 bought for 57 amount 1000
[07.08.24 19:06:13] [Levelup] [zinas-268538559] Levelup on - 1 and old level - 30 bought for 57 amount 1000
[07.08.24 19:06:14] [Levelup] [zinas-268538559] Levelup on - 1 and old level - 31 bought for 57 amount 1000
[07.08.24 19:06:14] [Levelup] [zinas-268538559] Levelup on - 1 and old level - 32 bought for 57 amount 1000
[07.08.24 19:06:15] [Levelup] [zinas-268538559] Levelup on - 1 and old level - 33 bought for 57 amount 1000
[07.08.24 19:06:15] [Levelup] [zinas-268538559] Levelup on - 1 and old level - 34 bought for 57 amount 1000
[07.08.24 19:06:16] [Levelup] [zinas-268538559] Levelup on - 1 and old level - 35 bought for 57 amount 1000
[07.08.24 19:06:16] [Levelup] [zinas-268538559] Levelup on - 1 and old level - 36 bought for 57 amount 1000
[07.08.24 19:06:17] [Levelup] [zinas-268538559] Levelup on - 1 and old level - 37 bought for 57 amount 1000
[07.08.24 19:06:18] [Levelup] [zinas-268538559] Levelup on - 1 and old level - 38 bought for 57 amount 1000
[07.08.24 19:06:18] [Levelup] [zinas-268538559] Levelup on - 1 and old level - 39 bought for 57 amount 1000
[07.08.24 19:06:19] [Levelup] [zinas-268538559] Levelup on - 1 and old level - 40 bought for 57 amount 1000
[07.08.24 19:06:19] [Levelup] [zinas-268538559] Levelup on - 1 and old level - 41 bought for 57 amount 1000
[07.08.24 19:06:20] [Levelup] [zinas-268538559] Levelup on - 1 and old level - 42 bought for 57 amount 1000
[07.08.24 19:06:20] [Levelup] [zinas-268538559] Levelup on - 1 and old level - 43 bought for 57 amount 1000
[07.08.24 19:06:21] [Levelup] [zinas-268538559] Levelup on - 1 and old level - 44 bought for 57 amount 1000
[07.08.24 19:06:21] [Levelup] [zinas-268538559] Levelup on - 1 and old level - 45 bought for 57 amount 1000
[07.08.24 19:06:22] [Levelup] [zinas-268538559] Levelup on - 1 and old level - 46 bought for 57 amount 1000
[07.08.24 19:06:22] [Levelup] [zinas-268538559] Levelup on - 1 and old level - 47 bought for 57 amount 1000
[07.08.24 19:06:23] [Levelup] [zinas-268538559] Levelup on - 1 and old level - 48 bought for 57 amount 1000
[07.08.24 19:06:24] [Levelup] [zinas-268538559] Levelup on - 1 and old level - 49 bought for 57 amount 1000
[07.08.24 19:06:25] [Levelup] [zinas-268538559] Levelup on - 1 and old level - 50 bought for 57 amount 1000
[07.08.24 19:06:26] [Levelup] [zinas-268538559] Levelup on - 1 and old level - 51 bought for 57 amount 1000
[07.08.24 19:13:34] [NpcClassMaster] [zinas-268538559]  got a classId hawkeye
[07.08.24 19:16:18] [Levelup] [zinas-268538559] Levelup on - 1 and old level - 52 bought for 57 amount 1000
[07.08.24 19:16:18] [Levelup] [zinas-268538559] Levelup on - 1 and old level - 53 bought for 57 amount 1000
[07.08.24 19:16:19] [Levelup] [zinas-268538559] Levelup on - 1 and old level - 54 bought for 57 amount 1000
[07.08.24 19:16:19] [Levelup] [zinas-268538559] Levelup on - 1 and old level - 55 bought for 57 amount 1000
[07.08.24 19:16:20] [Levelup] [zinas-268538559] Levelup on - 1 and old level - 56 bought for 57 amount 1000
[07.08.24 19:16:21] [Levelup] [zinas-268538559] Levelup on - 1 and old level - 57 bought for 57 amount 1000
[07.08.24 19:16:21] [Levelup] [zinas-268538559] Levelup on - 1 and old level - 58 bought for 57 amount 1000
[07.08.24 19:16:22] [Levelup] [zinas-268538559] Levelup on - 1 and old level - 59 bought for 57 amount 1000
[07.08.24 19:16:23] [Levelup] [zinas-268538559] Levelup on - 1 and old level - 60 bought for 57 amount 1000
[07.08.24 19:23:35] [Levelup] [zinas-268538559] Levelup on - 1 and old level - 60 bought for 57 amount 1000
[07.08.24 19:23:36] [Levelup] [zinas-268538559] Levelup on - 1 and old level - 61 bought for 57 amount 1000
[07.08.24 19:23:39] [Levelup] [zinas-268538559] Levelup on - 1 and old level - 62 bought for 57 amount 1000
[07.08.24 19:23:40] [Levelup] [zinas-268538559] Levelup on - 1 and old level - 63 bought for 57 amount 1000
[07.08.24 19:23:41] [Levelup] [zinas-268538559] Levelup on - 1 and old level - 64 bought for 57 amount 1000
[07.08.24 19:23:42] [Levelup] [zinas-268538559] Levelup on - 1 and old level - 65 bought for 57 amount 1000
[07.08.24 19:23:44] [Levelup] [zinas-268538559] Levelup on - 1 and old level - 66 bought for 57 amount 1000
[07.08.24 19:23:45] [Levelup] [zinas-268538559] Levelup on - 1 and old level - 67 bought for 57 amount 1000
[07.08.24 19:23:46] [Levelup] [zinas-268538559] Levelup on - 1 and old level - 68 bought for 57 amount 1000
[07.08.24 19:23:47] [Levelup] [zinas-268538559] Levelup on - 1 and old level - 69 bought for 57 amount 1000
[07.08.24 19:23:48] [Levelup] [zinas-268538559] Levelup on - 1 and old level - 70 bought for 57 amount 1000
[07.08.24 19:23:48] [Levelup] [zinas-268538559] Levelup on - 1 and old level - 71 bought for 57 amount 1000
[07.08.24 19:28:01] [Levelup] [zinas-268538559] Levelup on - 1 and old level - 71 bought for 57 amount 1000
[07.08.24 19:28:01] [Levelup] [zinas-268538559] Levelup on - 1 and old level - 72 bought for 57 amount 1000
[07.08.24 19:28:02] [Levelup] [zinas-268538559] Levelup on - 1 and old level - 73 bought for 57 amount 1000
[07.08.24 19:28:02] [Levelup] [zinas-268538559] Levelup on - 1 and old level - 74 bought for 57 amount 1000
[07.08.24 19:28:03] [Levelup] [zinas-268538559] Levelup on - 1 and old level - 75 bought for 57 amount 1000
[07.08.24 19:28:03] [Levelup] [zinas-268538559] Levelup on - 1 and old level - 76 bought for 57 amount 1000
[07.08.24 19:29:58] [NpcClassMaster] [zinas-268538559]  got a classId sagittarius
[07.08.24 19:30:12] [HeroSell] [zinas-268538559] bought a custom hero for a period 86400 for 57 amount 1000
[07.08.24 19:32:56] [Levelup] [zinas-268538559] Levelup on - 1 and old level - 76 bought for 57 amount 1000
[07.08.24 19:32:57] [Levelup] [zinas-268538559] Levelup on - 1 and old level - 77 bought for 57 amount 1000
[07.08.24 19:32:57] [Levelup] [zinas-268538559] Levelup on - 1 and old level - 78 bought for 57 amount 1000
[07.08.24 19:32:58] [Levelup] [zinas-268538559] Levelup on - 1 and old level - 79 bought for 57 amount 1000
