[01.04.24 07:47:35] [NickColor] [DominatoR-268544175] change nick color on 10528257 for 57 amount 107
[01.04.24 07:47:41] [TitleColor] [DominatoR-268544175] change title color on 8145404 for 57 amount 102
[01.04.24 07:47:55] [QuestSell] [DominatoR-268544175] bought a quest _001_LettersOfLove
[01.04.24 07:48:18] [ExpandWarehouse] [DominatoR-268544175] increased Warehouse 1 slots for 57 amount 1000
[01.04.24 07:48:18] [ExpandWarehouse] [DominatoR-268544175] increased Warehouse 1 slots for 57 amount 1000
[01.04.24 07:48:19] [ExpandWarehouse] [DominatoR-268544175] increased Warehouse 1 slots for 57 amount 1000
[01.04.24 07:48:24] [ExpandInventory] [DominatoR-268544175] increased inventory 1 slots for 57 amount 1000
[01.04.24 07:48:25] [ExpandInventory] [DominatoR-268544175] increased inventory 1 slots for 57 amount 1000
[01.04.24 07:48:25] [ExpandInventory] [DominatoR-268544175] increased inventory 1 slots for 57 amount 1000
[01.04.24 07:48:26] [ExpandInventory] [DominatoR-268544175] increased inventory 1 slots for 57 amount 1000
[01.04.24 07:48:26] [ExpandInventory] [DominatoR-268544175] increased inventory 1 slots for 57 amount 1000
[01.04.24 07:48:27] [ExpandInventory] [DominatoR-268544175] increased inventory 1 slots for 57 amount 1000
[01.04.24 07:48:27] [ExpandInventory] [DominatoR-268544175] increased inventory 1 slots for 57 amount 1000
[01.04.24 07:48:27] [ExpandInventory] [DominatoR-268544175] increased inventory 1 slots for 57 amount 1000
[01.04.24 07:48:27] [ExpandInventory] [DominatoR-268544175] increased inventory 1 slots for 57 amount 1000
[01.04.24 07:48:28] [ExpandInventory] [DominatoR-268544175] increased inventory 1 slots for 57 amount 1000
[01.04.24 07:48:28] [ExpandInventory] [DominatoR-268544175] increased inventory 1 slots for 57 amount 1000
[01.04.24 07:48:28] [ExpandInventory] [DominatoR-268544175] increased inventory 1 slots for 57 amount 1000
[01.04.24 07:48:29] [ExpandInventory] [DominatoR-268544175] increased inventory 1 slots for 57 amount 1000
[01.04.24 07:48:29] [ExpandInventory] [DominatoR-268544175] increased inventory 1 slots for 57 amount 1000
[01.04.24 07:48:29] [ExpandInventory] [DominatoR-268544175] increased inventory 1 slots for 57 amount 1000
[01.04.24 07:48:29] [ExpandInventory] [DominatoR-268544175] increased inventory 1 slots for 57 amount 1000
[01.04.24 07:48:29] [ExpandInventory] [DominatoR-268544175] increased inventory 1 slots for 57 amount 1000
[01.04.24 07:48:30] [ExpandInventory] [DominatoR-268544175] increased inventory 1 slots for 57 amount 1000
[01.04.24 07:48:30] [ExpandInventory] [DominatoR-268544175] increased inventory 1 slots for 57 amount 1000
[01.04.24 07:48:30] [ExpandInventory] [DominatoR-268544175] increased inventory 1 slots for 57 amount 1000
[01.04.24 07:48:30] [ExpandInventory] [DominatoR-268544175] increased inventory 1 slots for 57 amount 1000
[01.04.24 07:48:30] [ExpandInventory] [DominatoR-268544175] increased inventory 1 slots for 57 amount 1000
[01.04.24 07:48:31] [ExpandInventory] [DominatoR-268544175] increased inventory 1 slots for 57 amount 1000
[01.04.24 07:48:31] [ExpandInventory] [DominatoR-268544175] increased inventory 1 slots for 57 amount 1000
[01.04.24 07:48:31] [ExpandInventory] [DominatoR-268544175] increased inventory 1 slots for 57 amount 1000
[01.04.24 07:48:31] [ExpandInventory] [DominatoR-268544175] increased inventory 1 slots for 57 amount 1000
[01.04.24 07:48:31] [ExpandInventory] [DominatoR-268544175] increased inventory 1 slots for 57 amount 1000
[01.04.24 09:22:27] [NpcClassMaster] [DominatoR-268544175]  got a classId orc_shaman
[01.04.24 13:16:40] [ExpandInventory] [ElfArcher-268549895] increased inventory 1 slots for 57 amount 1000
[01.04.24 13:16:41] [ExpandInventory] [ElfArcher-268549895] increased inventory 1 slots for 57 amount 1000
[01.04.24 13:16:41] [ExpandInventory] [ElfArcher-268549895] increased inventory 1 slots for 57 amount 1000
[01.04.24 13:16:42] [ExpandInventory] [ElfArcher-268549895] increased inventory 1 slots for 57 amount 1000
[01.04.24 13:16:42] [ExpandInventory] [ElfArcher-268549895] increased inventory 1 slots for 57 amount 1000
[01.04.24 13:16:43] [ExpandInventory] [ElfArcher-268549895] increased inventory 1 slots for 57 amount 1000
[01.04.24 13:16:43] [ExpandInventory] [ElfArcher-268549895] increased inventory 1 slots for 57 amount 1000
[01.04.24 13:16:43] [ExpandInventory] [ElfArcher-268549895] increased inventory 1 slots for 57 amount 1000
[01.04.24 13:16:44] [ExpandInventory] [ElfArcher-268549895] increased inventory 1 slots for 57 amount 1000
[01.04.24 13:16:44] [ExpandInventory] [ElfArcher-268549895] increased inventory 1 slots for 57 amount 1000
[01.04.24 13:16:45] [ExpandInventory] [ElfArcher-268549895] increased inventory 1 slots for 57 amount 1000
[01.04.24 13:16:45] [ExpandInventory] [ElfArcher-268549895] increased inventory 1 slots for 57 amount 1000
[01.04.24 13:16:46] [ExpandInventory] [ElfArcher-268549895] increased inventory 1 slots for 57 amount 1000
[01.04.24 13:16:46] [ExpandInventory] [ElfArcher-268549895] increased inventory 1 slots for 57 amount 1000
[01.04.24 13:16:46] [ExpandInventory] [ElfArcher-268549895] increased inventory 1 slots for 57 amount 1000
[01.04.24 13:16:47] [ExpandInventory] [ElfArcher-268549895] increased inventory 1 slots for 57 amount 1000
[01.04.24 13:16:47] [ExpandInventory] [ElfArcher-268549895] increased inventory 1 slots for 57 amount 1000
[01.04.24 13:16:47] [ExpandInventory] [ElfArcher-268549895] increased inventory 1 slots for 57 amount 1000
[01.04.24 13:16:48] [ExpandInventory] [ElfArcher-268549895] increased inventory 1 slots for 57 amount 1000
[01.04.24 13:16:48] [ExpandInventory] [ElfArcher-268549895] increased inventory 1 slots for 57 amount 1000
[01.04.24 13:16:48] [ExpandInventory] [ElfArcher-268549895] increased inventory 1 slots for 57 amount 1000
[01.04.24 13:16:49] [ExpandInventory] [ElfArcher-268549895] increased inventory 1 slots for 57 amount 1000
[01.04.24 13:16:49] [ExpandInventory] [ElfArcher-268549895] increased inventory 1 slots for 57 amount 1000
[01.04.24 13:16:49] [ExpandInventory] [ElfArcher-268549895] increased inventory 1 slots for 57 amount 1000
[01.04.24 13:16:49] [ExpandInventory] [ElfArcher-268549895] increased inventory 1 slots for 57 amount 1000
[01.04.24 13:16:50] [ExpandInventory] [ElfArcher-268549895] increased inventory 1 slots for 57 amount 1000
[01.04.24 13:16:50] [ExpandInventory] [ElfArcher-268549895] increased inventory 1 slots for 57 amount 1000
[01.04.24 13:16:50] [ExpandInventory] [ElfArcher-268549895] increased inventory 1 slots for 57 amount 1000
[01.04.24 13:16:51] [ExpandInventory] [ElfArcher-268549895] increased inventory 1 slots for 57 amount 1000
[01.04.24 13:16:51] [ExpandInventory] [ElfArcher-268549895] increased inventory 1 slots for 57 amount 1000
[01.04.24 13:16:51] [ExpandInventory] [ElfArcher-268549895] increased inventory 1 slots for 57 amount 1000
[01.04.24 13:16:51] [ExpandInventory] [ElfArcher-268549895] increased inventory 1 slots for 57 amount 1000
[01.04.24 13:16:52] [ExpandInventory] [ElfArcher-268549895] increased inventory 1 slots for 57 amount 1000
[01.04.24 13:16:52] [ExpandInventory] [ElfArcher-268549895] increased inventory 1 slots for 57 amount 1000
[01.04.24 13:16:52] [ExpandInventory] [ElfArcher-268549895] increased inventory 1 slots for 57 amount 1000
[01.04.24 13:16:52] [ExpandInventory] [ElfArcher-268549895] increased inventory 1 slots for 57 amount 1000
[01.04.24 13:16:53] [ExpandInventory] [ElfArcher-268549895] increased inventory 1 slots for 57 amount 1000
[01.04.24 13:16:53] [ExpandInventory] [ElfArcher-268549895] increased inventory 1 slots for 57 amount 1000
[01.04.24 13:16:53] [ExpandInventory] [ElfArcher-268549895] increased inventory 1 slots for 57 amount 1000
[01.04.24 13:16:53] [ExpandInventory] [ElfArcher-268549895] increased inventory 1 slots for 57 amount 1000
[01.04.24 15:57:35] [NpcClassMaster] [ElfArcher-268549895]  got a classId elven_scout
[01.04.24 17:27:18] [NpcClassMaster] [DominatoR-268544175]  got a classId overlord
[01.04.24 17:30:18] [ExpandInventory] [DominatoR-268544175] increased inventory 1 slots for 57 amount 1000
[01.04.24 17:30:18] [ExpandInventory] [DominatoR-268544175] increased inventory 1 slots for 57 amount 1000
[01.04.24 17:30:19] [ExpandInventory] [DominatoR-268544175] increased inventory 1 slots for 57 amount 1000
[01.04.24 17:30:19] [ExpandInventory] [DominatoR-268544175] increased inventory 1 slots for 57 amount 1000
[01.04.24 17:30:20] [ExpandInventory] [DominatoR-268544175] increased inventory 1 slots for 57 amount 1000
[01.04.24 17:30:20] [ExpandInventory] [DominatoR-268544175] increased inventory 1 slots for 57 amount 1000
[01.04.24 17:30:21] [ExpandInventory] [DominatoR-268544175] increased inventory 1 slots for 57 amount 1000
[01.04.24 17:30:21] [ExpandInventory] [DominatoR-268544175] increased inventory 1 slots for 57 amount 1000
[01.04.24 17:30:22] [ExpandInventory] [DominatoR-268544175] increased inventory 1 slots for 57 amount 1000
[01.04.24 17:30:22] [ExpandInventory] [DominatoR-268544175] increased inventory 1 slots for 57 amount 1000
[01.04.24 17:30:22] [ExpandInventory] [DominatoR-268544175] increased inventory 1 slots for 57 amount 1000
[01.04.24 17:30:23] [ExpandInventory] [DominatoR-268544175] increased inventory 1 slots for 57 amount 1000
[01.04.24 17:30:23] [ExpandInventory] [DominatoR-268544175] increased inventory 1 slots for 57 amount 1000
[01.04.24 17:30:23] [ExpandInventory] [DominatoR-268544175] increased inventory 1 slots for 57 amount 1000
[01.04.24 17:30:23] [ExpandInventory] [DominatoR-268544175] increased inventory 1 slots for 57 amount 1000
[01.04.24 17:30:24] [ExpandInventory] [DominatoR-268544175] increased inventory 1 slots for 57 amount 1000
[01.04.24 17:30:24] [ExpandInventory] [DominatoR-268544175] increased inventory 1 slots for 57 amount 1000
[01.04.24 17:30:24] [ExpandInventory] [DominatoR-268544175] increased inventory 1 slots for 57 amount 1000
[01.04.24 17:30:24] [ExpandInventory] [DominatoR-268544175] increased inventory 1 slots for 57 amount 1000
[01.04.24 17:30:24] [ExpandInventory] [DominatoR-268544175] increased inventory 1 slots for 57 amount 1000
[01.04.24 17:30:25] [ExpandInventory] [DominatoR-268544175] increased inventory 1 slots for 57 amount 1000
[01.04.24 17:30:25] [ExpandInventory] [DominatoR-268544175] increased inventory 1 slots for 57 amount 1000
[01.04.24 17:30:25] [ExpandInventory] [DominatoR-268544175] increased inventory 1 slots for 57 amount 1000
[01.04.24 17:30:25] [ExpandInventory] [DominatoR-268544175] increased inventory 1 slots for 57 amount 1000
[01.04.24 17:30:25] [ExpandInventory] [DominatoR-268544175] increased inventory 1 slots for 57 amount 1000
[01.04.24 17:30:26] [ExpandInventory] [DominatoR-268544175] increased inventory 1 slots for 57 amount 1000
[01.04.24 17:30:26] [ExpandInventory] [DominatoR-268544175] increased inventory 1 slots for 57 amount 1000
[01.04.24 17:30:26] [ExpandInventory] [DominatoR-268544175] increased inventory 1 slots for 57 amount 1000
[01.04.24 17:30:26] [ExpandInventory] [DominatoR-268544175] increased inventory 1 slots for 57 amount 1000
[01.04.24 17:30:26] [ExpandInventory] [DominatoR-268544175] increased inventory 1 slots for 57 amount 1000
[01.04.24 17:30:26] [ExpandInventory] [DominatoR-268544175] increased inventory 1 slots for 57 amount 1000
[01.04.24 17:30:27] [ExpandInventory] [DominatoR-268544175] increased inventory 1 slots for 57 amount 1000
[01.04.24 17:30:27] [ExpandInventory] [DominatoR-268544175] increased inventory 1 slots for 57 amount 1000
[01.04.24 17:30:27] [ExpandInventory] [DominatoR-268544175] increased inventory 1 slots for 57 amount 1000
[01.04.24 17:30:27] [ExpandInventory] [DominatoR-268544175] increased inventory 1 slots for 57 amount 1000
[01.04.24 17:30:27] [ExpandInventory] [DominatoR-268544175] increased inventory 1 slots for 57 amount 1000
[01.04.24 17:30:27] [ExpandInventory] [DominatoR-268544175] increased inventory 1 slots for 57 amount 1000
[01.04.24 17:30:27] [ExpandInventory] [DominatoR-268544175] increased inventory 1 slots for 57 amount 1000
[01.04.24 17:30:28] [ExpandInventory] [DominatoR-268544175] increased inventory 1 slots for 57 amount 1000
[01.04.24 17:30:28] [ExpandInventory] [DominatoR-268544175] increased inventory 1 slots for 57 amount 1000
[01.04.24 17:30:28] [ExpandInventory] [DominatoR-268544175] increased inventory 1 slots for 57 amount 1000
[01.04.24 17:30:28] [ExpandInventory] [DominatoR-268544175] increased inventory 1 slots for 57 amount 1000
[01.04.24 17:30:28] [ExpandInventory] [DominatoR-268544175] increased inventory 1 slots for 57 amount 1000
[01.04.24 17:30:28] [ExpandInventory] [DominatoR-268544175] increased inventory 1 slots for 57 amount 1000
[01.04.24 17:30:28] [ExpandInventory] [DominatoR-268544175] increased inventory 1 slots for 57 amount 1000
[01.04.24 17:30:29] [ExpandInventory] [DominatoR-268544175] increased inventory 1 slots for 57 amount 1000
[01.04.24 17:30:29] [ExpandInventory] [DominatoR-268544175] increased inventory 1 slots for 57 amount 1000
[01.04.24 17:30:29] [ExpandInventory] [DominatoR-268544175] increased inventory 1 slots for 57 amount 1000
[01.04.24 17:30:29] [ExpandInventory] [DominatoR-268544175] increased inventory 1 slots for 57 amount 1000
[01.04.24 17:30:29] [ExpandInventory] [DominatoR-268544175] increased inventory 1 slots for 57 amount 1000
[01.04.24 17:30:29] [ExpandInventory] [DominatoR-268544175] increased inventory 1 slots for 57 amount 1000
[01.04.24 17:30:29] [ExpandInventory] [DominatoR-268544175] increased inventory 1 slots for 57 amount 1000
[01.04.24 17:30:30] [ExpandInventory] [DominatoR-268544175] increased inventory 1 slots for 57 amount 1000
[01.04.24 17:30:30] [ExpandInventory] [DominatoR-268544175] increased inventory 1 slots for 57 amount 1000
[01.04.24 17:30:30] [ExpandInventory] [DominatoR-268544175] increased inventory 1 slots for 57 amount 1000
[01.04.24 17:30:30] [ExpandInventory] [DominatoR-268544175] increased inventory 1 slots for 57 amount 1000
[01.04.24 17:30:30] [ExpandInventory] [DominatoR-268544175] increased inventory 1 slots for 57 amount 1000
[01.04.24 17:30:30] [ExpandInventory] [DominatoR-268544175] increased inventory 1 slots for 57 amount 1000
[01.04.24 17:30:30] [ExpandInventory] [DominatoR-268544175] increased inventory 1 slots for 57 amount 1000
[01.04.24 17:30:31] [ExpandInventory] [DominatoR-268544175] increased inventory 1 slots for 57 amount 1000
[01.04.24 17:30:31] [ExpandInventory] [DominatoR-268544175] increased inventory 1 slots for 57 amount 1000
[01.04.24 17:30:31] [ExpandInventory] [DominatoR-268544175] increased inventory 1 slots for 57 amount 1000
[01.04.24 17:30:31] [ExpandInventory] [DominatoR-268544175] increased inventory 1 slots for 57 amount 1000
[01.04.24 17:30:31] [ExpandInventory] [DominatoR-268544175] increased inventory 1 slots for 57 amount 1000
[01.04.24 17:30:31] [ExpandInventory] [DominatoR-268544175] increased inventory 1 slots for 57 amount 1000
[01.04.24 17:30:31] [ExpandInventory] [DominatoR-268544175] increased inventory 1 slots for 57 amount 1000
[01.04.24 17:30:32] [ExpandInventory] [DominatoR-268544175] increased inventory 1 slots for 57 amount 1000
[01.04.24 17:30:32] [ExpandInventory] [DominatoR-268544175] increased inventory 1 slots for 57 amount 1000
[01.04.24 17:30:32] [ExpandInventory] [DominatoR-268544175] increased inventory 1 slots for 57 amount 1000
[01.04.24 17:30:32] [ExpandInventory] [DominatoR-268544175] increased inventory 1 slots for 57 amount 1000
[01.04.24 17:30:32] [ExpandInventory] [DominatoR-268544175] increased inventory 1 slots for 57 amount 1000
[01.04.24 17:30:32] [ExpandInventory] [DominatoR-268544175] increased inventory 1 slots for 57 amount 1000
[01.04.24 17:30:33] [ExpandInventory] [DominatoR-268544175] increased inventory 1 slots for 57 amount 1000
[01.04.24 17:30:33] [ExpandInventory] [DominatoR-268544175] increased inventory 1 slots for 57 amount 1000
[01.04.24 17:30:33] [ExpandInventory] [DominatoR-268544175] increased inventory 1 slots for 57 amount 1000
[01.04.24 17:30:33] [ExpandInventory] [DominatoR-268544175] increased inventory 1 slots for 57 amount 1000
[01.04.24 17:30:33] [ExpandInventory] [DominatoR-268544175] increased inventory 1 slots for 57 amount 1000
[01.04.24 17:30:33] [ExpandInventory] [DominatoR-268544175] increased inventory 1 slots for 57 amount 1000
[01.04.24 17:30:33] [ExpandInventory] [DominatoR-268544175] increased inventory 1 slots for 57 amount 1000
[01.04.24 17:30:34] [ExpandInventory] [DominatoR-268544175] increased inventory 1 slots for 57 amount 1000
[01.04.24 17:30:34] [ExpandInventory] [DominatoR-268544175] increased inventory 1 slots for 57 amount 1000
[01.04.24 17:30:34] [ExpandInventory] [DominatoR-268544175] increased inventory 1 slots for 57 amount 1000
[01.04.24 17:30:34] [ExpandInventory] [DominatoR-268544175] increased inventory 1 slots for 57 amount 1000
[01.04.24 17:30:34] [ExpandInventory] [DominatoR-268544175] increased inventory 1 slots for 57 amount 1000
[01.04.24 17:30:34] [ExpandInventory] [DominatoR-268544175] increased inventory 1 slots for 57 amount 1000
[01.04.24 17:30:34] [ExpandInventory] [DominatoR-268544175] increased inventory 1 slots for 57 amount 1000
[01.04.24 17:30:35] [ExpandInventory] [DominatoR-268544175] increased inventory 1 slots for 57 amount 1000
[01.04.24 17:30:35] [ExpandInventory] [DominatoR-268544175] increased inventory 1 slots for 57 amount 1000
[01.04.24 17:30:35] [ExpandInventory] [DominatoR-268544175] increased inventory 1 slots for 57 amount 1000
[01.04.24 17:30:35] [ExpandInventory] [DominatoR-268544175] increased inventory 1 slots for 57 amount 1000
[01.04.24 17:30:35] [ExpandInventory] [DominatoR-268544175] increased inventory 1 slots for 57 amount 1000
[01.04.24 17:30:35] [ExpandInventory] [DominatoR-268544175] increased inventory 1 slots for 57 amount 1000
[01.04.24 17:30:35] [ExpandInventory] [DominatoR-268544175] increased inventory 1 slots for 57 amount 1000
[01.04.24 17:30:36] [ExpandInventory] [DominatoR-268544175] increased inventory 1 slots for 57 amount 1000
[01.04.24 17:30:36] [ExpandInventory] [DominatoR-268544175] increased inventory 1 slots for 57 amount 1000
[01.04.24 17:30:36] [ExpandInventory] [DominatoR-268544175] increased inventory 1 slots for 57 amount 1000
[01.04.24 17:30:36] [ExpandInventory] [DominatoR-268544175] increased inventory 1 slots for 57 amount 1000
[01.04.24 17:30:36] [ExpandInventory] [DominatoR-268544175] increased inventory 1 slots for 57 amount 1000
[01.04.24 17:30:36] [ExpandInventory] [DominatoR-268544175] increased inventory 1 slots for 57 amount 1000
[01.04.24 17:30:37] [ExpandInventory] [DominatoR-268544175] increased inventory 1 slots for 57 amount 1000
[01.04.24 17:30:37] [ExpandInventory] [DominatoR-268544175] increased inventory 1 slots for 57 amount 1000
[01.04.24 17:30:37] [ExpandInventory] [DominatoR-268544175] increased inventory 1 slots for 57 amount 1000
[01.04.24 17:30:37] [ExpandInventory] [DominatoR-268544175] increased inventory 1 slots for 57 amount 1000
[01.04.24 17:30:37] [ExpandInventory] [DominatoR-268544175] increased inventory 1 slots for 57 amount 1000
[01.04.24 17:30:37] [ExpandInventory] [DominatoR-268544175] increased inventory 1 slots for 57 amount 1000
[01.04.24 17:30:38] [ExpandInventory] [DominatoR-268544175] increased inventory 1 slots for 57 amount 1000
[01.04.24 17:30:38] [ExpandInventory] [DominatoR-268544175] increased inventory 1 slots for 57 amount 1000
[01.04.24 17:30:38] [ExpandInventory] [DominatoR-268544175] increased inventory 1 slots for 57 amount 1000
[01.04.24 17:30:38] [ExpandInventory] [DominatoR-268544175] increased inventory 1 slots for 57 amount 1000
[01.04.24 17:30:38] [ExpandInventory] [DominatoR-268544175] increased inventory 1 slots for 57 amount 1000
[01.04.24 17:30:38] [ExpandInventory] [DominatoR-268544175] increased inventory 1 slots for 57 amount 1000
[01.04.24 17:30:39] [ExpandInventory] [DominatoR-268544175] increased inventory 1 slots for 57 amount 1000
[01.04.24 17:30:39] [ExpandInventory] [DominatoR-268544175] increased inventory 1 slots for 57 amount 1000
[01.04.24 17:30:39] [ExpandInventory] [DominatoR-268544175] increased inventory 1 slots for 57 amount 1000
[01.04.24 17:30:39] [ExpandInventory] [DominatoR-268544175] increased inventory 1 slots for 57 amount 1000
[01.04.24 17:30:39] [ExpandInventory] [DominatoR-268544175] increased inventory 1 slots for 57 amount 1000
[01.04.24 17:30:39] [ExpandInventory] [DominatoR-268544175] increased inventory 1 slots for 57 amount 1000
[01.04.24 17:30:39] [ExpandInventory] [DominatoR-268544175] increased inventory 1 slots for 57 amount 1000
[01.04.24 17:30:40] [ExpandInventory] [DominatoR-268544175] increased inventory 1 slots for 57 amount 1000
[01.04.24 17:30:40] [ExpandInventory] [DominatoR-268544175] increased inventory 1 slots for 57 amount 1000
[01.04.24 17:30:40] [ExpandInventory] [DominatoR-268544175] increased inventory 1 slots for 57 amount 1000
[01.04.24 17:30:40] [ExpandInventory] [DominatoR-268544175] increased inventory 1 slots for 57 amount 1000
[01.04.24 17:30:40] [ExpandInventory] [DominatoR-268544175] increased inventory 1 slots for 57 amount 1000
[01.04.24 17:30:40] [ExpandInventory] [DominatoR-268544175] increased inventory 1 slots for 57 amount 1000
[01.04.24 17:30:40] [ExpandInventory] [DominatoR-268544175] increased inventory 1 slots for 57 amount 1000
[01.04.24 17:30:41] [ExpandInventory] [DominatoR-268544175] increased inventory 1 slots for 57 amount 1000
[01.04.24 17:30:41] [ExpandInventory] [DominatoR-268544175] increased inventory 1 slots for 57 amount 1000
[01.04.24 17:30:41] [ExpandInventory] [DominatoR-268544175] increased inventory 1 slots for 57 amount 1000
[01.04.24 17:30:41] [ExpandInventory] [DominatoR-268544175] increased inventory 1 slots for 57 amount 1000
[01.04.24 17:30:41] [ExpandInventory] [DominatoR-268544175] increased inventory 1 slots for 57 amount 1000
[01.04.24 17:30:41] [ExpandInventory] [DominatoR-268544175] increased inventory 1 slots for 57 amount 1000
[01.04.24 17:30:42] [ExpandInventory] [DominatoR-268544175] increased inventory 1 slots for 57 amount 1000
[01.04.24 17:30:42] [ExpandInventory] [DominatoR-268544175] increased inventory 1 slots for 57 amount 1000
[01.04.24 17:30:42] [ExpandInventory] [DominatoR-268544175] increased inventory 1 slots for 57 amount 1000
[01.04.24 17:30:42] [ExpandInventory] [DominatoR-268544175] increased inventory 1 slots for 57 amount 1000
[01.04.24 17:30:42] [ExpandInventory] [DominatoR-268544175] increased inventory 1 slots for 57 amount 1000
[01.04.24 17:30:42] [ExpandInventory] [DominatoR-268544175] increased inventory 1 slots for 57 amount 1000
[01.04.24 17:30:43] [ExpandInventory] [DominatoR-268544175] increased inventory 1 slots for 57 amount 1000
[01.04.24 17:30:43] [ExpandInventory] [DominatoR-268544175] increased inventory 1 slots for 57 amount 1000
[01.04.24 17:30:43] [ExpandInventory] [DominatoR-268544175] increased inventory 1 slots for 57 amount 1000
[01.04.24 17:30:43] [ExpandInventory] [DominatoR-268544175] increased inventory 1 slots for 57 amount 1000
[01.04.24 17:30:43] [ExpandInventory] [DominatoR-268544175] increased inventory 1 slots for 57 amount 1000
[01.04.24 17:30:43] [ExpandInventory] [DominatoR-268544175] increased inventory 1 slots for 57 amount 1000
