[06.08.24 00:03:22] [TitleColor] [ADMTKD-268541639] change title color on 10528257 for 57 amount 107
[06.08.24 00:03:29] [NickColor] [ADMTKD-268541639] change nick color on 10528257 for 57 amount 107
[06.08.24 02:03:51] [ExpandInventory] [ElfDagger-268544784] increased inventory 1 slots for 57 amount 1000
[06.08.24 02:03:51] [ExpandInventory] [ElfDagger-268544784] increased inventory 1 slots for 57 amount 1000
[06.08.24 02:03:52] [ExpandInventory] [ElfDagger-268544784] increased inventory 1 slots for 57 amount 1000
[06.08.24 02:03:52] [ExpandInventory] [ElfDagger-268544784] increased inventory 1 slots for 57 amount 1000
[06.08.24 02:03:53] [ExpandInventory] [ElfDagger-268544784] increased inventory 1 slots for 57 amount 1000
[06.08.24 02:03:53] [ExpandInventory] [ElfDagger-268544784] increased inventory 1 slots for 57 amount 1000
[06.08.24 02:03:53] [ExpandInventory] [ElfDagger-268544784] increased inventory 1 slots for 57 amount 1000
[06.08.24 02:03:54] [ExpandInventory] [ElfDagger-268544784] increased inventory 1 slots for 57 amount 1000
[06.08.24 02:03:54] [ExpandInventory] [ElfDagger-268544784] increased inventory 1 slots for 57 amount 1000
[06.08.24 02:03:54] [ExpandInventory] [ElfDagger-268544784] increased inventory 1 slots for 57 amount 1000
[06.08.24 02:03:55] [ExpandInventory] [ElfDagger-268544784] increased inventory 1 slots for 57 amount 1000
[06.08.24 02:03:55] [ExpandInventory] [ElfDagger-268544784] increased inventory 1 slots for 57 amount 1000
[06.08.24 02:03:58] [ExpandInventory] [ElfDagger-268544784] increased inventory 1 slots for 57 amount 1000
[06.08.24 02:03:59] [ExpandInventory] [ElfDagger-268544784] increased inventory 1 slots for 57 amount 1000
[06.08.24 02:03:59] [ExpandInventory] [ElfDagger-268544784] increased inventory 1 slots for 57 amount 1000
[06.08.24 02:03:59] [ExpandInventory] [ElfDagger-268544784] increased inventory 1 slots for 57 amount 1000
[06.08.24 02:04:00] [ExpandInventory] [ElfDagger-268544784] increased inventory 1 slots for 57 amount 1000
[06.08.24 02:04:00] [ExpandInventory] [ElfDagger-268544784] increased inventory 1 slots for 57 amount 1000
[06.08.24 02:04:00] [ExpandInventory] [ElfDagger-268544784] increased inventory 1 slots for 57 amount 1000
[06.08.24 02:04:00] [ExpandInventory] [ElfDagger-268544784] increased inventory 1 slots for 57 amount 1000
[06.08.24 02:04:01] [ExpandInventory] [ElfDagger-268544784] increased inventory 1 slots for 57 amount 1000
[06.08.24 02:04:01] [ExpandInventory] [ElfDagger-268544784] increased inventory 1 slots for 57 amount 1000
[06.08.24 02:04:01] [ExpandInventory] [ElfDagger-268544784] increased inventory 1 slots for 57 amount 1000
[06.08.24 02:04:02] [ExpandInventory] [ElfDagger-268544784] increased inventory 1 slots for 57 amount 1000
[06.08.24 02:04:02] [ExpandInventory] [ElfDagger-268544784] increased inventory 1 slots for 57 amount 1000
[06.08.24 02:04:02] [ExpandInventory] [ElfDagger-268544784] increased inventory 1 slots for 57 amount 1000
[06.08.24 02:04:03] [ExpandInventory] [ElfDagger-268544784] increased inventory 1 slots for 57 amount 1000
[06.08.24 02:04:03] [ExpandInventory] [ElfDagger-268544784] increased inventory 1 slots for 57 amount 1000
[06.08.24 02:04:03] [ExpandInventory] [ElfDagger-268544784] increased inventory 1 slots for 57 amount 1000
[06.08.24 02:04:04] [ExpandInventory] [ElfDagger-268544784] increased inventory 1 slots for 57 amount 1000
[06.08.24 02:04:04] [ExpandInventory] [ElfDagger-268544784] increased inventory 1 slots for 57 amount 1000
[06.08.24 02:04:04] [ExpandInventory] [ElfDagger-268544784] increased inventory 1 slots for 57 amount 1000
[06.08.24 02:04:04] [ExpandInventory] [ElfDagger-268544784] increased inventory 1 slots for 57 amount 1000
[06.08.24 02:04:05] [ExpandInventory] [ElfDagger-268544784] increased inventory 1 slots for 57 amount 1000
[06.08.24 02:04:05] [ExpandInventory] [ElfDagger-268544784] increased inventory 1 slots for 57 amount 1000
[06.08.24 02:04:05] [ExpandInventory] [ElfDagger-268544784] increased inventory 1 slots for 57 amount 1000
[06.08.24 02:04:06] [ExpandInventory] [ElfDagger-268544784] increased inventory 1 slots for 57 amount 1000
[06.08.24 02:04:06] [ExpandInventory] [ElfDagger-268544784] increased inventory 1 slots for 57 amount 1000
[06.08.24 02:04:06] [ExpandInventory] [ElfDagger-268544784] increased inventory 1 slots for 57 amount 1000
[06.08.24 02:04:07] [ExpandInventory] [ElfDagger-268544784] increased inventory 1 slots for 57 amount 1000
[06.08.24 02:04:07] [ExpandInventory] [ElfDagger-268544784] increased inventory 1 slots for 57 amount 1000
[06.08.24 02:04:07] [ExpandInventory] [ElfDagger-268544784] increased inventory 1 slots for 57 amount 1000
[06.08.24 02:04:08] [ExpandInventory] [ElfDagger-268544784] increased inventory 1 slots for 57 amount 1000
[06.08.24 02:04:09] [ExpandInventory] [ElfDagger-268544784] increased inventory 1 slots for 57 amount 1000
[06.08.24 02:04:09] [ExpandInventory] [ElfDagger-268544784] increased inventory 1 slots for 57 amount 1000
[06.08.24 02:04:10] [ExpandInventory] [ElfDagger-268544784] increased inventory 1 slots for 57 amount 1000
[06.08.24 02:04:10] [ExpandInventory] [ElfDagger-268544784] increased inventory 1 slots for 57 amount 1000
[06.08.24 02:04:10] [ExpandInventory] [ElfDagger-268544784] increased inventory 1 slots for 57 amount 1000
[06.08.24 02:04:10] [ExpandInventory] [ElfDagger-268544784] increased inventory 1 slots for 57 amount 1000
[06.08.24 02:04:10] [ExpandInventory] [ElfDagger-268544784] increased inventory 1 slots for 57 amount 1000
[06.08.24 02:04:11] [ExpandInventory] [ElfDagger-268544784] increased inventory 1 slots for 57 amount 1000
[06.08.24 02:04:11] [ExpandInventory] [ElfDagger-268544784] increased inventory 1 slots for 57 amount 1000
[06.08.24 02:04:11] [ExpandInventory] [ElfDagger-268544784] increased inventory 1 slots for 57 amount 1000
[06.08.24 02:04:11] [ExpandInventory] [ElfDagger-268544784] increased inventory 1 slots for 57 amount 1000
[06.08.24 02:04:12] [ExpandInventory] [ElfDagger-268544784] increased inventory 1 slots for 57 amount 1000
[06.08.24 02:04:12] [ExpandInventory] [ElfDagger-268544784] increased inventory 1 slots for 57 amount 1000
[06.08.24 02:04:12] [ExpandInventory] [ElfDagger-268544784] increased inventory 1 slots for 57 amount 1000
[06.08.24 02:04:12] [ExpandInventory] [ElfDagger-268544784] increased inventory 1 slots for 57 amount 1000
[06.08.24 02:04:13] [ExpandInventory] [ElfDagger-268544784] increased inventory 1 slots for 57 amount 1000
[06.08.24 02:04:13] [ExpandInventory] [ElfDagger-268544784] increased inventory 1 slots for 57 amount 1000
[06.08.24 02:04:13] [ExpandInventory] [ElfDagger-268544784] increased inventory 1 slots for 57 amount 1000
[06.08.24 02:04:13] [ExpandInventory] [ElfDagger-268544784] increased inventory 1 slots for 57 amount 1000
[06.08.24 02:04:13] [ExpandInventory] [ElfDagger-268544784] increased inventory 1 slots for 57 amount 1000
[06.08.24 02:04:14] [ExpandInventory] [ElfDagger-268544784] increased inventory 1 slots for 57 amount 1000
[06.08.24 02:04:14] [ExpandInventory] [ElfDagger-268544784] increased inventory 1 slots for 57 amount 1000
[06.08.24 02:04:14] [ExpandInventory] [ElfDagger-268544784] increased inventory 1 slots for 57 amount 1000
[06.08.24 02:04:14] [ExpandInventory] [ElfDagger-268544784] increased inventory 1 slots for 57 amount 1000
[06.08.24 02:04:15] [ExpandInventory] [ElfDagger-268544784] increased inventory 1 slots for 57 amount 1000
[06.08.24 02:04:15] [ExpandInventory] [ElfDagger-268544784] increased inventory 1 slots for 57 amount 1000
[06.08.24 02:04:15] [ExpandInventory] [ElfDagger-268544784] increased inventory 1 slots for 57 amount 1000
[06.08.24 02:04:15] [ExpandInventory] [ElfDagger-268544784] increased inventory 1 slots for 57 amount 1000
[06.08.24 02:04:15] [ExpandInventory] [ElfDagger-268544784] increased inventory 1 slots for 57 amount 1000
[06.08.24 02:04:16] [ExpandInventory] [ElfDagger-268544784] increased inventory 1 slots for 57 amount 1000
[06.08.24 02:04:16] [ExpandInventory] [ElfDagger-268544784] increased inventory 1 slots for 57 amount 1000
[06.08.24 02:04:16] [ExpandInventory] [ElfDagger-268544784] increased inventory 1 slots for 57 amount 1000
[06.08.24 02:04:16] [ExpandInventory] [ElfDagger-268544784] increased inventory 1 slots for 57 amount 1000
[06.08.24 02:04:16] [ExpandInventory] [ElfDagger-268544784] increased inventory 1 slots for 57 amount 1000
[06.08.24 02:04:17] [ExpandInventory] [ElfDagger-268544784] increased inventory 1 slots for 57 amount 1000
[06.08.24 02:04:17] [ExpandInventory] [ElfDagger-268544784] increased inventory 1 slots for 57 amount 1000
[06.08.24 02:04:17] [ExpandInventory] [ElfDagger-268544784] increased inventory 1 slots for 57 amount 1000
[06.08.24 02:04:17] [ExpandInventory] [ElfDagger-268544784] increased inventory 1 slots for 57 amount 1000
[06.08.24 02:04:17] [ExpandInventory] [ElfDagger-268544784] increased inventory 1 slots for 57 amount 1000
[06.08.24 02:04:18] [ExpandInventory] [ElfDagger-268544784] increased inventory 1 slots for 57 amount 1000
[06.08.24 02:04:18] [ExpandInventory] [ElfDagger-268544784] increased inventory 1 slots for 57 amount 1000
[06.08.24 02:04:18] [ExpandInventory] [ElfDagger-268544784] increased inventory 1 slots for 57 amount 1000
[06.08.24 02:04:23] [ExpandInventory] [ElfDagger-268544784] increased inventory 1 slots for 57 amount 1000
[06.08.24 02:04:23] [ExpandInventory] [ElfDagger-268544784] increased inventory 1 slots for 57 amount 1000
[06.08.24 02:04:24] [ExpandInventory] [ElfDagger-268544784] increased inventory 1 slots for 57 amount 1000
[06.08.24 02:04:24] [ExpandInventory] [ElfDagger-268544784] increased inventory 1 slots for 57 amount 1000
[06.08.24 02:04:24] [ExpandInventory] [ElfDagger-268544784] increased inventory 1 slots for 57 amount 1000
[06.08.24 02:04:24] [ExpandInventory] [ElfDagger-268544784] increased inventory 1 slots for 57 amount 1000
[06.08.24 02:04:24] [ExpandInventory] [ElfDagger-268544784] increased inventory 1 slots for 57 amount 1000
[06.08.24 02:04:25] [ExpandInventory] [ElfDagger-268544784] increased inventory 1 slots for 57 amount 1000
[06.08.24 02:04:25] [ExpandInventory] [ElfDagger-268544784] increased inventory 1 slots for 57 amount 1000
[06.08.24 02:04:25] [ExpandInventory] [ElfDagger-268544784] increased inventory 1 slots for 57 amount 1000
[06.08.24 02:04:25] [ExpandInventory] [ElfDagger-268544784] increased inventory 1 slots for 57 amount 1000
[06.08.24 02:04:26] [ExpandInventory] [ElfDagger-268544784] increased inventory 1 slots for 57 amount 1000
[06.08.24 02:04:26] [ExpandInventory] [ElfDagger-268544784] increased inventory 1 slots for 57 amount 1000
[06.08.24 02:04:26] [ExpandInventory] [ElfDagger-268544784] increased inventory 1 slots for 57 amount 1000
[06.08.24 02:04:26] [ExpandInventory] [ElfDagger-268544784] increased inventory 1 slots for 57 amount 1000
[06.08.24 02:04:26] [ExpandInventory] [ElfDagger-268544784] increased inventory 1 slots for 57 amount 1000
[06.08.24 02:04:27] [ExpandInventory] [ElfDagger-268544784] increased inventory 1 slots for 57 amount 1000
[06.08.24 02:04:27] [ExpandInventory] [ElfDagger-268544784] increased inventory 1 slots for 57 amount 1000
[06.08.24 02:04:27] [ExpandInventory] [ElfDagger-268544784] increased inventory 1 slots for 57 amount 1000
[06.08.24 02:04:27] [ExpandInventory] [ElfDagger-268544784] increased inventory 1 slots for 57 amount 1000
[06.08.24 02:04:27] [ExpandInventory] [ElfDagger-268544784] increased inventory 1 slots for 57 amount 1000
[06.08.24 02:04:28] [ExpandInventory] [ElfDagger-268544784] increased inventory 1 slots for 57 amount 1000
[06.08.24 02:04:28] [ExpandInventory] [ElfDagger-268544784] increased inventory 1 slots for 57 amount 1000
[06.08.24 02:04:28] [ExpandInventory] [ElfDagger-268544784] increased inventory 1 slots for 57 amount 1000
[06.08.24 02:04:28] [ExpandInventory] [ElfDagger-268544784] increased inventory 1 slots for 57 amount 1000
[06.08.24 02:04:28] [ExpandInventory] [ElfDagger-268544784] increased inventory 1 slots for 57 amount 1000
[06.08.24 02:04:29] [ExpandInventory] [ElfDagger-268544784] increased inventory 1 slots for 57 amount 1000
[06.08.24 02:04:29] [ExpandInventory] [ElfDagger-268544784] increased inventory 1 slots for 57 amount 1000
[06.08.24 02:04:29] [ExpandInventory] [ElfDagger-268544784] increased inventory 1 slots for 57 amount 1000
[06.08.24 02:04:29] [ExpandInventory] [ElfDagger-268544784] increased inventory 1 slots for 57 amount 1000
[06.08.24 02:04:29] [ExpandInventory] [ElfDagger-268544784] increased inventory 1 slots for 57 amount 1000
[06.08.24 02:04:30] [ExpandInventory] [ElfDagger-268544784] increased inventory 1 slots for 57 amount 1000
[06.08.24 02:04:30] [ExpandInventory] [ElfDagger-268544784] increased inventory 1 slots for 57 amount 1000
[06.08.24 02:04:30] [ExpandInventory] [ElfDagger-268544784] increased inventory 1 slots for 57 amount 1000
[06.08.24 02:04:30] [ExpandInventory] [ElfDagger-268544784] increased inventory 1 slots for 57 amount 1000
[06.08.24 02:04:37] [ExpandInventory] [ElfDagger-268544784] increased inventory 1 slots for 57 amount 1000
[06.08.24 02:04:37] [ExpandInventory] [ElfDagger-268544784] increased inventory 1 slots for 57 amount 1000
[06.08.24 02:04:38] [ExpandInventory] [ElfDagger-268544784] increased inventory 1 slots for 57 amount 1000
[06.08.24 02:04:38] [ExpandInventory] [ElfDagger-268544784] increased inventory 1 slots for 57 amount 1000
[06.08.24 02:04:38] [ExpandInventory] [ElfDagger-268544784] increased inventory 1 slots for 57 amount 1000
[06.08.24 02:04:39] [ExpandInventory] [ElfDagger-268544784] increased inventory 1 slots for 57 amount 1000
[06.08.24 02:04:39] [ExpandInventory] [ElfDagger-268544784] increased inventory 1 slots for 57 amount 1000
[06.08.24 02:04:39] [ExpandInventory] [ElfDagger-268544784] increased inventory 1 slots for 57 amount 1000
[06.08.24 02:04:39] [ExpandInventory] [ElfDagger-268544784] increased inventory 1 slots for 57 amount 1000
[06.08.24 02:04:40] [ExpandInventory] [ElfDagger-268544784] increased inventory 1 slots for 57 amount 1000
[06.08.24 02:04:40] [ExpandInventory] [ElfDagger-268544784] increased inventory 1 slots for 57 amount 1000
[06.08.24 02:04:40] [ExpandInventory] [ElfDagger-268544784] increased inventory 1 slots for 57 amount 1000
[06.08.24 02:04:40] [ExpandInventory] [ElfDagger-268544784] increased inventory 1 slots for 57 amount 1000
[06.08.24 02:04:41] [ExpandInventory] [ElfDagger-268544784] increased inventory 1 slots for 57 amount 1000
[06.08.24 02:04:41] [ExpandInventory] [ElfDagger-268544784] increased inventory 1 slots for 57 amount 1000
[06.08.24 02:04:41] [ExpandInventory] [ElfDagger-268544784] increased inventory 1 slots for 57 amount 1000
[06.08.24 02:04:42] [ExpandInventory] [ElfDagger-268544784] increased inventory 1 slots for 57 amount 1000
[06.08.24 02:04:42] [ExpandInventory] [ElfDagger-268544784] increased inventory 1 slots for 57 amount 1000
[06.08.24 02:04:42] [ExpandInventory] [ElfDagger-268544784] increased inventory 1 slots for 57 amount 1000
[06.08.24 02:04:42] [ExpandInventory] [ElfDagger-268544784] increased inventory 1 slots for 57 amount 1000
[06.08.24 02:04:42] [ExpandInventory] [ElfDagger-268544784] increased inventory 1 slots for 57 amount 1000
[06.08.24 02:04:43] [ExpandInventory] [ElfDagger-268544784] increased inventory 1 slots for 57 amount 1000
[06.08.24 02:04:43] [ExpandInventory] [ElfDagger-268544784] increased inventory 1 slots for 57 amount 1000
[06.08.24 02:04:43] [ExpandInventory] [ElfDagger-268544784] increased inventory 1 slots for 57 amount 1000
[06.08.24 02:04:43] [ExpandInventory] [ElfDagger-268544784] increased inventory 1 slots for 57 amount 1000
[06.08.24 02:04:44] [ExpandInventory] [ElfDagger-268544784] increased inventory 1 slots for 57 amount 1000
[06.08.24 02:04:44] [ExpandInventory] [ElfDagger-268544784] increased inventory 1 slots for 57 amount 1000
[06.08.24 02:04:44] [ExpandInventory] [ElfDagger-268544784] increased inventory 1 slots for 57 amount 1000
[06.08.24 02:04:44] [ExpandInventory] [ElfDagger-268544784] increased inventory 1 slots for 57 amount 1000
[06.08.24 02:04:44] [ExpandInventory] [ElfDagger-268544784] increased inventory 1 slots for 57 amount 1000
[06.08.24 02:04:45] [ExpandInventory] [ElfDagger-268544784] increased inventory 1 slots for 57 amount 1000
[06.08.24 02:04:45] [ExpandInventory] [ElfDagger-268544784] increased inventory 1 slots for 57 amount 1000
[06.08.24 02:04:45] [ExpandInventory] [ElfDagger-268544784] increased inventory 1 slots for 57 amount 1000
[06.08.24 02:04:45] [ExpandInventory] [ElfDagger-268544784] increased inventory 1 slots for 57 amount 1000
[06.08.24 02:04:45] [ExpandInventory] [ElfDagger-268544784] increased inventory 1 slots for 57 amount 1000
[06.08.24 02:04:46] [ExpandInventory] [ElfDagger-268544784] increased inventory 1 slots for 57 amount 1000
[06.08.24 02:04:46] [ExpandInventory] [ElfDagger-268544784] increased inventory 1 slots for 57 amount 1000
[06.08.24 02:04:46] [ExpandInventory] [ElfDagger-268544784] increased inventory 1 slots for 57 amount 1000
[06.08.24 02:04:46] [ExpandInventory] [ElfDagger-268544784] increased inventory 1 slots for 57 amount 1000
[06.08.24 02:04:46] [ExpandInventory] [ElfDagger-268544784] increased inventory 1 slots for 57 amount 1000
[06.08.24 02:04:47] [ExpandInventory] [ElfDagger-268544784] increased inventory 1 slots for 57 amount 1000
[06.08.24 02:04:47] [ExpandInventory] [ElfDagger-268544784] increased inventory 1 slots for 57 amount 1000
[06.08.24 02:04:47] [ExpandInventory] [ElfDagger-268544784] increased inventory 1 slots for 57 amount 1000
[06.08.24 02:04:47] [ExpandInventory] [ElfDagger-268544784] increased inventory 1 slots for 57 amount 1000
[06.08.24 02:04:47] [ExpandInventory] [ElfDagger-268544784] increased inventory 1 slots for 57 amount 1000
[06.08.24 02:04:48] [ExpandInventory] [ElfDagger-268544784] increased inventory 1 slots for 57 amount 1000
[06.08.24 02:04:48] [ExpandInventory] [ElfDagger-268544784] increased inventory 1 slots for 57 amount 1000
[06.08.24 02:04:48] [ExpandInventory] [ElfDagger-268544784] increased inventory 1 slots for 57 amount 1000
[06.08.24 02:04:48] [ExpandInventory] [ElfDagger-268544784] increased inventory 1 slots for 57 amount 1000
[06.08.24 02:04:48] [ExpandInventory] [ElfDagger-268544784] increased inventory 1 slots for 57 amount 1000
[06.08.24 02:06:29] [TitleColor] [ElfDagger-268544784] change title color on 8145404 for 57 amount 102
[06.08.24 02:06:35] [NickColor] [ElfDagger-268544784] change nick color on 8145404 for 57 amount 102
[06.08.24 02:11:34] [NpcClassMaster] [ElfDagger-268544784]  got a classId elven_scout
[06.08.24 02:11:40] [NpcClassMaster] [ElfDagger-268544784]  got a classId plain_walker
[06.08.24 18:44:34] [NpcClassMaster] [Ozzy-268544219]  got a classId rogue
[06.08.24 18:50:43] [NpcClassMaster] [Obrabo-268544195]  got a classId orc_raider
[06.08.24 18:56:32] [NpcClassMaster] [DarkAngel-268544354]  got a classId dark_wizard
[06.08.24 20:31:58] [NpcClassMaster] [ReiDoAggression-268552329]  got a classId warrior
[06.08.24 20:32:31] [ExpandInventory] [ReiDoAggression-268552329] increased inventory 1 slots for 57 amount 1000
[06.08.24 20:32:31] [ExpandInventory] [ReiDoAggression-268552329] increased inventory 1 slots for 57 amount 1000
[06.08.24 20:32:32] [ExpandInventory] [ReiDoAggression-268552329] increased inventory 1 slots for 57 amount 1000
[06.08.24 20:32:32] [ExpandInventory] [ReiDoAggression-268552329] increased inventory 1 slots for 57 amount 1000
[06.08.24 20:32:33] [ExpandInventory] [ReiDoAggression-268552329] increased inventory 1 slots for 57 amount 1000
[06.08.24 20:32:33] [ExpandInventory] [ReiDoAggression-268552329] increased inventory 1 slots for 57 amount 1000
[06.08.24 20:32:33] [ExpandInventory] [ReiDoAggression-268552329] increased inventory 1 slots for 57 amount 1000
[06.08.24 20:32:34] [ExpandInventory] [ReiDoAggression-268552329] increased inventory 1 slots for 57 amount 1000
[06.08.24 20:32:34] [ExpandInventory] [ReiDoAggression-268552329] increased inventory 1 slots for 57 amount 1000
[06.08.24 20:32:34] [ExpandInventory] [ReiDoAggression-268552329] increased inventory 1 slots for 57 amount 1000
[06.08.24 20:32:35] [ExpandInventory] [ReiDoAggression-268552329] increased inventory 1 slots for 57 amount 1000
[06.08.24 20:32:35] [ExpandInventory] [ReiDoAggression-268552329] increased inventory 1 slots for 57 amount 1000
[06.08.24 20:32:35] [ExpandInventory] [ReiDoAggression-268552329] increased inventory 1 slots for 57 amount 1000
[06.08.24 20:32:36] [ExpandInventory] [ReiDoAggression-268552329] increased inventory 1 slots for 57 amount 1000
[06.08.24 20:32:36] [ExpandInventory] [ReiDoAggression-268552329] increased inventory 1 slots for 57 amount 1000
[06.08.24 20:32:36] [ExpandInventory] [ReiDoAggression-268552329] increased inventory 1 slots for 57 amount 1000
[06.08.24 20:32:37] [ExpandInventory] [ReiDoAggression-268552329] increased inventory 1 slots for 57 amount 1000
[06.08.24 20:32:37] [ExpandInventory] [ReiDoAggression-268552329] increased inventory 1 slots for 57 amount 1000
[06.08.24 20:32:37] [ExpandInventory] [ReiDoAggression-268552329] increased inventory 1 slots for 57 amount 1000
[06.08.24 20:32:38] [ExpandInventory] [ReiDoAggression-268552329] increased inventory 1 slots for 57 amount 1000
[06.08.24 20:32:38] [ExpandInventory] [ReiDoAggression-268552329] increased inventory 1 slots for 57 amount 1000
[06.08.24 20:32:38] [ExpandInventory] [ReiDoAggression-268552329] increased inventory 1 slots for 57 amount 1000
[06.08.24 20:32:39] [ExpandInventory] [ReiDoAggression-268552329] increased inventory 1 slots for 57 amount 1000
[06.08.24 20:32:39] [ExpandInventory] [ReiDoAggression-268552329] increased inventory 1 slots for 57 amount 1000
[06.08.24 20:32:39] [ExpandInventory] [ReiDoAggression-268552329] increased inventory 1 slots for 57 amount 1000
[06.08.24 20:32:40] [ExpandInventory] [ReiDoAggression-268552329] increased inventory 1 slots for 57 amount 1000
[06.08.24 20:32:40] [ExpandInventory] [ReiDoAggression-268552329] increased inventory 1 slots for 57 amount 1000
[06.08.24 20:32:40] [ExpandInventory] [ReiDoAggression-268552329] increased inventory 1 slots for 57 amount 1000
[06.08.24 20:32:41] [ExpandInventory] [ReiDoAggression-268552329] increased inventory 1 slots for 57 amount 1000
[06.08.24 20:32:41] [ExpandInventory] [ReiDoAggression-268552329] increased inventory 1 slots for 57 amount 1000
[06.08.24 20:32:42] [ExpandInventory] [ReiDoAggression-268552329] increased inventory 1 slots for 57 amount 1000
[06.08.24 20:32:42] [ExpandInventory] [ReiDoAggression-268552329] increased inventory 1 slots for 57 amount 1000
[06.08.24 20:32:42] [ExpandInventory] [ReiDoAggression-268552329] increased inventory 1 slots for 57 amount 1000
[06.08.24 20:32:43] [ExpandInventory] [ReiDoAggression-268552329] increased inventory 1 slots for 57 amount 1000
[06.08.24 20:32:43] [ExpandInventory] [ReiDoAggression-268552329] increased inventory 1 slots for 57 amount 1000
[06.08.24 20:32:43] [ExpandInventory] [ReiDoAggression-268552329] increased inventory 1 slots for 57 amount 1000
[06.08.24 20:32:44] [ExpandInventory] [ReiDoAggression-268552329] increased inventory 1 slots for 57 amount 1000
[06.08.24 20:32:44] [ExpandInventory] [ReiDoAggression-268552329] increased inventory 1 slots for 57 amount 1000
[06.08.24 20:32:44] [ExpandInventory] [ReiDoAggression-268552329] increased inventory 1 slots for 57 amount 1000
[06.08.24 20:32:45] [ExpandInventory] [ReiDoAggression-268552329] increased inventory 1 slots for 57 amount 1000
[06.08.24 20:32:45] [ExpandInventory] [ReiDoAggression-268552329] increased inventory 1 slots for 57 amount 1000
[06.08.24 20:32:45] [ExpandInventory] [ReiDoAggression-268552329] increased inventory 1 slots for 57 amount 1000
[06.08.24 20:32:45] [ExpandInventory] [ReiDoAggression-268552329] increased inventory 1 slots for 57 amount 1000
[06.08.24 20:32:46] [ExpandInventory] [ReiDoAggression-268552329] increased inventory 1 slots for 57 amount 1000
[06.08.24 20:32:46] [ExpandInventory] [ReiDoAggression-268552329] increased inventory 1 slots for 57 amount 1000
[06.08.24 20:32:46] [ExpandInventory] [ReiDoAggression-268552329] increased inventory 1 slots for 57 amount 1000
[06.08.24 20:32:46] [ExpandInventory] [ReiDoAggression-268552329] increased inventory 1 slots for 57 amount 1000
[06.08.24 20:32:47] [ExpandInventory] [ReiDoAggression-268552329] increased inventory 1 slots for 57 amount 1000
[06.08.24 20:32:47] [ExpandInventory] [ReiDoAggression-268552329] increased inventory 1 slots for 57 amount 1000
[06.08.24 20:32:47] [ExpandInventory] [ReiDoAggression-268552329] increased inventory 1 slots for 57 amount 1000
[06.08.24 20:32:48] [ExpandInventory] [ReiDoAggression-268552329] increased inventory 1 slots for 57 amount 1000
[06.08.24 20:32:48] [ExpandInventory] [ReiDoAggression-268552329] increased inventory 1 slots for 57 amount 1000
[06.08.24 20:32:48] [ExpandInventory] [ReiDoAggression-268552329] increased inventory 1 slots for 57 amount 1000
[06.08.24 20:32:48] [ExpandInventory] [ReiDoAggression-268552329] increased inventory 1 slots for 57 amount 1000
[06.08.24 20:32:49] [ExpandInventory] [ReiDoAggression-268552329] increased inventory 1 slots for 57 amount 1000
[06.08.24 20:32:49] [ExpandInventory] [ReiDoAggression-268552329] increased inventory 1 slots for 57 amount 1000
[06.08.24 20:32:49] [ExpandInventory] [ReiDoAggression-268552329] increased inventory 1 slots for 57 amount 1000
[06.08.24 20:32:49] [ExpandInventory] [ReiDoAggression-268552329] increased inventory 1 slots for 57 amount 1000
[06.08.24 20:32:50] [ExpandInventory] [ReiDoAggression-268552329] increased inventory 1 slots for 57 amount 1000
[06.08.24 20:32:50] [ExpandInventory] [ReiDoAggression-268552329] increased inventory 1 slots for 57 amount 1000
[06.08.24 20:32:50] [ExpandInventory] [ReiDoAggression-268552329] increased inventory 1 slots for 57 amount 1000
[06.08.24 20:32:50] [ExpandInventory] [ReiDoAggression-268552329] increased inventory 1 slots for 57 amount 1000
[06.08.24 20:32:50] [ExpandInventory] [ReiDoAggression-268552329] increased inventory 1 slots for 57 amount 1000
[06.08.24 20:32:51] [ExpandInventory] [ReiDoAggression-268552329] increased inventory 1 slots for 57 amount 1000
[06.08.24 20:32:51] [ExpandInventory] [ReiDoAggression-268552329] increased inventory 1 slots for 57 amount 1000
[06.08.24 20:32:51] [ExpandInventory] [ReiDoAggression-268552329] increased inventory 1 slots for 57 amount 1000
[06.08.24 20:32:51] [ExpandInventory] [ReiDoAggression-268552329] increased inventory 1 slots for 57 amount 1000
[06.08.24 20:32:51] [ExpandInventory] [ReiDoAggression-268552329] increased inventory 1 slots for 57 amount 1000
[06.08.24 20:32:52] [ExpandInventory] [ReiDoAggression-268552329] increased inventory 1 slots for 57 amount 1000
[06.08.24 20:32:52] [ExpandInventory] [ReiDoAggression-268552329] increased inventory 1 slots for 57 amount 1000
[06.08.24 20:32:52] [ExpandInventory] [ReiDoAggression-268552329] increased inventory 1 slots for 57 amount 1000
[06.08.24 20:32:52] [ExpandInventory] [ReiDoAggression-268552329] increased inventory 1 slots for 57 amount 1000
[06.08.24 20:32:52] [ExpandInventory] [ReiDoAggression-268552329] increased inventory 1 slots for 57 amount 1000
