[03.04.24 03:49:45] [Levelup] [DUQUE-268544274] Levelup on - 1 and old level - 10 bought for 57 amount 1000
[03.04.24 03:49:47] [Levelup] [DUQUE-268544274] Levelup on - 1 and old level - 11 bought for 57 amount 1000
[03.04.24 03:49:48] [Levelup] [DUQUE-268544274] Levelup on - 1 and old level - 12 bought for 57 amount 1000
[03.04.24 03:49:49] [Levelup] [DUQUE-268544274] Levelup on - 1 and old level - 13 bought for 57 amount 1000
[03.04.24 03:49:50] [Levelup] [DUQUE-268544274] Levelup on - 1 and old level - 14 bought for 57 amount 1000
[03.04.24 03:49:52] [Levelup] [DUQUE-268544274] Levelup on - 1 and old level - 15 bought for 57 amount 1000
[03.04.24 03:49:53] [Levelup] [DUQUE-268544274] Levelup on - 1 and old level - 16 bought for 57 amount 1000
[03.04.24 03:49:54] [Levelup] [DUQUE-268544274] Levelup on - 1 and old level - 17 bought for 57 amount 1000
[03.04.24 03:49:54] [Levelup] [DUQUE-268544274] Levelup on - 1 and old level - 18 bought for 57 amount 1000
[03.04.24 03:49:55] [Levelup] [DUQUE-268544274] Levelup on - 1 and old level - 19 bought for 57 amount 1000
[03.04.24 03:49:56] [Levelup] [DUQUE-268544274] Levelup on - 1 and old level - 20 bought for 57 amount 1000
[03.04.24 03:49:56] [Levelup] [DUQUE-268544274] Levelup on - 1 and old level - 21 bought for 57 amount 1000
[03.04.24 03:49:57] [Levelup] [DUQUE-268544274] Levelup on - 1 and old level - 22 bought for 57 amount 1000
[03.04.24 03:49:58] [Levelup] [DUQUE-268544274] Levelup on - 1 and old level - 23 bought for 57 amount 1000
[03.04.24 03:50:06] [Levelup] [DUQUE-268544274] Levelup on - 1 and old level - 24 bought for 57 amount 1000
[03.04.24 03:50:08] [Levelup] [DUQUE-268544274] Levelup on - 1 and old level - 25 bought for 57 amount 1000
[03.04.24 03:50:09] [Levelup] [DUQUE-268544274] Levelup on - 1 and old level - 26 bought for 57 amount 1000
[03.04.24 03:50:10] [Levelup] [DUQUE-268544274] Levelup on - 1 and old level - 27 bought for 57 amount 1000
[03.04.24 03:50:11] [Levelup] [DUQUE-268544274] Levelup on - 1 and old level - 28 bought for 57 amount 1000
[03.04.24 03:50:12] [Levelup] [DUQUE-268544274] Levelup on - 1 and old level - 29 bought for 57 amount 1000
[03.04.24 03:50:13] [Levelup] [DUQUE-268544274] Levelup on - 1 and old level - 30 bought for 57 amount 1000
[03.04.24 03:50:13] [Levelup] [DUQUE-268544274] Levelup on - 1 and old level - 31 bought for 57 amount 1000
[03.04.24 03:50:14] [Levelup] [DUQUE-268544274] Levelup on - 1 and old level - 32 bought for 57 amount 1000
[03.04.24 03:50:15] [Levelup] [DUQUE-268544274] Levelup on - 1 and old level - 33 bought for 57 amount 1000
[03.04.24 03:50:16] [Levelup] [DUQUE-268544274] Levelup on - 1 and old level - 34 bought for 57 amount 1000
[03.04.24 03:50:18] [Levelup] [DUQUE-268544274] Levelup on - 1 and old level - 35 bought for 57 amount 1000
[03.04.24 03:50:19] [Levelup] [DUQUE-268544274] Levelup on - 1 and old level - 36 bought for 57 amount 1000
[03.04.24 03:50:20] [Levelup] [DUQUE-268544274] Levelup on - 1 and old level - 37 bought for 57 amount 1000
[03.04.24 03:50:21] [Levelup] [DUQUE-268544274] Levelup on - 1 and old level - 38 bought for 57 amount 1000
[03.04.24 03:50:22] [Levelup] [DUQUE-268544274] Levelup on - 1 and old level - 39 bought for 57 amount 1000
[03.04.24 03:50:23] [Levelup] [DUQUE-268544274] Levelup on - 1 and old level - 40 bought for 57 amount 1000
[03.04.24 03:50:24] [Levelup] [DUQUE-268544274] Levelup on - 1 and old level - 41 bought for 57 amount 1000
[03.04.24 03:50:24] [Levelup] [DUQUE-268544274] Levelup on - 1 and old level - 42 bought for 57 amount 1000
[03.04.24 03:50:27] [Levelup] [DUQUE-268544274] Levelup on - 1 and old level - 43 bought for 57 amount 1000
[03.04.24 03:50:28] [Levelup] [DUQUE-268544274] Levelup on - 1 and old level - 44 bought for 57 amount 1000
[03.04.24 03:50:29] [Levelup] [DUQUE-268544274] Levelup on - 1 and old level - 45 bought for 57 amount 1000
[03.04.24 03:50:29] [Levelup] [DUQUE-268544274] Levelup on - 1 and old level - 46 bought for 57 amount 1000
[03.04.24 03:50:30] [Levelup] [DUQUE-268544274] Levelup on - 1 and old level - 47 bought for 57 amount 1000
[03.04.24 03:50:32] [Levelup] [DUQUE-268544274] Levelup on - 1 and old level - 48 bought for 57 amount 1000
[03.04.24 03:50:33] [Levelup] [DUQUE-268544274] Levelup on - 1 and old level - 49 bought for 57 amount 1000
[03.04.24 03:50:34] [Levelup] [DUQUE-268544274] Levelup on - 1 and old level - 50 bought for 57 amount 1000
[03.04.24 03:50:35] [Levelup] [DUQUE-268544274] Levelup on - 1 and old level - 51 bought for 57 amount 1000
[03.04.24 03:50:36] [Levelup] [DUQUE-268544274] Levelup on - 1 and old level - 52 bought for 57 amount 1000
[03.04.24 03:50:37] [Levelup] [DUQUE-268544274] Levelup on - 1 and old level - 53 bought for 57 amount 1000
[03.04.24 03:50:38] [Levelup] [DUQUE-268544274] Levelup on - 1 and old level - 54 bought for 57 amount 1000
[03.04.24 03:50:39] [Levelup] [DUQUE-268544274] Levelup on - 1 and old level - 55 bought for 57 amount 1000
[03.04.24 03:50:39] [Levelup] [DUQUE-268544274] Levelup on - 1 and old level - 56 bought for 57 amount 1000
[03.04.24 03:50:40] [Levelup] [DUQUE-268544274] Levelup on - 1 and old level - 57 bought for 57 amount 1000
[03.04.24 03:50:41] [Levelup] [DUQUE-268544274] Levelup on - 1 and old level - 58 bought for 57 amount 1000
[03.04.24 03:50:42] [Levelup] [DUQUE-268544274] Levelup on - 1 and old level - 59 bought for 57 amount 1000
[03.04.24 03:50:43] [Levelup] [DUQUE-268544274] Levelup on - 1 and old level - 60 bought for 57 amount 1000
[03.04.24 03:50:43] [Levelup] [DUQUE-268544274] Levelup on - 1 and old level - 61 bought for 57 amount 1000
[03.04.24 03:50:45] [Levelup] [DUQUE-268544274] Levelup on - 1 and old level - 62 bought for 57 amount 1000
[03.04.24 03:50:46] [Levelup] [DUQUE-268544274] Levelup on - 1 and old level - 63 bought for 57 amount 1000
[03.04.24 03:50:47] [Levelup] [DUQUE-268544274] Levelup on - 1 and old level - 64 bought for 57 amount 1000
[03.04.24 03:50:48] [Levelup] [DUQUE-268544274] Levelup on - 1 and old level - 65 bought for 57 amount 1000
[03.04.24 03:50:49] [Levelup] [DUQUE-268544274] Levelup on - 1 and old level - 66 bought for 57 amount 1000
[03.04.24 03:50:50] [Levelup] [DUQUE-268544274] Levelup on - 1 and old level - 67 bought for 57 amount 1000
[03.04.24 03:50:50] [Levelup] [DUQUE-268544274] Levelup on - 1 and old level - 68 bought for 57 amount 1000
[03.04.24 03:50:52] [Levelup] [DUQUE-268544274] Levelup on - 1 and old level - 69 bought for 57 amount 1000
[03.04.24 03:50:53] [Levelup] [DUQUE-268544274] Levelup on - 1 and old level - 70 bought for 57 amount 1000
[03.04.24 03:50:54] [Levelup] [DUQUE-268544274] Levelup on - 1 and old level - 71 bought for 57 amount 1000
[03.04.24 03:50:55] [Levelup] [DUQUE-268544274] Levelup on - 1 and old level - 72 bought for 57 amount 1000
[03.04.24 03:50:56] [Levelup] [DUQUE-268544274] Levelup on - 1 and old level - 73 bought for 57 amount 1000
[03.04.24 03:50:56] [Levelup] [DUQUE-268544274] Levelup on - 1 and old level - 74 bought for 57 amount 1000
[03.04.24 03:50:57] [Levelup] [DUQUE-268544274] Levelup on - 1 and old level - 75 bought for 57 amount 1000
[03.04.24 03:50:58] [Levelup] [DUQUE-268544274] Levelup on - 1 and old level - 76 bought for 57 amount 1000
[03.04.24 03:55:04] [NpcClassMaster] [DUQUE-268544274]  got a classId assasin
[03.04.24 03:55:27] [NpcClassMaster] [DUQUE-268544274]  got a classId abyss_walker
[03.04.24 03:55:33] [NpcClassMaster] [DUQUE-268544274]  got a classId ghost_hunter
[03.04.24 04:10:03] [Levelup] [DUQUE-268544274] Levelup on - 1 and old level - 76 bought for 57 amount 1000
[03.04.24 04:10:04] [Levelup] [DUQUE-268544274] Levelup on - 1 and old level - 77 bought for 57 amount 1000
[03.04.24 04:10:06] [Levelup] [DUQUE-268544274] Levelup on - 1 and old level - 78 bought for 57 amount 1000
[03.04.24 04:10:07] [Levelup] [DUQUE-268544274] Levelup on - 1 and old level - 79 bought for 57 amount 1000
[03.04.24 21:32:39] [NpcClassMaster] [tkd2-268544878]  got a classId assasin
[03.04.24 21:32:42] [NpcClassMaster] [tkd2-268544878]  got a classId phantom_ranger
[03.04.24 21:32:44] [NpcClassMaster] [tkd2-268544878]  got a classId ghost_sentinel
